Setting VNC password...
Starting VNC server...

WARNING: i16n3.ocelote.hpc.arizona.edu:1 is taken because of /tmp/.X1-lock
Remove this file if there is no X server i16n3.ocelote.hpc.arizona.edu:1
xauth:  file /home/u8/sdwilson/.Xauthority does not exist

Desktop 'TurboVNC: i16n3.ocelote.hpc.arizona.edu:4 (sdwilson)' started on display i16n3.ocelote.hpc.arizona.edu:4

Log file is vnc.log
Successfully started VNC server on i16n3.ocelote.hpc.arizona.edu:5904...
Script starting...
Waiting for code to start...
+ code --wait --no-sandbox --new-window
Failed to read: session.ignoreBorder
Setting default value
Failed to read: session.forcePseudoTransparency
Setting default value
Failed to read: session.colorsPerChannel
Setting default value
Failed to read: session.doubleClickInterval
Setting default value
Failed to read: session.tabPadding
Setting default value
Failed to read: session.styleOverlay
Setting default value
Failed to read: session.slitlistFile
Setting default value
Failed to read: session.appsFile
Setting default value
Failed to read: session.tabsAttachArea
Setting default value
Failed to read: session.menuSearch
Setting default value
Failed to read: session.cacheLife
Setting default value
Failed to read: session.cacheMax
Setting default value
Failed to read: session.autoRaiseDelay
Setting default value
Failed to read: session.ignoreBorder
Setting default value
Failed to read: session.forcePseudoTransparency
Setting default value
Failed to read: session.colorsPerChannel
Setting default value
Failed to read: session.doubleClickInterval
Setting default value
Failed to read: session.tabPadding
Setting default value
Failed to read: session.styleOverlay
Setting default value
Failed to read: session.slitlistFile
Setting default value
Failed to read: session.appsFile
Setting default value
Failed to read: session.tabsAttachArea
Setting default value
Failed to read: session.menuSearch
Setting default value
Failed to read: session.cacheLife
Setting default value
Failed to read: session.cacheMax
Setting default value
Failed to read: session.autoRaiseDelay
Setting default value
code startup successful 298 seconds before timeout
Starting websocket server...
Failed to read: session.screen0.opaqueMove
Setting default value
Failed to read: session.screen0.fullMaximization
Setting default value
Failed to read: session.screen0.maxIgnoreIncrement
Setting default value
Failed to read: session.screen0.maxDisableMove
Setting default value
Failed to read: session.screen0.maxDisableResize
Setting default value
Failed to read: session.screen0.workspacewarping
Setting default value
Failed to read: session.screen0.showwindowposition
Setting default value
Failed to read: session.screen0.autoRaise
Setting default value
Failed to read: session.screen0.clickRaises
Setting default value
Failed to read: session.screen0.defaultDeco
Setting default value
Failed to read: session.screen0.tab.placement
Setting default value
Failed to read: session.screen0.windowMenu
Setting default value
Failed to read: session.screen0.noFocusWhileTypingDelay
Setting default value
Failed to read: session.screen0.workspaces
Setting default value
Failed to read: session.screen0.edgeSnapThreshold
Setting default value
Failed to read: session.screen0.window.focus.alpha
Setting default value
Failed to read: session.screen0.window.unfocus.alpha
Setting default value
Failed to read: session.screen0.menu.alpha
Setting default value
Failed to read: session.screen0.menuDelay
Setting default value
Failed to read: session.screen0.tab.width
Setting default value
Failed to read: session.screen0.tooltipDelay
Setting default value
Failed to read: session.screen0.allowRemoteActions
Setting default value
Failed to read: session.screen0.clientMenu.usePixmap
Setting default value
Failed to read: session.screen0.tabs.usePixmap
Setting default value
Failed to read: session.screen0.tabs.maxOver
Setting default value
Failed to read: session.screen0.tabs.intitlebar
Setting default value
Failed to read: session.screen0.focusModel
Setting default value
Failed to read: session.screen0.tabFocusModel
Setting default value
Failed to read: session.screen0.focusNewWindows
Setting default value
Failed to read: session.screen0.focusSameHead
Setting default value
Failed to read: session.screen0.rowPlacementDirection
Setting default value
Failed to read: session.screen0.colPlacementDirection
Setting default value
Failed to read: session.screen0.windowPlacement
Setting default value
Failed to read: session.ignoreBorder
Setting default value
Failed to read: session.forcePseudoTransparency
Setting default value
Failed to read: session.colorsPerChannel
Setting default value
Failed to read: session.doubleClickInterval
Setting default value
Failed to read: session.tabPadding
Setting default value
Failed to read: session.styleOverlay
Setting default value
Failed to read: session.slitlistFile
Setting default value
Failed to read: session.appsFile
Setting default value
Failed to read: session.tabsAttachArea
Setting default value
Failed to read: session.menuSearch
Setting default value
Failed to read: session.cacheLife
Setting default value
Failed to read: session.cacheMax
Setting default value
Failed to read: session.autoRaiseDelay
Setting default value
Failed to read: session.screen0.opaqueMove
Setting default value
Failed to read: session.screen0.fullMaximization
Setting default value
Failed to read: session.screen0.maxIgnoreIncrement
Setting default value
Failed to read: session.screen0.maxDisableMove
Setting default value
Failed to read: session.screen0.maxDisableResize
Setting default value
Failed to read: session.screen0.workspacewarping
Setting default value
Failed to read: session.screen0.showwindowposition
Setting default value
Failed to read: session.screen0.autoRaise
Setting default value
Failed to read: session.screen0.clickRaises
Setting default value
Failed to read: session.screen0.defaultDeco
Setting default value
Failed to read: session.screen0.tab.placement
Setting default value
Failed to read: session.screen0.windowMenu
Setting default value
Failed to read: session.screen0.noFocusWhileTypingDelay
Setting default value
Failed to read: session.screen0.workspaces
Setting default value
Failed to read: session.screen0.edgeSnapThreshold
Setting default value
Failed to read: session.screen0.window.focus.alpha
Setting default value
Failed to read: session.screen0.window.unfocus.alpha
Setting default value
Failed to read: session.screen0.menu.alpha
Setting default value
Failed to read: session.screen0.menuDelay
Setting default value
Failed to read: session.screen0.tab.width
Setting default value
Failed to read: session.screen0.tooltipDelay
Setting default value
Failed to read: session.screen0.allowRemoteActions
Setting default value
Failed to read: session.screen0.clientMenu.usePixmap
Setting default value
Failed to read: session.screen0.tabs.usePixmap
Setting default value
Failed to read: session.screen0.tabs.maxOver
Setting default value
Failed to read: session.screen0.tabs.intitlebar
Setting default value
Failed to read: session.screen0.focusModel
Setting default value
Failed to read: session.screen0.tabFocusModel
Setting default value
Failed to read: session.screen0.focusNewWindows
Setting default value
Failed to read: session.screen0.focusSameHead
Setting default value
Failed to read: session.screen0.rowPlacementDirection
Setting default value
Failed to read: session.screen0.colPlacementDirection
Setting default value
Failed to read: session.screen0.windowPlacement
Setting default value
Failed to read: session.screen0.slit.acceptKdeDockapps
Setting default value
Failed to read: session.screen0.slit.autoHide
Setting default value
Failed to read: session.screen0.slit.maxOver
Setting default value
Failed to read: session.screen0.slit.placement
Setting default value
Failed to read: session.screen0.slit.alpha
Setting default value
Failed to read: session.screen0.slit.onhead
Setting default value
Failed to read: session.screen0.slit.layer
Setting default value
Failed to read: session.screen0.toolbar.autoHide
Setting default value
Failed to read: session.screen0.toolbar.maxOver
Setting default value
Failed to read: session.screen0.toolbar.visible
Setting default value
Failed to read: session.screen0.toolbar.widthPercent
Setting default value
Failed to read: session.screen0.toolbar.alpha
Setting default value
Failed to read: session.screen0.toolbar.layer
Setting default value
Failed to read: session.screen0.toolbar.onhead
Setting default value
Failed to read: session.screen0.toolbar.placement
Setting default value
Failed to read: session.screen0.toolbar.height
Setting default value
Failed to read: session.screen0.toolbar.tools
Setting default value
Failed to read: session.screen0.iconbar.mode
Setting default value
Failed to read: session.screen0.iconbar.alignment
Setting default value
Failed to read: session.screen0.iconbar.iconWidth
Setting default value
Failed to read: session.screen0.iconbar.iconTextPadding
Setting default value
Failed to read: session.screen0.iconbar.usePixmap
Setting default value
Failed to read: session.screen0.strftimeFormat
Setting default value
WebSocket server settings:
  - Listen on :36701
  - No SSL/TLS support (no cert file)
  - Backgrounding (daemon)
Scanning VNC log file for user authentications...
Generating connection YAML file...
Failed to read: session.screen0.titlebar.left
Setting default value
Failed to read: session.screen0.titlebar.right
Setting default value
Jan 10 15:15:49.329651 10366 slurmstepd   0x2b2937585700: error: *** JOB 2650463 ON i16n3 CANCELLED AT 2024-01-10T15:15:49 DUE TO TIME LIMIT ***
Detailed performance metrics for this job will be available at https://metrics.hpc.arizona.edu/#job_viewer?action=show&realm=SUPREMM&resource_id=5&local_job_id=2650463 by 8am on 2024/01/11.
