Building case in directory /home/u8/sdwilson/CTSM_SONG/case_run/Omics_soilbgc/1x1pt_WOOD/control4_spinup
sharedlib_only is False
model_only is False
Setting Environment PNetCDF=/opt/ohpc/pub/libs/gnu8/openmpi3/pnetcdf/1.12.0
Setting Environment PNETCDF=/opt/ohpc/pub/libs/gnu8/openmpi3/pnetcdf/1.12.0
Setting Environment PNETCDF_PATH=/opt/ohpc/pub/libs/gnu8/openmpi3/pnetcdf/1.12.0
Setting Environment PNETCDF_BASE=/opt/ohpc/pub/libs/gnu8/openmpi3/pnetcdf/1.12.0
Setting Environment PNETCDF_Fortran_LIBRARY=/opt/ohpc/pub/libs/gnu8/openmpi3/pnetcdf/1.12.0/lib
Setting Environment PNETCDF_Fortran_INCLUDE_DIR=/opt/ohpc/pub/libs/gnu8/openmpi3/pnetcdf/1.12.0/include
Setting Environment OMP_STACKSIZE=256M
Setting Environment NETCDF=/opt/ohpc/pub/libs/gnu8/openmpi3/netcdf/4.7.1
Setting Environment NetCDF=/opt/ohpc/pub/libs/gnu8/openmpi3/netcdf/4.7.1
Setting Environment NETCDF_C_PATH=/opt/ohpc/pub/libs/gnu8/openmpi3/netcdf/4.7.1
Setting Environment NetCDF_C_PATH=/opt/ohpc/pub/libs/gnu8/openmpi3/netcdf/4.7.1
Setting Environment NETCDF_FORTRAN_PATH=/opt/ohpc/pub/libs/gnu8/openmpi3/netcdf-fortran/4.5.2
Setting Environment NetCDF_FORTRAN_PATH=/opt/ohpc/pub/libs/gnu8/openmpi3/netcdf-fortran/4.5.2
Setting Environment NETCDF_PATH=/opt/ohpc/pub/libs/gnu8/openmpi3/netcdf/4.7.1
Setting Environment NetCDF_PATH=/opt/ohpc/pub/libs/gnu8/openmpi3/netcdf/4.7.1
Setting Environment NETCDF_Fortran_LIBRARY=/opt/ohpc/pub/libs/gnu8/openmpi3/netcdf-fortran/4.5.2/lib
Setting Environment NETCDF_Fortran_INCLUDE_DIR=/opt/ohpc/pub/libs/gnu8/openmpi3/netcdf-fortran/4.5.2/include
Setting Environment HDF5_HOME=/opt/ohpc/pub/libs/gnu8/openmpi3/hdf5/1.10.5
Setting Environment HDF5=/opt/ohpc/pub/libs/gnu8/openmpi3/hdf5/1.10.5
Setting Environment ESMFBIN_PATH=/home/u22/chopinsong/software/esmf-8.3.0/INSTALL/bin/binO/
Setting Environment ESMFMKFLIE=/home/u22/chopinsong/software/esmf-8.3.0/INSTALL/lib/libO/Linux.gfortran.64.openmpi.default/esmf.mk
Setting resource.RLIMIT_STACK to -1 from (-1, -1)
Generating component namelists as part of build
Creating component namelists
  2024-11-10 08:03:45 atm 
   Calling /home/u8/sdwilson/CTSM_SONG/cime/src/components/data_comps_mct/datm/cime_config/buildnml
  2024-11-10 08:03:45 lnd 
   Calling /home/u8/sdwilson/CTSM_SONG/cime_config/buildnml
  2024-11-10 08:03:45 ice 
   Calling /home/u8/sdwilson/CTSM_SONG/cime/src/components/stub_comps_mct/sice/cime_config/buildnml
  2024-11-10 08:03:45 ocn 
   Calling /home/u8/sdwilson/CTSM_SONG/cime/src/components/stub_comps_mct/socn/cime_config/buildnml
  2024-11-10 08:03:45 rof 
   Calling /home/u8/sdwilson/CTSM_SONG/cime/src/components/stub_comps_mct/srof/cime_config/buildnml
  2024-11-10 08:03:45 glc 
   Calling /home/u8/sdwilson/CTSM_SONG/cime/src/components/stub_comps_mct/sglc/cime_config/buildnml
  2024-11-10 08:03:45 wav 
   Calling /home/u8/sdwilson/CTSM_SONG/cime/src/components/stub_comps_mct/swav/cime_config/buildnml
  2024-11-10 08:03:45 iac 
   Running /home/u8/sdwilson/CTSM_SONG/cime/src/components/stub_comps_mct/siac/cime_config/buildnml 
  2024-11-10 08:03:45 esp 
   Calling /home/u8/sdwilson/CTSM_SONG/cime/src/components/stub_comps_mct/sesp/cime_config/buildnml
  2024-11-10 08:03:45 cpl 
   Calling /home/u8/sdwilson/CTSM_SONG/cime/src/drivers/mct/cime_config/buildnml
Building gptl with output to file /xdisk/chopinsong/sdwilson/CTSM_sabrina/Omics_soilbgc/1x1pt_WOOD/control4/control4_spinup/bld/gptl.bldlog.241110-080344
   Calling /home/u8/sdwilson/CTSM_SONG/cime/src/build_scripts/buildlib.gptl
Building mct with output to file /xdisk/chopinsong/sdwilson/CTSM_sabrina/Omics_soilbgc/1x1pt_WOOD/control4/control4_spinup/bld/mct.bldlog.241110-080344
   Calling /home/u8/sdwilson/CTSM_SONG/cime/src/build_scripts/buildlib.mct
Building pio with output to file /xdisk/chopinsong/sdwilson/CTSM_sabrina/Omics_soilbgc/1x1pt_WOOD/control4/control4_spinup/bld/pio.bldlog.241110-080344
   Calling /home/u8/sdwilson/CTSM_SONG/cime/src/build_scripts/buildlib.pio
Building csm_share with output to file /xdisk/chopinsong/sdwilson/CTSM_sabrina/Omics_soilbgc/1x1pt_WOOD/control4/control4_spinup/bld/csm_share.bldlog.241110-080344
   Calling /home/u8/sdwilson/CTSM_SONG/cime/src/build_scripts/buildlib.csm_share
         - Building clm library 
Building lnd with output to /xdisk/chopinsong/sdwilson/CTSM_sabrina/Omics_soilbgc/1x1pt_WOOD/control4/control4_spinup/bld/lnd.bldlog.241110-080344
clm built in 0.921468 seconds
         - Building atm Library 
Building atm with output to /xdisk/chopinsong/sdwilson/CTSM_sabrina/Omics_soilbgc/1x1pt_WOOD/control4/control4_spinup/bld/atm.bldlog.241110-080344
         - Building ice Library 
Building ice with output to /xdisk/chopinsong/sdwilson/CTSM_sabrina/Omics_soilbgc/1x1pt_WOOD/control4/control4_spinup/bld/ice.bldlog.241110-080344
         - Building ocn Library 
Building ocn with output to /xdisk/chopinsong/sdwilson/CTSM_sabrina/Omics_soilbgc/1x1pt_WOOD/control4/control4_spinup/bld/ocn.bldlog.241110-080344
         - Building rof Library 
Building rof with output to /xdisk/chopinsong/sdwilson/CTSM_sabrina/Omics_soilbgc/1x1pt_WOOD/control4/control4_spinup/bld/rof.bldlog.241110-080344
         - Building glc Library 
Building glc with output to /xdisk/chopinsong/sdwilson/CTSM_sabrina/Omics_soilbgc/1x1pt_WOOD/control4/control4_spinup/bld/glc.bldlog.241110-080344
         - Building wav Library 
Building wav with output to /xdisk/chopinsong/sdwilson/CTSM_sabrina/Omics_soilbgc/1x1pt_WOOD/control4/control4_spinup/bld/wav.bldlog.241110-080344
         - Building iac Library 
Building iac with output to /xdisk/chopinsong/sdwilson/CTSM_sabrina/Omics_soilbgc/1x1pt_WOOD/control4/control4_spinup/bld/iac.bldlog.241110-080344
         - Building esp Library 
Building esp with output to /xdisk/chopinsong/sdwilson/CTSM_sabrina/Omics_soilbgc/1x1pt_WOOD/control4/control4_spinup/bld/esp.bldlog.241110-080344
swav built in 2.273293 seconds
datm built in 2.326365 seconds
sice built in 2.333313 seconds
socn built in 2.337583 seconds
srof built in 2.341066 seconds
sglc built in 2.410400 seconds
sesp built in 2.318235 seconds
siac built in 2.393999 seconds
Building cesm from /home/u8/sdwilson/CTSM_SONG/cime/src/drivers/mct/cime_config/buildexe with output to /xdisk/chopinsong/sdwilson/CTSM_sabrina/Omics_soilbgc/1x1pt_WOOD/control4/control4_spinup/bld/cesm.bldlog.241110-080344 
Time spent not building: 1.556697 sec
Time spent building: 7.946046 sec
MODEL BUILD HAS FINISHED SUCCESSFULLY
