Building case in directory /home/u8/sdwilson/CTSM_SONG/case_run/EFC/1x1pt_site34/1x1_control2_final
sharedlib_only is False
model_only is False
Setting Environment PNetCDF=/opt/ohpc/pub/libs/gnu8/openmpi3/pnetcdf/1.12.0
Setting Environment PNETCDF=/opt/ohpc/pub/libs/gnu8/openmpi3/pnetcdf/1.12.0
Setting Environment PNETCDF_PATH=/opt/ohpc/pub/libs/gnu8/openmpi3/pnetcdf/1.12.0
Setting Environment PNETCDF_BASE=/opt/ohpc/pub/libs/gnu8/openmpi3/pnetcdf/1.12.0
Setting Environment PNETCDF_Fortran_LIBRARY=/opt/ohpc/pub/libs/gnu8/openmpi3/pnetcdf/1.12.0/lib
Setting Environment PNETCDF_Fortran_INCLUDE_DIR=/opt/ohpc/pub/libs/gnu8/openmpi3/pnetcdf/1.12.0/include
Setting Environment OMP_STACKSIZE=256M
Setting Environment NETCDF=/opt/ohpc/pub/libs/gnu8/openmpi3/netcdf/4.7.1
Setting Environment NetCDF=/opt/ohpc/pub/libs/gnu8/openmpi3/netcdf/4.7.1
Setting Environment NETCDF_C_PATH=/opt/ohpc/pub/libs/gnu8/openmpi3/netcdf/4.7.1
Setting Environment NetCDF_C_PATH=/opt/ohpc/pub/libs/gnu8/openmpi3/netcdf/4.7.1
Setting Environment NETCDF_FORTRAN_PATH=/opt/ohpc/pub/libs/gnu8/openmpi3/netcdf-fortran/4.5.2
Setting Environment NetCDF_FORTRAN_PATH=/opt/ohpc/pub/libs/gnu8/openmpi3/netcdf-fortran/4.5.2
Setting Environment NETCDF_PATH=/opt/ohpc/pub/libs/gnu8/openmpi3/netcdf/4.7.1
Setting Environment NetCDF_PATH=/opt/ohpc/pub/libs/gnu8/openmpi3/netcdf/4.7.1
Setting Environment NETCDF_Fortran_LIBRARY=/opt/ohpc/pub/libs/gnu8/openmpi3/netcdf-fortran/4.5.2/lib
Setting Environment NETCDF_Fortran_INCLUDE_DIR=/opt/ohpc/pub/libs/gnu8/openmpi3/netcdf-fortran/4.5.2/include
Setting Environment HDF5_HOME=/opt/ohpc/pub/libs/gnu8/openmpi3/hdf5/1.10.5
Setting Environment HDF5=/opt/ohpc/pub/libs/gnu8/openmpi3/hdf5/1.10.5
Setting Environment ESMFBIN_PATH=/home/u22/chopinsong/software/esmf-8.3.0/INSTALL/bin/binO/
Setting Environment ESMFMKFLIE=/home/u22/chopinsong/software/esmf-8.3.0/INSTALL/lib/libO/Linux.gfortran.64.openmpi.default/esmf.mk
Setting resource.RLIMIT_STACK to -1 from (-1, -1)
Generating component namelists as part of build
Creating component namelists
  2024-05-20 10:07:30 atm 
   Calling /home/u8/sdwilson/CTSM_SONG/cime/src/components/data_comps_mct/datm/cime_config/buildnml
  2024-05-20 10:07:31 lnd 
   Calling /home/u8/sdwilson/CTSM_SONG/cime_config/buildnml
  2024-05-20 10:07:31 ice 
   Calling /home/u8/sdwilson/CTSM_SONG/cime/src/components/stub_comps_mct/sice/cime_config/buildnml
  2024-05-20 10:07:31 ocn 
   Calling /home/u8/sdwilson/CTSM_SONG/cime/src/components/stub_comps_mct/socn/cime_config/buildnml
  2024-05-20 10:07:31 rof 
   Calling /home/u8/sdwilson/CTSM_SONG/cime/src/components/stub_comps_mct/srof/cime_config/buildnml
  2024-05-20 10:07:31 glc 
   Calling /home/u8/sdwilson/CTSM_SONG/cime/src/components/stub_comps_mct/sglc/cime_config/buildnml
  2024-05-20 10:07:31 wav 
   Calling /home/u8/sdwilson/CTSM_SONG/cime/src/components/stub_comps_mct/swav/cime_config/buildnml
  2024-05-20 10:07:31 iac 
   Running /home/u8/sdwilson/CTSM_SONG/cime/src/components/stub_comps_mct/siac/cime_config/buildnml 
  2024-05-20 10:07:31 esp 
   Calling /home/u8/sdwilson/CTSM_SONG/cime/src/components/stub_comps_mct/sesp/cime_config/buildnml
  2024-05-20 10:07:31 cpl 
   Calling /home/u8/sdwilson/CTSM_SONG/cime/src/drivers/mct/cime_config/buildnml
Building gptl with output to file /xdisk/chopinsong/sdwilson/CTSM_sabrina/EFC/1x1pt_site34/control2/1x1_control2_final/bld/gptl.bldlog.240520-100730
   Calling /home/u8/sdwilson/CTSM_SONG/cime/src/build_scripts/buildlib.gptl
Building mct with output to file /xdisk/chopinsong/sdwilson/CTSM_sabrina/EFC/1x1pt_site34/control2/1x1_control2_final/bld/mct.bldlog.240520-100730
   Calling /home/u8/sdwilson/CTSM_SONG/cime/src/build_scripts/buildlib.mct
Building pio with output to file /xdisk/chopinsong/sdwilson/CTSM_sabrina/EFC/1x1pt_site34/control2/1x1_control2_final/bld/pio.bldlog.240520-100730
   Calling /home/u8/sdwilson/CTSM_SONG/cime/src/build_scripts/buildlib.pio
Building csm_share with output to file /xdisk/chopinsong/sdwilson/CTSM_sabrina/EFC/1x1pt_site34/control2/1x1_control2_final/bld/csm_share.bldlog.240520-100730
   Calling /home/u8/sdwilson/CTSM_SONG/cime/src/build_scripts/buildlib.csm_share
         - Building clm library 
Building lnd with output to /xdisk/chopinsong/sdwilson/CTSM_sabrina/EFC/1x1pt_site34/control2/1x1_control2_final/bld/lnd.bldlog.240520-100730
clm built in 0.609522 seconds
         - Building atm Library 
Building atm with output to /xdisk/chopinsong/sdwilson/CTSM_sabrina/EFC/1x1pt_site34/control2/1x1_control2_final/bld/atm.bldlog.240520-100730
         - Building ice Library 
Building ice with output to /xdisk/chopinsong/sdwilson/CTSM_sabrina/EFC/1x1pt_site34/control2/1x1_control2_final/bld/ice.bldlog.240520-100730
         - Building ocn Library 
Building ocn with output to /xdisk/chopinsong/sdwilson/CTSM_sabrina/EFC/1x1pt_site34/control2/1x1_control2_final/bld/ocn.bldlog.240520-100730
         - Building rof Library 
Building rof with output to /xdisk/chopinsong/sdwilson/CTSM_sabrina/EFC/1x1pt_site34/control2/1x1_control2_final/bld/rof.bldlog.240520-100730
         - Building glc Library 
Building glc with output to /xdisk/chopinsong/sdwilson/CTSM_sabrina/EFC/1x1pt_site34/control2/1x1_control2_final/bld/glc.bldlog.240520-100730
         - Building wav Library 
Building wav with output to /xdisk/chopinsong/sdwilson/CTSM_sabrina/EFC/1x1pt_site34/control2/1x1_control2_final/bld/wav.bldlog.240520-100730
         - Building iac Library 
Building iac with output to /xdisk/chopinsong/sdwilson/CTSM_sabrina/EFC/1x1pt_site34/control2/1x1_control2_final/bld/iac.bldlog.240520-100730
         - Building esp Library 
Building esp with output to /xdisk/chopinsong/sdwilson/CTSM_sabrina/EFC/1x1pt_site34/control2/1x1_control2_final/bld/esp.bldlog.240520-100730
sice built in 2.281886 seconds
swav built in 2.292868 seconds
sesp built in 2.296688 seconds
datm built in 2.335475 seconds
socn built in 2.338934 seconds
siac built in 2.342930 seconds
sglc built in 2.377537 seconds
srof built in 2.385534 seconds
Building cesm from /home/u8/sdwilson/CTSM_SONG/cime/src/drivers/mct/cime_config/buildexe with output to /xdisk/chopinsong/sdwilson/CTSM_sabrina/EFC/1x1pt_site34/control2/1x1_control2_final/bld/cesm.bldlog.240520-100730 
Time spent not building: 2.111708 sec
Time spent building: 13.849497 sec
MODEL BUILD HAS FINISHED SUCCESSFULLY
