Generating resolved namelist, prestage, and build scripts
configure done.
adding clm user file defaults for var domainfile with val /home/ysa/ccsm_inputdata/atm/datm7/domain.clm/domain.lnd.1x1pt_MAN-05_navy.nc 
adding clm user file defaults for var fatmgrid with val /home/ysa/ccsm_inputdata/lnd/clm2/griddata/griddata_1x1pt_MAN-05.nc 
adding clm user file defaults for var fatmlndfrc with val /home/ysa/ccsm_inputdata/lnd/clm2/griddata/fracdata_1x1pt_MAN-05_navy.nc 
adding clm user file defaults for var fpftdyn with val /home/ysa/ccsm_inputdata/lnd/clm2/surfdata/surfdata.pftdyn_1x1pt_MAN-05_simyr1849-2006.nc 
adding clm user file defaults for var fsurdat with val /home/ysa/ccsm_inputdata/lnd/clm2/surfdata/surfdata_1x1pt_MAN-05_simyr1850.nc 
adding use_case 20thC_transient defaults for var clm_demand with val fpftdyn 
adding use_case 20thC_transient defaults for var clm_start_type with val startup 
adding use_case 20thC_transient defaults for var model_year_align_ndep with val 1850 
adding use_case 20thC_transient defaults for var sim_year with val 1850 
adding use_case 20thC_transient defaults for var sim_year_range with val 1850-2000 
adding use_case 20thC_transient defaults for var stream_year_first_ndep with val 1850 
adding use_case 20thC_transient defaults for var stream_year_last_ndep with val 2005 
adding use_case 20thC_transient defaults for var use_case_desc with val Simulate transient land-use, aerosol deposition, and Nitrogen deposition changes from 1850 to 2005 
Successfully generated resolved namelist, prestage, and build scripts
Locking file env_conf.xml
Generating clean_build script 
Generating submit script 
Generating build script 
Generating run script 
Locking file env_mach_pes.xml
Successfully configured the case for generic_linux_pgi
If an old build exists for this case, you might want to 
   run the *.clean_build script before building
