Building case in directory /home/u8/sdwilson/CTSM_SONG/case_run/Omics_soilbgc/1x1pt_WOOD/control3_spinup
sharedlib_only is False
model_only is False
Setting Environment PNetCDF=/opt/ohpc/pub/libs/gnu8/openmpi3/pnetcdf/1.12.0
Setting Environment PNETCDF=/opt/ohpc/pub/libs/gnu8/openmpi3/pnetcdf/1.12.0
Setting Environment PNETCDF_PATH=/opt/ohpc/pub/libs/gnu8/openmpi3/pnetcdf/1.12.0
Setting Environment PNETCDF_BASE=/opt/ohpc/pub/libs/gnu8/openmpi3/pnetcdf/1.12.0
Setting Environment PNETCDF_Fortran_LIBRARY=/opt/ohpc/pub/libs/gnu8/openmpi3/pnetcdf/1.12.0/lib
Setting Environment PNETCDF_Fortran_INCLUDE_DIR=/opt/ohpc/pub/libs/gnu8/openmpi3/pnetcdf/1.12.0/include
Setting Environment OMP_STACKSIZE=256M
Setting Environment NETCDF=/opt/ohpc/pub/libs/gnu8/openmpi3/netcdf/4.7.1
Setting Environment NetCDF=/opt/ohpc/pub/libs/gnu8/openmpi3/netcdf/4.7.1
Setting Environment NETCDF_C_PATH=/opt/ohpc/pub/libs/gnu8/openmpi3/netcdf/4.7.1
Setting Environment NetCDF_C_PATH=/opt/ohpc/pub/libs/gnu8/openmpi3/netcdf/4.7.1
Setting Environment NETCDF_FORTRAN_PATH=/opt/ohpc/pub/libs/gnu8/openmpi3/netcdf-fortran/4.5.2
Setting Environment NetCDF_FORTRAN_PATH=/opt/ohpc/pub/libs/gnu8/openmpi3/netcdf-fortran/4.5.2
Setting Environment NETCDF_PATH=/opt/ohpc/pub/libs/gnu8/openmpi3/netcdf/4.7.1
Setting Environment NetCDF_PATH=/opt/ohpc/pub/libs/gnu8/openmpi3/netcdf/4.7.1
Setting Environment NETCDF_Fortran_LIBRARY=/opt/ohpc/pub/libs/gnu8/openmpi3/netcdf-fortran/4.5.2/lib
Setting Environment NETCDF_Fortran_INCLUDE_DIR=/opt/ohpc/pub/libs/gnu8/openmpi3/netcdf-fortran/4.5.2/include
Setting Environment HDF5_HOME=/opt/ohpc/pub/libs/gnu8/openmpi3/hdf5/1.10.5
Setting Environment HDF5=/opt/ohpc/pub/libs/gnu8/openmpi3/hdf5/1.10.5
Setting Environment ESMFBIN_PATH=/home/u22/chopinsong/software/esmf-8.3.0/INSTALL/bin/binO/
Setting Environment ESMFMKFLIE=/home/u22/chopinsong/software/esmf-8.3.0/INSTALL/lib/libO/Linux.gfortran.64.openmpi.default/esmf.mk
Setting resource.RLIMIT_STACK to -1 from (-1, -1)
Generating component namelists as part of build
Creating component namelists
  2024-10-18 10:25:26 atm 
   Calling /home/u8/sdwilson/CTSM_SONG/cime/src/components/data_comps_mct/datm/cime_config/buildnml
  2024-10-18 10:25:26 lnd 
   Calling /home/u8/sdwilson/CTSM_SONG/cime_config/buildnml
