Building case in directory /home/u8/sdwilson/CTSM_SONG/case_run/EFC/1x1pt_site32/1x1_control_hist
sharedlib_only is False
model_only is False
Setting Environment PNetCDF=/opt/ohpc/pub/libs/gnu8/openmpi3/pnetcdf/1.12.0
Setting Environment PNETCDF=/opt/ohpc/pub/libs/gnu8/openmpi3/pnetcdf/1.12.0
Setting Environment PNETCDF_PATH=/opt/ohpc/pub/libs/gnu8/openmpi3/pnetcdf/1.12.0
Setting Environment PNETCDF_BASE=/opt/ohpc/pub/libs/gnu8/openmpi3/pnetcdf/1.12.0
Setting Environment PNETCDF_Fortran_LIBRARY=/opt/ohpc/pub/libs/gnu8/openmpi3/pnetcdf/1.12.0/lib
Setting Environment PNETCDF_Fortran_INCLUDE_DIR=/opt/ohpc/pub/libs/gnu8/openmpi3/pnetcdf/1.12.0/include
Setting Environment OMP_STACKSIZE=256M
Setting Environment NETCDF=/opt/ohpc/pub/libs/gnu8/openmpi3/netcdf/4.7.1
Setting Environment NetCDF=/opt/ohpc/pub/libs/gnu8/openmpi3/netcdf/4.7.1
Setting Environment NETCDF_C_PATH=/opt/ohpc/pub/libs/gnu8/openmpi3/netcdf/4.7.1
Setting Environment NetCDF_C_PATH=/opt/ohpc/pub/libs/gnu8/openmpi3/netcdf/4.7.1
Setting Environment NETCDF_FORTRAN_PATH=/opt/ohpc/pub/libs/gnu8/openmpi3/netcdf-fortran/4.5.2
Setting Environment NetCDF_FORTRAN_PATH=/opt/ohpc/pub/libs/gnu8/openmpi3/netcdf-fortran/4.5.2
Setting Environment NETCDF_PATH=/opt/ohpc/pub/libs/gnu8/openmpi3/netcdf/4.7.1
Setting Environment NetCDF_PATH=/opt/ohpc/pub/libs/gnu8/openmpi3/netcdf/4.7.1
Setting Environment NETCDF_Fortran_LIBRARY=/opt/ohpc/pub/libs/gnu8/openmpi3/netcdf-fortran/4.5.2/lib
Setting Environment NETCDF_Fortran_INCLUDE_DIR=/opt/ohpc/pub/libs/gnu8/openmpi3/netcdf-fortran/4.5.2/include
Setting Environment HDF5_HOME=/opt/ohpc/pub/libs/gnu8/openmpi3/hdf5/1.10.5
Setting Environment HDF5=/opt/ohpc/pub/libs/gnu8/openmpi3/hdf5/1.10.5
Setting Environment ESMFBIN_PATH=/home/u22/chopinsong/software/esmf-8.3.0/INSTALL/bin/binO/
Setting Environment ESMFMKFLIE=/home/u22/chopinsong/software/esmf-8.3.0/INSTALL/lib/libO/Linux.gfortran.64.openmpi.default/esmf.mk
Setting resource.RLIMIT_STACK to -1 from (-1, -1)
Generating component namelists as part of build
Creating component namelists
  2024-08-22 13:32:15 atm 
   Calling /home/u8/sdwilson/CTSM_SONG/cime/src/components/data_comps_mct/datm/cime_config/buildnml
  2024-08-22 13:32:16 lnd 
   Calling /home/u8/sdwilson/CTSM_SONG/cime_config/buildnml
  2024-08-22 13:32:16 ice 
   Calling /home/u8/sdwilson/CTSM_SONG/cime/src/components/stub_comps_mct/sice/cime_config/buildnml
  2024-08-22 13:32:16 ocn 
   Calling /home/u8/sdwilson/CTSM_SONG/cime/src/components/stub_comps_mct/socn/cime_config/buildnml
  2024-08-22 13:32:16 rof 
   Calling /home/u8/sdwilson/CTSM_SONG/cime/src/components/stub_comps_mct/srof/cime_config/buildnml
  2024-08-22 13:32:16 glc 
   Calling /home/u8/sdwilson/CTSM_SONG/cime/src/components/stub_comps_mct/sglc/cime_config/buildnml
  2024-08-22 13:32:16 wav 
   Calling /home/u8/sdwilson/CTSM_SONG/cime/src/components/stub_comps_mct/swav/cime_config/buildnml
  2024-08-22 13:32:16 iac 
   Running /home/u8/sdwilson/CTSM_SONG/cime/src/components/stub_comps_mct/siac/cime_config/buildnml 
  2024-08-22 13:32:16 esp 
   Calling /home/u8/sdwilson/CTSM_SONG/cime/src/components/stub_comps_mct/sesp/cime_config/buildnml
  2024-08-22 13:32:16 cpl 
   Calling /home/u8/sdwilson/CTSM_SONG/cime/src/drivers/mct/cime_config/buildnml
Building gptl with output to file /xdisk/chopinsong/sdwilson/CTSM_sabrina/EFC/1x1pt_site32/control/1x1_control_hist/bld/gptl.bldlog.240822-133215
   Calling /home/u8/sdwilson/CTSM_SONG/cime/src/build_scripts/buildlib.gptl
Building mct with output to file /xdisk/chopinsong/sdwilson/CTSM_sabrina/EFC/1x1pt_site32/control/1x1_control_hist/bld/mct.bldlog.240822-133215
   Calling /home/u8/sdwilson/CTSM_SONG/cime/src/build_scripts/buildlib.mct
Building pio with output to file /xdisk/chopinsong/sdwilson/CTSM_sabrina/EFC/1x1pt_site32/control/1x1_control_hist/bld/pio.bldlog.240822-133215
   Calling /home/u8/sdwilson/CTSM_SONG/cime/src/build_scripts/buildlib.pio
Building csm_share with output to file /xdisk/chopinsong/sdwilson/CTSM_sabrina/EFC/1x1pt_site32/control/1x1_control_hist/bld/csm_share.bldlog.240822-133215
   Calling /home/u8/sdwilson/CTSM_SONG/cime/src/build_scripts/buildlib.csm_share
         - Building clm library 
Building lnd with output to /xdisk/chopinsong/sdwilson/CTSM_sabrina/EFC/1x1pt_site32/control/1x1_control_hist/bld/lnd.bldlog.240822-133215
clm built in 0.970177 seconds
         - Building atm Library 
Building atm with output to /xdisk/chopinsong/sdwilson/CTSM_sabrina/EFC/1x1pt_site32/control/1x1_control_hist/bld/atm.bldlog.240822-133215
         - Building ice Library 
Building ice with output to /xdisk/chopinsong/sdwilson/CTSM_sabrina/EFC/1x1pt_site32/control/1x1_control_hist/bld/ice.bldlog.240822-133215
         - Building ocn Library 
Building ocn with output to /xdisk/chopinsong/sdwilson/CTSM_sabrina/EFC/1x1pt_site32/control/1x1_control_hist/bld/ocn.bldlog.240822-133215
         - Building rof Library 
Building rof with output to /xdisk/chopinsong/sdwilson/CTSM_sabrina/EFC/1x1pt_site32/control/1x1_control_hist/bld/rof.bldlog.240822-133215
         - Building glc Library 
         - Building wav Library 
Building glc with output to /xdisk/chopinsong/sdwilson/CTSM_sabrina/EFC/1x1pt_site32/control/1x1_control_hist/bld/glc.bldlog.240822-133215
Building wav with output to /xdisk/chopinsong/sdwilson/CTSM_sabrina/EFC/1x1pt_site32/control/1x1_control_hist/bld/wav.bldlog.240822-133215
         - Building iac Library 
Building iac with output to /xdisk/chopinsong/sdwilson/CTSM_sabrina/EFC/1x1pt_site32/control/1x1_control_hist/bld/iac.bldlog.240822-133215
         - Building esp Library 
Building esp with output to /xdisk/chopinsong/sdwilson/CTSM_sabrina/EFC/1x1pt_site32/control/1x1_control_hist/bld/esp.bldlog.240822-133215
socn built in 2.613362 seconds
srof built in 2.617581 seconds
swav built in 2.616917 seconds
sglc built in 2.624542 seconds
datm built in 2.649842 seconds
sice built in 2.687594 seconds
siac built in 2.662686 seconds
sesp built in 2.617282 seconds
Building cesm from /home/u8/sdwilson/CTSM_SONG/cime/src/drivers/mct/cime_config/buildexe with output to /xdisk/chopinsong/sdwilson/CTSM_sabrina/EFC/1x1pt_site32/control/1x1_control_hist/bld/cesm.bldlog.240822-133215 
Time spent not building: 2.117152 sec
Time spent building: 8.321520 sec
MODEL BUILD HAS FINISHED SUCCESSFULLY
