/opt/ohpc/pub/apps/ncl_ncarg/6.6.2/bin/ncl
fatal: No names found, cannot describe anything.
rm: cannot remove ‘PET*.Log’: No such file or directory
---------------- PTCLMmkdata version PTCLM2_20200118-----------------------------

   /var/spool/slurm/d/job10486865/slurm_script --ctsm_root /home/u8/sdwilson/CTSM_SONG -s TREE -d /xdisk/chopinsong/chopinsong/CTSM_inputdata --map_gdate 240920 --crop --mydatadir=/xdisk/chopinsong/sdwilson/CTSM_sabrina/PTCLM/mydatafile/TREE 

   OPTIONS:

Site name:						TREE

Root CTSM directory:					/home/u8/sdwilson/CTSM_SONG
Root CIME directory:					/home/u8/sdwilson/CTSM_SONG/cime
** Surface data file will be built using site-level data when available unless otherwise specified ** 

	Extract PFT data from gridded files:		False
	Extract soil data from gridded files:		False

Open Site data file: /home/u8/sdwilson/CTSM_SONG/tools/PTCLM/PTCLM_sitedata/PTCLMDATA_sitedata.txt

CESM input data directory:				/xdisk/chopinsong/chopinsong/CTSM_inputdata
----------------------------------------------------------------

Write /xdisk/chopinsong/sdwilson/CTSM_sabrina/PTCLM/mydatafile/TREE/1x1pt_TREE/README.PTCLM with command line
Run command: /bin/chmod +x /xdisk/chopinsong/sdwilson/CTSM_sabrina/PTCLM/mydatafile/TREE/1x1pt_TREE/shell_commands
Making input files for the point (this may take a while if creating transient datasets)
Creating map file for a point with no ocean
lat=45.49
Run command: /home/u8/sdwilson/CTSM_SONG/tools/mkmapdata/mknoocnmap.pl -p 45.49,270.41 -name 1x1pt_TREE > /xdisk/chopinsong/sdwilson/CTSM_sabrina/PTCLM/mydatafile/TREE/1x1pt_TREE/mknoocnmap.log
mapfile = /xdisk/chopinsong/sdwilson/CTSM_sabrina/PTCLM/mydatafile/TREE/1x1pt_TREE/map_1x1pt_TREE_noocean_to_1x1pt_TREE_nomask_aave_da_240920.nc
scripgridfile = /xdisk/chopinsong/sdwilson/CTSM_sabrina/PTCLM/mydatafile/TREE/1x1pt_TREE/SCRIPgrid_1x1pt_TREE_nomask_c240920.nc
Creating data domain
Run command: /home/u8/sdwilson/CTSM_SONG/cime/tools/mapping/gen_domain_files/gen_domain -m /xdisk/chopinsong/sdwilson/CTSM_sabrina/PTCLM/mydatafile/TREE/1x1pt_TREE/map_1x1pt_TREE_noocean_to_1x1pt_TREE_nomask_aave_da_240920.nc -o navy -l 1x1pt_TREE -c 'Running gen_domain from PTCLMmkdata' > /xdisk/chopinsong/sdwilson/CTSM_sabrina/PTCLM/mydatafile/TREE/1x1pt_TREE/gen_domain.log
domainfile = domain.lnd.1x1pt_TREE_navy.240920.nc


Re-create surface dataset:	


Re-create mapping files for surface dataset:
('cmd', '/home/u8/sdwilson/CTSM_SONG/tools/mkmapdata/mkmapdata.sh --gridfile /xdisk/chopinsong/sdwilson/CTSM_sabrina/PTCLM/mydatafile/TREE/1x1pt_TREE/SCRIPgrid_1x1pt_TREE_nomask_c240920.nc --res 1x1pt_TREE --gridtype regional -v > /xdisk/chopinsong/sdwilson/CTSM_sabrina/PTCLM/mydatafile/TREE/1x1pt_TREE/mkmapdata.log')
Run command: /home/u8/sdwilson/CTSM_SONG/tools/mkmapdata/mkmapdata.sh --gridfile /xdisk/chopinsong/sdwilson/CTSM_sabrina/PTCLM/mydatafile/TREE/1x1pt_TREE/SCRIPgrid_1x1pt_TREE_nomask_c240920.nc --res 1x1pt_TREE --gridtype regional -v > /xdisk/chopinsong/sdwilson/CTSM_sabrina/PTCLM/mydatafile/TREE/1x1pt_TREE/mkmapdata.log
Replacing PFT information in surface data file
('site name is', 'site_code')
('mysite is', 'TREE')
('site name is', 'US-Blo')
('mysite is', 'TREE')
('site name is', 'US-CHATS')
('mysite is', 'TREE')
('site name is', 'US-FPe')
('mysite is', 'TREE')
('site name is', 'US-NR1')
('mysite is', 'TREE')
('site name is', 'CA-Let')
('mysite is', 'TREE')
('site name is', 'CA-Man')
('mysite is', 'TREE')
('site name is', 'BR-Sa1')
('mysite is', 'TREE')
('site name is', 'BR-Sa3')
('mysite is', 'TREE')
('site name is', 'ES-ES1')
('mysite is', 'TREE')
('site name is', 'FL-Hyy')
('mysite is', 'TREE')
('site name is', 'FL-Kaa')
('mysite is', 'TREE')
('site name is', 'IT-Col')
('mysite is', 'TREE')
('site name is', 'IT-Cpz')
('mysite is', 'TREE')
('site name is', 'DE-Tha')
('mysite is', 'TREE')
('site name is', 'US-Brw')
('mysite is', 'TREE')
('site name is', 'BE-Vie')
('mysite is', 'TREE')
('site name is', 'US-ARM')
('mysite is', 'TREE')
('site name is', 'US-Var')
('mysite is', 'TREE')
('site name is', 'US-UMB')
('mysite is', 'TREE')
('site name is', 'US-Ha1')
('mysite is', 'TREE')
('site name is', 'US-Ho1')
('mysite is', 'TREE')
('site name is', 'US-MMS')
('mysite is', 'TREE')
('site name is', 'US-Bo1')
('mysite is', 'TREE')
('site name is', 'CA-Ca1')
('mysite is', 'TREE')
('site name is', 'CA-Oas')
('mysite is', 'TREE')
('site name is', 'CA-Obs')
('mysite is', 'TREE')
('site name is', 'CA-Ojp')
('mysite is', 'TREE')
('site name is', 'CA-Qfo')
('mysite is', 'TREE')
('site name is', 'US-Me4')
('mysite is', 'TREE')
('site name is', 'US-Me2')
('mysite is', 'TREE')
('site name is', 'US-MOz')
('mysite is', 'TREE')
('site name is', 'US-WCr')
('mysite is', 'TREE')
('site name is', 'US-Dk3')
('mysite is', 'TREE')
('site name is', 'US-Dk2')
('mysite is', 'TREE')
('site name is', 'US-IB1')
('mysite is', 'TREE')
('site name is', 'US-Ne1')
('mysite is', 'TREE')
('site name is', 'US-Ne3')
('mysite is', 'TREE')
('site name is', 'TS-Ts1')
('mysite is', 'TREE')
('site name is', 'TS-Ts2')
('mysite is', 'TREE')
('site name is', 'TS-Ts3')
('mysite is', 'TREE')
('site name is', 'LTER-Sev')
('mysite is', 'TREE')
('site name is', 'RF-Bra')
('mysite is', 'TREE')
('site name is', 'LBA-Cax')
('mysite is', 'TREE')
('site name is', 'CornMus')
('mysite is', 'TREE')
('site name is', 'FtColl')
('mysite is', 'TREE')
('site name is', 'ISU')
('mysite is', 'TREE')
('site name is', 'AUR-NY')
('mysite is', 'TREE')
('site name is', 'Kent')
('mysite is', 'TREE')
('site name is', 'AMES-IA')
('mysite is', 'TREE')
('site name is', 'KIMB-ID')
('mysite is', 'TREE')
('site name is', 'BG-KY')
('mysite is', 'TREE')
('site name is', 'SP-MN')
('mysite is', 'TREE')
('site name is', 'PROS-WA')
('mysite is', 'TREE')
('site name is', 'ISU17')
('mysite is', 'TREE')
('site name is', 'BOYD')
('mysite is', 'TREE')
('site name is', 'Idaho')
('mysite is', 'TREE')
('site name is', 'ISU11')
('mysite is', 'TREE')
('site name is', 'FAY-ARK')
('mysite is', 'TREE')
('site name is', 'Flo-SC')
('mysite is', 'TREE')
('site name is', 'Tift-GA')
('mysite is', 'TREE')
('site name is', 'Bent-WA')
('mysite is', 'TREE')
('site name is', 'HA')
('mysite is', 'TREE')
('site name is', 'Kent2')
('mysite is', 'TREE')
('site name is', 'KIMB-ID2')
('mysite is', 'TREE')
('site name is', 'TU-JAP')
('mysite is', 'TREE')
('site name is', 'SHU-CITY')
('mysite is', 'TREE')
('site name is', 'LINZ-VIL')
('mysite is', 'TREE')
('site name is', 'XIAN')
('mysite is', 'TREE')
('site name is', 'EGYP')
('mysite is', 'TREE')
('site name is', 'HEA-ID')
('mysite is', 'TREE')
('site name is', 'TaianCity')
('mysite is', 'TREE')
('site name is', 'JEL-1')
('mysite is', 'TREE')
('site name is', 'JEL-2')
('mysite is', 'TREE')
('site name is', 'ABN-WA')
('mysite is', 'TREE')
('site name is', 'NAT-NEP')
('mysite is', 'TREE')
('site name is', 'THAI')
('mysite is', 'TREE')
('site name is', 'RIV-IT')
('mysite is', 'TREE')
('site name is', 'BEA-IT')
('mysite is', 'TREE')
('site name is', 'TOLGA')
('mysite is', 'TREE')
('site name is', 'QUE-CA')
('mysite is', 'TREE')
('site name is', 'QUE-CA2')
('mysite is', 'TREE')
('site name is', 'BJ')
('mysite is', 'TREE')
('site name is', 'CQ')
('mysite is', 'TREE')
('site name is', 'CW')
('mysite is', 'TREE')
('site name is', 'SY')
('mysite is', 'TREE')
('site name is', 'SQ')
('mysite is', 'TREE')
('site name is', 'TaianCity2')
('mysite is', 'TREE')
('site name is', 'ISA-PRO')
('mysite is', 'TREE')
('site name is', 'NT')
('mysite is', 'TREE')
('site name is', 'SQ2')
('mysite is', 'TREE')
('site name is', 'HN')
('mysite is', 'TREE')
('site name is', 'PESH')
('mysite is', 'TREE')
('site name is', 'HB')
('mysite is', 'TREE')
('site name is', 'SY2')
('mysite is', 'TREE')
('site name is', 'HT')
('mysite is', 'TREE')
('site name is', 'HN2')
('mysite is', 'TREE')
('site name is', 'JL2')
('mysite is', 'TREE')
('site name is', 'XIN')
('mysite is', 'TREE')
('site name is', 'AKURE')
('mysite is', 'TREE')
('site name is', 'KT2')
('mysite is', 'TREE')
('site name is', 'KAPS')
('mysite is', 'TREE')
('site name is', 'UNI-PAD')
('mysite is', 'TREE')
('site name is', 'SY3')
('mysite is', 'TREE')
('site name is', 'UNI-PAD2')
('mysite is', 'TREE')
('site name is', 'FENG')
('mysite is', 'TREE')
('site name is', 'FENG2')
('mysite is', 'TREE')
('site name is', 'ZUR')
('mysite is', 'TREE')
(fatal: No names found, cannot describe anything.
'site name is', 'HUN')
('mysite is', 'TREE')
('site name is', 'HUAN-HEY')
('mysite is', 'TREE')
('site name is', 'MAL-SLOV')
('mysite is', 'TREE')
('site name is', 'PAS-CA')
('mysite is', 'TREE')
('site name is', 'CW2')
('mysite is', 'TREE')
('site name is', 'site2')
('mysite is', 'TREE')
('site name is', 'site4')
('mysite is', 'TREE')
('site name is', 'site5')
('mysite is', 'TREE')
('site name is', 'site6')
('mysite is', 'TREE')
('site name is', 'site1')
('mysite is', 'TREE')
('site name is', 'site7')
('mysite is', 'TREE')
('site name is', 'site8')
('mysite is', 'TREE')
('site name is', 'site13')
('mysite is', 'TREE')
('site name is', 'site14')
('mysite is', 'TREE')
('site name is', 'site15')
('mysite is', 'TREE')
('site name is', 'site16')
('mysite is', 'TREE')
('site name is', 'site18')
('mysite is', 'TREE')
('site name is', 'site22')
('mysite is', 'TREE')
('site name is', 'site23')
('mysite is', 'TREE')
('site name is', 'site24')
('mysite is', 'TREE')
('site name is', 'site25')
('mysite is', 'TREE')
('site name is', 'site26')
('mysite is', 'TREE')
('site name is', 'site28')
('mysite is', 'TREE')
('site name is', 'site29')
('mysite is', 'TREE')
('site name is', 'site31')
('mysite is', 'TREE')
('site name is', 'site32')
('mysite is', 'TREE')
('site name is', 'site34')
('mysite is', 'TREE')
('site name is', 'site36')
('mysite is', 'TREE')
('site name is', 'site38')
('mysite is', 'TREE')
('site name is', 'site39')
('mysite is', 'TREE')
('site name is', 'site3')
('mysite is', 'TREE')
('site name is', 'site21')
('mysite is', 'TREE')
('site name is', 'site17')
('mysite is', 'TREE')
('site name is', 'site9')
('mysite is', 'TREE')
('site name is', 'site10')
('mysite is', 'TREE')
('site name is', 'site11')
('mysite is', 'TREE')
('site name is', 'site19')
('mysite is', 'TREE')
('site name is', 'site20')
('mysite is', 'TREE')
('site name is', 'site30')
('mysite is', 'TREE')
('site name is', 'site33')
('mysite is', 'TREE')
('site name is', 'site35')
('mysite is', 'TREE')
('site name is', 'site37')
('mysite is', 'TREE')
('site name is', 'GUAN')
('mysite is', 'TREE')
('site name is', 'WOOD')
('mysite is', 'TREE')
('site name is', 'YELL')
('mysite is', 'TREE')
('site name is', 'SRER')
('mysite is', 'TREE')
('site name is', 'TEAK')
('mysite is', 'TREE')
('site name is', 'KNOZ')
('mysite is', 'TREE')
('site name is', 'ONAQ')
('mysite is', 'TREE')
('site name is', 'HARV')
('mysite is', 'TREE')
('site name is', 'STER')
('mysite is', 'TREE')
('site name is', 'OAES')
('mysite is', 'TREE')
('site name is', 'JORN')
('mysite is', 'TREE')
('site name is', 'BLAN')
('mysite is', 'TREE')
('site name is', 'SCBI')
('mysite is', 'TREE')
('site name is', 'SERC')
('mysite is', 'TREE')
('site name is', 'DSNY')
('mysite is', 'TREE')
('site name is', 'JERC')
('mysite is', 'TREE')
('site name is', 'OSBS')
('mysite is', 'TREE')
('site name is', 'TREE')
('mysite is', 'TREE')
('site name is', 'UNDE')
('mysite is', 'TREE')
('site name is', 'KONA')
('mysite is', 'TREE')
('site name is', 'UKFS')
('mysite is', 'TREE')
('site name is', 'MLBS')
('mysite is', 'TREE')
('site name is', 'ORNL')
('mysite is', 'TREE')
('site name is', 'DCFS')
('mysite is', 'TREE')
('site name is', 'NOGP')
('mysite is', 'TREE')
('site name is', 'LENO')
('mysite is', 'TREE')
('site name is', 'TALL')
('mysite is', 'TREE')
('site name is', 'ABBY')
('mysite is', 'TREE')
('site name is', 'SOAP')
('mysite is', 'TREE')
Replacing soil information in surface data file
 sandpct=50.2 claypct=9.2
Run command: /home/u8/sdwilson/CTSM_SONG/tools/mksurfdata_map/mksurfdata.pl -res usrspec -usr_gname 1x1pt_TREE -usr_gdate 240920 -usr_mapdir /xdisk/chopinsong/sdwilson/CTSM_sabrina/PTCLM/mydatafile/TREE/1x1pt_TREE -dinlc /xdisk/chopinsong/chopinsong/CTSM_inputdata -y 2000 -soil_cly 9.2 -soil_snd 50.2 -pft_frc "[100.0]" -pft_idx "[7]" -crop  > /xdisk/chopinsong/sdwilson/CTSM_sabrina/PTCLM/mydatafile/TREE/1x1pt_TREE/mksurfdata_map.log
surface file = /xdisk/chopinsong/sdwilson/CTSM_sabrina/PTCLM/mydatafile/TREE/1x1pt_TREE/surfdata_1x1pt_TREE_hist_78pfts_CMIP6_simyr2000_c240920.nc
surface log file = /xdisk/chopinsong/sdwilson/CTSM_sabrina/PTCLM/mydatafile/TREE/1x1pt_TREE/surfdata_1x1pt_TREE_hist_78pfts_CMIP6_simyr2000_c240920.log
datm_dir path=/xdisk/chopinsong/sdwilson/CTSM_sabrina/PTCLM/mydatafile/TREE/1x1pt_TREE/CLM1PT_data

write climate forcing data and namelist
Data created successfully in /xdisk/chopinsong/sdwilson/CTSM_sabrina/PTCLM/mydatafile/TREE/1x1pt_TREE

Detailed performance metrics for this job will be available at https://metrics.hpc.arizona.edu/#job_viewer?action=show&realm=SUPREMM&resource_id=73&local_job_id=10486865 by 8am on 2024/09/21.
