/opt/ohpc/pub/apps/ncl_ncarg/6.6.2/bin/ncl
fatal: No names found, cannot describe anything.
---------------- PTCLMmkdata version PTCLM2_20200118-----------------------------

   /var/spool/slurm/d/job10757215/slurm_script --ctsm_root /home/u8/sdwilson/CTSM_SONG -s WOOD -d /xdisk/chopinsong/chopinsong/CTSM_inputdata --map_gdate 241110 --crop --mydatadir=/xdisk/chopinsong/sdwilson/CTSM_sabrina/PTCLM/mydatafile/WOOD 

   OPTIONS:

Site name:						WOOD

Root CTSM directory:					/home/u8/sdwilson/CTSM_SONG
Root CIME directory:					/home/u8/sdwilson/CTSM_SONG/cime
** Surface data file will be built using site-level data when available unless otherwise specified ** 

	Extract PFT data from gridded files:		False
	Extract soil data from gridded files:		False

Open Site data file: /home/u8/sdwilson/CTSM_SONG/tools/PTCLM/PTCLM_sitedata/PTCLMDATA_sitedata.txt

CESM input data directory:				/xdisk/chopinsong/chopinsong/CTSM_inputdata
----------------------------------------------------------------

Write /xdisk/chopinsong/sdwilson/CTSM_sabrina/PTCLM/mydatafile/WOOD/1x1pt_WOOD/README.PTCLM with command line
Run command: /bin/chmod +x /xdisk/chopinsong/sdwilson/CTSM_sabrina/PTCLM/mydatafile/WOOD/1x1pt_WOOD/shell_commands
Making input files for the point (this may take a while if creating transient datasets)
Creating map file for a point with no ocean
lat=47.12833
Run command: /home/u8/sdwilson/CTSM_SONG/tools/mkmapdata/mknoocnmap.pl -p 47.12833,260.7609 -name 1x1pt_WOOD > /xdisk/chopinsong/sdwilson/CTSM_sabrina/PTCLM/mydatafile/WOOD/1x1pt_WOOD/mknoocnmap.log
mapfile = /xdisk/chopinsong/sdwilson/CTSM_sabrina/PTCLM/mydatafile/WOOD/1x1pt_WOOD/map_1x1pt_WOOD_noocean_to_1x1pt_WOOD_nomask_aave_da_241110.nc
scripgridfile = /xdisk/chopinsong/sdwilson/CTSM_sabrina/PTCLM/mydatafile/WOOD/1x1pt_WOOD/SCRIPgrid_1x1pt_WOOD_nomask_c241110.nc
Creating data domain
Run command: /home/u8/sdwilson/CTSM_SONG/cime/tools/mapping/gen_domain_files/gen_domain -m /xdisk/chopinsong/sdwilson/CTSM_sabrina/PTCLM/mydatafile/WOOD/1x1pt_WOOD/map_1x1pt_WOOD_noocean_to_1x1pt_WOOD_nomask_aave_da_241110.nc -o navy -l 1x1pt_WOOD -c 'Running gen_domain from PTCLMmkdata' > /xdisk/chopinsong/sdwilson/CTSM_sabrina/PTCLM/mydatafile/WOOD/1x1pt_WOOD/gen_domain.log
domainfile = domain.lnd.1x1pt_WOOD_navy.241110.nc


Re-create surface dataset:	


Re-create mapping files for surface dataset:
('cmd', '/home/u8/sdwilson/CTSM_SONG/tools/mkmapdata/mkmapdata.sh --gridfile /xdisk/chopinsong/sdwilson/CTSM_sabrina/PTCLM/mydatafile/WOOD/1x1pt_WOOD/SCRIPgrid_1x1pt_WOOD_nomask_c241110.nc --res 1x1pt_WOOD --gridtype regional -v > /xdisk/chopinsong/sdwilson/CTSM_sabrina/PTCLM/mydatafile/WOOD/1x1pt_WOOD/mkmapdata.log')
Run command: /home/u8/sdwilson/CTSM_SONG/tools/mkmapdata/mkmapdata.sh --gridfile /xdisk/chopinsong/sdwilson/CTSM_sabrina/PTCLM/mydatafile/WOOD/1x1pt_WOOD/SCRIPgrid_1x1pt_WOOD_nomask_c241110.nc --res 1x1pt_WOOD --gridtype regional -v > /xdisk/chopinsong/sdwilson/CTSM_sabrina/PTCLM/mydatafile/WOOD/1x1pt_WOOD/mkmapdata.log
Replacing PFT information in surface data file
('site name is', 'site_code')
('mysite is', 'WOOD')
('site name is', 'US-Blo')
('mysite is', 'WOOD')
('site name is', 'US-CHATS')
('mysite is', 'WOOD')
('site name is', 'US-FPe')
('mysite is', 'WOOD')
('site name is', 'US-NR1')
('mysite is', 'WOOD')
('site name is', 'CA-Let')
('mysite is', 'WOOD')
('site name is', 'CA-Man')
('mysite is', 'WOOD')
('site name is', 'BR-Sa1')
('mysite is', 'WOOD')
('site name is', 'BR-Sa3')
('mysite is', 'WOOD')
('site name is', 'ES-ES1')
('mysite is', 'WOOD')
('site name is', 'FL-Hyy')
('mysite is', 'WOOD')
('site name is', 'FL-Kaa')
('mysite is', 'WOOD')
('site name is', 'IT-Col')
('mysite is', 'WOOD')
('site name is', 'IT-Cpz')
('mysite is', 'WOOD')
('site name is', 'DE-Tha')
('mysite is', 'WOOD')
('site name is', 'US-Brw')
('mysite is', 'WOOD')
('site name is', 'BE-Vie')
('mysite is', 'WOOD')
('site name is', 'US-ARM')
('mysite is', 'WOOD')
('site name is', 'US-Var')
('mysite is', 'WOOD')
('site name is', 'US-UMB')
('mysite is', 'WOOD')
('site name is', 'US-Ha1')
('mysite is', 'WOOD')
('site name is', 'US-Ho1')
('mysite is', 'WOOD')
('site name is', 'US-MMS')
('mysite is', 'WOOD')
('site name is', 'US-Bo1')
('mysite is', 'WOOD')
('site name is', 'CA-Ca1')
('mysite is', 'WOOD')
('site name is', 'CA-Oas')
('mysite is', 'WOOD')
('site name is', 'CA-Obs')
('mysite is', 'WOOD')
('site name is', 'CA-Ojp')
('mysite is', 'WOOD')
('site name is', 'CA-Qfo')
('mysite is', 'WOOD')
('site name is', 'US-Me4')
('mysite is', 'WOOD')
('site name is', 'US-Me2')
('mysite is', 'WOOD')
('site name is', 'US-MOz')
('mysite is', 'WOOD')
('site name is', 'US-WCr')
('mysite is', 'WOOD')
('site name is', 'US-Dk3')
('mysite is', 'WOOD')
('site name is', 'US-Dk2')
('mysite is', 'WOOD')
('site name is', 'US-IB1')
('mysite is', 'WOOD')
('site name is', 'US-Ne1')
('mysite is', 'WOOD')
('site name is', 'US-Ne3')
('mysite is', 'WOOD')
('site name is', 'TS-Ts1')
('mysite is', 'WOOD')
('site name is', 'TS-Ts2')
('mysite is', 'WOOD')
('site name is', 'TS-Ts3')
('mysite is', 'WOOD')
('site name is', 'LTER-Sev')
('mysite is', 'WOOD')
('site name is', 'RF-Bra')
('mysite is', 'WOOD')
('site name is', 'LBA-Cax')
('mysite is', 'WOOD')
('site name is', 'CornMus')
('mysite is', 'WOOD')
('site name is', 'FtColl')
('mysite is', 'WOOD')
('site name is', 'ISU')
('mysite is', 'WOOD')
('site name is', 'AUR-NY')
('mysite is', 'WOOD')
('site name is', 'Kent')
('mysite is', 'WOOD')
('site name is', 'AMES-IA')
('mysite is', 'WOOD')
('site name is', 'KIMB-ID')
('mysite is', 'WOOD')
('site name is', 'BG-KY')
('mysite is', 'WOOD')
('site name is', 'SP-MN')
('mysite is', 'WOOD')
('site name is', 'PROS-WA')
('mysite is', 'WOOD')
('site name is', 'ISU17')
('mysite is', 'WOOD')
('site name is', 'BOYD')
('mysite is', 'WOOD')
('site name is', 'Idaho')
('mysite is', 'WOOD')
('site name is', 'ISU11')
('mysite is', 'WOOD')
('site name is', 'FAY-ARK')
('mysite is', 'WOOD')
('site name is', 'Flo-SC')
('mysite is', 'WOOD')
('site name is', 'Tift-GA')
('mysite is', 'WOOD')
('site name is', 'Bent-WA')
('mysite is', 'WOOD')
('site name is', 'HA')
('mysite is', 'WOOD')
('site name is', 'Kent2')
('mysite is', 'WOOD')
('site name is', 'KIMB-ID2')
('mysite is', 'WOOD')
('site name is', 'TU-JAP')
('mysite is', 'WOOD')
('site name is', 'SHU-CITY')
('mysite is', 'WOOD')
('site name is', 'LINZ-VIL')
('mysite is', 'WOOD')
('site name is', 'XIAN')
('mysite is', 'WOOD')
('site name is', 'EGYP')
('mysite is', 'WOOD')
('site name is', 'HEA-ID')
('mysite is', 'WOOD')
('site name is', 'TaianCity')
('mysite is', 'WOOD')
('site name is', 'JEL-1')
('mysite is', 'WOOD')
('site name is', 'JEL-2')
('mysite is', 'WOOD')
('site name is', 'ABN-WA')
('mysite is', 'WOOD')
('site name is', 'NAT-NEP')
('mysite is', 'WOOD')
('site name is', 'THAI')
('mysite is', 'WOOD')
('site name is', 'RIV-IT')
('mysite is', 'WOOD')
('site name is', 'BEA-IT')
('mysite is', 'WOOD')
('site name is', 'TOLGA')
('mysite is', 'WOOD')
('site name is', 'QUE-CA')
('mysite is', 'WOOD')
('site name is', 'QUE-CA2')
('mysite is', 'WOOD')
('site name is', 'BJ')
('mysite is', 'WOOD')
('site name is', 'CQ')
('mysite is', 'WOOD')
('site name is', 'CW')
('mysite is', 'WOOD')
('site name is', 'SY')
('mysite is', 'WOOD')
('site name is', 'SQ')
('mysite is', 'WOOD')
('site name is', 'TaianCity2')
('mysite is', 'WOOD')
('site name is', 'ISA-PRO')
('mysite is', 'WOOD')
('site name is', 'NT')
('mysite is', 'WOOD')
('site name is', 'SQ2')
('mysite is', 'WOOD')
('site name is', 'HN')
('mysite is', 'WOOD')
('site name is', 'PESH')
('mysite is', 'WOOD')
('site name is', 'HB')
('mysite is', 'WOOD')
('site name is', 'SY2')
('mysite is', 'WOOD')
('site name is', 'HT')
('mysite is', 'WOOD')
('site name is', 'HN2')
('mysite is', 'WOOD')
('site name is', 'JL2')
('mysite is', 'WOOD')
('site name is', 'XIN')
('mysite is', 'WOOD')
('site name is', 'AKURE')
('mysite is', 'WOOD')
('site name is', 'KT2')
('mysite is', 'WOOD')
('site name is', 'KAPS')
('mysite is', 'WOOD')
('site name is', 'UNI-PAD')
('mysite is', 'WOOD')
('site name is', 'SY3')
('mysite is', 'WOOD')
('site name is', 'UNI-PAD2')
('mysite is', 'WOOD')
('site name is', 'FENG')
('mysite is', 'WOOD')
('site name is', 'FENG2')
('mysite is', 'WOOD')
('site name is', 'ZUR')
('mysite is', 'fatal: No names found, cannot describe anything.
WOOD')
('site name is', 'HUN')
('mysite is', 'WOOD')
('site name is', 'HUAN-HEY')
('mysite is', 'WOOD')
('site name is', 'MAL-SLOV')
('mysite is', 'WOOD')
('site name is', 'PAS-CA')
('mysite is', 'WOOD')
('site name is', 'CW2')
('mysite is', 'WOOD')
('site name is', 'site2')
('mysite is', 'WOOD')
('site name is', 'site4')
('mysite is', 'WOOD')
('site name is', 'site5')
('mysite is', 'WOOD')
('site name is', 'site6')
('mysite is', 'WOOD')
('site name is', 'site1')
('mysite is', 'WOOD')
('site name is', 'site7')
('mysite is', 'WOOD')
('site name is', 'site8')
('mysite is', 'WOOD')
('site name is', 'site13')
('mysite is', 'WOOD')
('site name is', 'site14')
('mysite is', 'WOOD')
('site name is', 'site15')
('mysite is', 'WOOD')
('site name is', 'site16')
('mysite is', 'WOOD')
('site name is', 'site18')
('mysite is', 'WOOD')
('site name is', 'site22')
('mysite is', 'WOOD')
('site name is', 'site23')
('mysite is', 'WOOD')
('site name is', 'site24')
('mysite is', 'WOOD')
('site name is', 'site25')
('mysite is', 'WOOD')
('site name is', 'site26')
('mysite is', 'WOOD')
('site name is', 'site28')
('mysite is', 'WOOD')
('site name is', 'site29')
('mysite is', 'WOOD')
('site name is', 'site31')
('mysite is', 'WOOD')
('site name is', 'site32')
('mysite is', 'WOOD')
('site name is', 'site34')
('mysite is', 'WOOD')
('site name is', 'site36')
('mysite is', 'WOOD')
('site name is', 'site38')
('mysite is', 'WOOD')
('site name is', 'site39')
('mysite is', 'WOOD')
('site name is', 'site3')
('mysite is', 'WOOD')
('site name is', 'site21')
('mysite is', 'WOOD')
('site name is', 'site17')
('mysite is', 'WOOD')
('site name is', 'site9')
('mysite is', 'WOOD')
('site name is', 'site10')
('mysite is', 'WOOD')
('site name is', 'site11')
('mysite is', 'WOOD')
('site name is', 'site19')
('mysite is', 'WOOD')
('site name is', 'site20')
('mysite is', 'WOOD')
('site name is', 'site30')
('mysite is', 'WOOD')
('site name is', 'site33')
('mysite is', 'WOOD')
('site name is', 'site35')
('mysite is', 'WOOD')
('site name is', 'site37')
('mysite is', 'WOOD')
('site name is', 'GUAN')
('mysite is', 'WOOD')
('site name is', 'WOOD')
('mysite is', 'WOOD')
('site name is', 'YELL')
('mysite is', 'WOOD')
('site name is', 'SRER')
('mysite is', 'WOOD')
('site name is', 'TEAK')
('mysite is', 'WOOD')
('site name is', 'KNOZ')
('mysite is', 'WOOD')
('site name is', 'ONAQ')
('mysite is', 'WOOD')
('site name is', 'HARV')
('mysite is', 'WOOD')
('site name is', 'STER')
('mysite is', 'WOOD')
('site name is', 'OAES')
('mysite is', 'WOOD')
('site name is', 'JORN')
('mysite is', 'WOOD')
('site name is', 'BLAN')
('mysite is', 'WOOD')
('site name is', 'SCBI')
('mysite is', 'WOOD')
('site name is', 'SERC')
('mysite is', 'WOOD')
('site name is', 'DSNY')
('mysite is', 'WOOD')
('site name is', 'JERC')
('mysite is', 'WOOD')
('site name is', 'OSBS')
('mysite is', 'WOOD')
('site name is', 'TREE')
('mysite is', 'WOOD')
('site name is', 'UNDE')
('mysite is', 'WOOD')
('site name is', 'KONA')
('mysite is', 'WOOD')
('site name is', 'UKFS')
('mysite is', 'WOOD')
('site name is', 'MLBS')
('mysite is', 'WOOD')
('site name is', 'ORNL')
('mysite is', 'WOOD')
('site name is', 'DCFS')
('mysite is', 'WOOD')
('site name is', 'NOGP')
('mysite is', 'WOOD')
('site name is', 'LENO')
('mysite is', 'WOOD')
('site name is', 'TALL')
('mysite is', 'WOOD')
('site name is', 'ABBY')
('mysite is', 'WOOD')
('site name is', 'SOAP')
('mysite is', 'WOOD')
Replacing soil information in surface data file
 sandpct=55.3 claypct=19.7
Run command: /home/u8/sdwilson/CTSM_SONG/tools/mksurfdata_map/mksurfdata.pl -res usrspec -usr_gname 1x1pt_WOOD -usr_gdate 241110 -usr_mapdir /xdisk/chopinsong/sdwilson/CTSM_sabrina/PTCLM/mydatafile/WOOD/1x1pt_WOOD -dinlc /xdisk/chopinsong/chopinsong/CTSM_inputdata -y 2000 -soil_cly 19.7 -soil_snd 55.3 -pft_frc "[100.0]" -pft_idx "[13]" -crop  > /xdisk/chopinsong/sdwilson/CTSM_sabrina/PTCLM/mydatafile/WOOD/1x1pt_WOOD/mksurfdata_map.log
surface file = /xdisk/chopinsong/sdwilson/CTSM_sabrina/PTCLM/mydatafile/WOOD/1x1pt_WOOD/surfdata_1x1pt_WOOD_hist_78pfts_CMIP6_simyr2000_c241110.nc
surface log file = /xdisk/chopinsong/sdwilson/CTSM_sabrina/PTCLM/mydatafile/WOOD/1x1pt_WOOD/surfdata_1x1pt_WOOD_hist_78pfts_CMIP6_simyr2000_c241110.log
datm_dir path=/xdisk/chopinsong/sdwilson/CTSM_sabrina/PTCLM/mydatafile/WOOD/1x1pt_WOOD/CLM1PT_data

write climate forcing data and namelist
Data created successfully in /xdisk/chopinsong/sdwilson/CTSM_sabrina/PTCLM/mydatafile/WOOD/1x1pt_WOOD

Detailed performance metrics for this job will be available at https://metrics.hpc.arizona.edu/#job_viewer?action=show&realm=SUPREMM&resource_id=73&local_job_id=10757215 by 8am on 2024/11/11.
