/opt/ohpc/pub/apps/ncl_ncarg/6.6.2/bin/ncl
fatal: No names found, cannot describe anything.
rm: cannot remove ‘PET*.Log’: No such file or directory
---------------- PTCLMmkdata version PTCLM2_20200118-----------------------------

   /var/spool/slurm/d/job10485672/slurm_script --ctsm_root /home/u8/sdwilson/CTSM_SONG -s OAES -d /xdisk/chopinsong/chopinsong/CTSM_inputdata --map_gdate 240920 --crop --mydatadir=/xdisk/chopinsong/sdwilson/CTSM_sabrina/PTCLM/mydatafile/OAES 

   OPTIONS:

Site name:						OAES

Root CTSM directory:					/home/u8/sdwilson/CTSM_SONG
Root CIME directory:					/home/u8/sdwilson/CTSM_SONG/cime
** Surface data file will be built using site-level data when available unless otherwise specified ** 

	Extract PFT data from gridded files:		False
	Extract soil data from gridded files:		False

Open Site data file: /home/u8/sdwilson/CTSM_SONG/tools/PTCLM/PTCLM_sitedata/PTCLMDATA_sitedata.txt

CESM input data directory:				/xdisk/chopinsong/chopinsong/CTSM_inputdata
----------------------------------------------------------------

Write /xdisk/chopinsong/sdwilson/CTSM_sabrina/PTCLM/mydatafile/OAES/1x1pt_OAES/README.PTCLM with command line
Run command: /bin/chmod +x /xdisk/chopinsong/sdwilson/CTSM_sabrina/PTCLM/mydatafile/OAES/1x1pt_OAES/shell_commands
Making input files for the point (this may take a while if creating transient datasets)
Creating map file for a point with no ocean
lat=35.41
Run command: /home/u8/sdwilson/CTSM_SONG/tools/mkmapdata/mknoocnmap.pl -p 35.41,260.94 -name 1x1pt_OAES > /xdisk/chopinsong/sdwilson/CTSM_sabrina/PTCLM/mydatafile/OAES/1x1pt_OAES/mknoocnmap.log
mapfile = /xdisk/chopinsong/sdwilson/CTSM_sabrina/PTCLM/mydatafile/OAES/1x1pt_OAES/map_1x1pt_OAES_noocean_to_1x1pt_OAES_nomask_aave_da_240920.nc
scripgridfile = /xdisk/chopinsong/sdwilson/CTSM_sabrina/PTCLM/mydatafile/OAES/1x1pt_OAES/SCRIPgrid_1x1pt_OAES_nomask_c240920.nc
Creating data domain
Run command: /home/u8/sdwilson/CTSM_SONG/cime/tools/mapping/gen_domain_files/gen_domain -m /xdisk/chopinsong/sdwilson/CTSM_sabrina/PTCLM/mydatafile/OAES/1x1pt_OAES/map_1x1pt_OAES_noocean_to_1x1pt_OAES_nomask_aave_da_240920.nc -o navy -l 1x1pt_OAES -c 'Running gen_domain from PTCLMmkdata' > /xdisk/chopinsong/sdwilson/CTSM_sabrina/PTCLM/mydatafile/OAES/1x1pt_OAES/gen_domain.log
domainfile = domain.lnd.1x1pt_OAES_navy.240920.nc


Re-create surface dataset:	


Re-create mapping files for surface dataset:
('cmd', '/home/u8/sdwilson/CTSM_SONG/tools/mkmapdata/mkmapdata.sh --gridfile /xdisk/chopinsong/sdwilson/CTSM_sabrina/PTCLM/mydatafile/OAES/1x1pt_OAES/SCRIPgrid_1x1pt_OAES_nomask_c240920.nc --res 1x1pt_OAES --gridtype regional -v > /xdisk/chopinsong/sdwilson/CTSM_sabrina/PTCLM/mydatafile/OAES/1x1pt_OAES/mkmapdata.log')
Run command: /home/u8/sdwilson/CTSM_SONG/tools/mkmapdata/mkmapdata.sh --gridfile /xdisk/chopinsong/sdwilson/CTSM_sabrina/PTCLM/mydatafile/OAES/1x1pt_OAES/SCRIPgrid_1x1pt_OAES_nomask_c240920.nc --res 1x1pt_OAES --gridtype regional -v > /xdisk/chopinsong/sdwilson/CTSM_sabrina/PTCLM/mydatafile/OAES/1x1pt_OAES/mkmapdata.log
Replacing PFT information in surface data file
('site name is', 'site_code')
('mysite is', 'OAES')
('site name is', 'US-Blo')
('mysite is', 'OAES')
('site name is', 'US-CHATS')
('mysite is', 'OAES')
('site name is', 'US-FPe')
('mysite is', 'OAES')
('site name is', 'US-NR1')
('mysite is', 'OAES')
('site name is', 'CA-Let')
('mysite is', 'OAES')
('site name is', 'CA-Man')
('mysite is', 'OAES')
('site name is', 'BR-Sa1')
('mysite is', 'OAES')
('site name is', 'BR-Sa3')
('mysite is', 'OAES')
('site name is', 'ES-ES1')
('mysite is', 'OAES')
('site name is', 'FL-Hyy')
('mysite is', 'OAES')
('site name is', 'FL-Kaa')
('mysite is', 'OAES')
('site name is', 'IT-Col')
('mysite is', 'OAES')
('site name is', 'IT-Cpz')
('mysite is', 'OAES')
('site name is', 'DE-Tha')
('mysite is', 'OAES')
('site name is', 'US-Brw')
('mysite is', 'OAES')
('site name is', 'BE-Vie')
('mysite is', 'OAES')
('site name is', 'US-ARM')
('mysite is', 'OAES')
('site name is', 'US-Var')
('mysite is', 'OAES')
('site name is', 'US-UMB')
('mysite is', 'OAES')
('site name is', 'US-Ha1')
('mysite is', 'OAES')
('site name is', 'US-Ho1')
('mysite is', 'OAES')
('site name is', 'US-MMS')
('mysite is', 'OAES')
('site name is', 'US-Bo1')
('mysite is', 'OAES')
('site name is', 'CA-Ca1')
('mysite is', 'OAES')
('site name is', 'CA-Oas')
('mysite is', 'OAES')
('site name is', 'CA-Obs')
('mysite is', 'OAES')
('site name is', 'CA-Ojp')
('mysite is', 'OAES')
('site name is', 'CA-Qfo')
('mysite is', 'OAES')
('site name is', 'US-Me4')
('mysite is', 'OAES')
('site name is', 'US-Me2')
('mysite is', 'OAES')
('site name is', 'US-MOz')
('mysite is', 'OAES')
('site name is', 'US-WCr')
('mysite is', 'OAES')
('site name is', 'US-Dk3')
('mysite is', 'OAES')
('site name is', 'US-Dk2')
('mysite is', 'OAES')
('site name is', 'US-IB1')
('mysite is', 'OAES')
('site name is', 'US-Ne1')
('mysite is', 'OAES')
('site name is', 'US-Ne3')
('mysite is', 'OAES')
('site name is', 'TS-Ts1')
('mysite is', 'OAES')
('site name is', 'TS-Ts2')
('mysite is', 'OAES')
('site name is', 'TS-Ts3')
('mysite is', 'OAES')
('site name is', 'LTER-Sev')
('mysite is', 'OAES')
('site name is', 'RF-Bra')
('mysite is', 'OAES')
('site name is', 'LBA-Cax')
('mysite is', 'OAES')
('site name is', 'CornMus')
('mysite is', 'OAES')
('site name is', 'FtColl')
('mysite is', 'OAES')
('site name is', 'ISU')
('mysite is', 'OAES')
('site name is', 'AUR-NY')
('mysite is', 'OAES')
('site name is', 'Kent')
('mysite is', 'OAES')
('site name is', 'AMES-IA')
('mysite is', 'OAES')
('site name is', 'KIMB-ID')
('mysite is', 'OAES')
('site name is', 'BG-KY')
('mysite is', 'OAES')
('site name is', 'SP-MN')
('mysite is', 'OAES')
('site name is', 'PROS-WA')
('mysite is', 'OAES')
('site name is', 'ISU17')
('mysite is', 'OAES')
('site name is', 'BOYD')
('mysite is', 'OAES')
('site name is', 'Idaho')
('mysite is', 'OAES')
('site name is', 'ISU11')
('mysite is', 'OAES')
('site name is', 'FAY-ARK')
('mysite is', 'OAES')
('site name is', 'Flo-SC')
('mysite is', 'OAES')
('site name is', 'Tift-GA')
('mysite is', 'OAES')
('site name is', 'Bent-WA')
('mysite is', 'OAES')
('site name is', 'HA')
('mysite is', 'OAES')
('site name is', 'Kent2')
('mysite is', 'OAES')
('site name is', 'KIMB-ID2')
('mysite is', 'OAES')
('site name is', 'TU-JAP')
('mysite is', 'OAES')
('site name is', 'SHU-CITY')
('mysite is', 'OAES')
('site name is', 'LINZ-VIL')
('mysite is', 'OAES')
('site name is', 'XIAN')
('mysite is', 'OAES')
('site name is', 'EGYP')
('mysite is', 'OAES')
('site name is', 'HEA-ID')
('mysite is', 'OAES')
('site name is', 'TaianCity')
('mysite is', 'OAES')
('site name is', 'JEL-1')
('mysite is', 'OAES')
('site name is', 'JEL-2')
('mysite is', 'OAES')
('site name is', 'ABN-WA')
('mysite is', 'OAES')
('site name is', 'NAT-NEP')
('mysite is', 'OAES')
('site name is', 'THAI')
('mysite is', 'OAES')
('site name is', 'RIV-IT')
('mysite is', 'OAES')
('site name is', 'BEA-IT')
('mysite is', 'OAES')
('site name is', 'TOLGA')
('mysite is', 'OAES')
('site name is', 'QUE-CA')
('mysite is', 'OAES')
('site name is', 'QUE-CA2')
('mysite is', 'OAES')
('site name is', 'BJ')
('mysite is', 'OAES')
('site name is', 'CQ')
('mysite is', 'OAES')
('site name is', 'CW')
('mysite is', 'OAES')
('site name is', 'SY')
('mysite is', 'OAES')
('site name is', 'SQ')
('mysite is', 'OAES')
('site name is', 'TaianCity2')
('mysite is', 'OAES')
('site name is', 'ISA-PRO')
('mysite is', 'OAES')
('site name is', 'NT')
('mysite is', 'OAES')
('site name is', 'SQ2')
('mysite is', 'OAES')
('site name is', 'HN')
('mysite is', 'OAES')
('site name is', 'PESH')
('mysite is', 'OAES')
('site name is', 'HB')
('mysite is', 'OAES')
('site name is', 'SY2')
('mysite is', 'OAES')
('site name is', 'HT')
('mysite is', 'OAES')
('site name is', 'HN2')
('mysite is', 'OAES')
('site name is', 'JL2')
('mysite is', 'OAES')
('site name is', 'XIN')
('mysite is', 'OAES')
('site name is', 'AKURE')
('mysite is', 'OAES')
('site name is', 'KT2')
('mysite is', 'OAES')
('site name is', 'KAPS')
('mysite is', 'OAES')
('site name is', 'UNI-PAD')
('mysite is', 'OAES')
('site name is', 'SY3')
('mysite is', 'OAES')
('site name is', 'UNI-PAD2')
('mysite is', 'OAES')
('site name is', 'FENG')
('mysite is', 'OAES')
('site name is', 'FENG2')
('mysite is', 'OAES')
('site name is', 'ZUR')
('mysite is', 'OAES')
(fatal: No names found, cannot describe anything.
'site name is', 'HUN')
('mysite is', 'OAES')
('site name is', 'HUAN-HEY')
('mysite is', 'OAES')
('site name is', 'MAL-SLOV')
('mysite is', 'OAES')
('site name is', 'PAS-CA')
('mysite is', 'OAES')
('site name is', 'CW2')
('mysite is', 'OAES')
('site name is', 'site2')
('mysite is', 'OAES')
('site name is', 'site4')
('mysite is', 'OAES')
('site name is', 'site5')
('mysite is', 'OAES')
('site name is', 'site6')
('mysite is', 'OAES')
('site name is', 'site1')
('mysite is', 'OAES')
('site name is', 'site7')
('mysite is', 'OAES')
('site name is', 'site8')
('mysite is', 'OAES')
('site name is', 'site13')
('mysite is', 'OAES')
('site name is', 'site14')
('mysite is', 'OAES')
('site name is', 'site15')
('mysite is', 'OAES')
('site name is', 'site16')
('mysite is', 'OAES')
('site name is', 'site18')
('mysite is', 'OAES')
('site name is', 'site22')
('mysite is', 'OAES')
('site name is', 'site23')
('mysite is', 'OAES')
('site name is', 'site24')
('mysite is', 'OAES')
('site name is', 'site25')
('mysite is', 'OAES')
('site name is', 'site26')
('mysite is', 'OAES')
('site name is', 'site28')
('mysite is', 'OAES')
('site name is', 'site29')
('mysite is', 'OAES')
('site name is', 'site31')
('mysite is', 'OAES')
('site name is', 'site32')
('mysite is', 'OAES')
('site name is', 'site34')
('mysite is', 'OAES')
('site name is', 'site36')
('mysite is', 'OAES')
('site name is', 'site38')
('mysite is', 'OAES')
('site name is', 'site39')
('mysite is', 'OAES')
('site name is', 'site3')
('mysite is', 'OAES')
('site name is', 'site21')
('mysite is', 'OAES')
('site name is', 'site17')
('mysite is', 'OAES')
('site name is', 'site9')
('mysite is', 'OAES')
('site name is', 'site10')
('mysite is', 'OAES')
('site name is', 'site11')
('mysite is', 'OAES')
('site name is', 'site19')
('mysite is', 'OAES')
('site name is', 'site20')
('mysite is', 'OAES')
('site name is', 'site30')
('mysite is', 'OAES')
('site name is', 'site33')
('mysite is', 'OAES')
('site name is', 'site35')
('mysite is', 'OAES')
('site name is', 'site37')
('mysite is', 'OAES')
('site name is', 'GUAN')
('mysite is', 'OAES')
('site name is', 'WOOD')
('mysite is', 'OAES')
('site name is', 'YELL')
('mysite is', 'OAES')
('site name is', 'SRER')
('mysite is', 'OAES')
('site name is', 'TEAK')
('mysite is', 'OAES')
('site name is', 'KNOZ')
('mysite is', 'OAES')
('site name is', 'ONAQ')
('mysite is', 'OAES')
('site name is', 'HARV')
('mysite is', 'OAES')
('site name is', 'STER')
('mysite is', 'OAES')
('site name is', 'OAES')
('mysite is', 'OAES')
('site name is', 'JORN')
('mysite is', 'OAES')
('site name is', 'BLAN')
('mysite is', 'OAES')
('site name is', 'SCBI')
('mysite is', 'OAES')
('site name is', 'SERC')
('mysite is', 'OAES')
('site name is', 'DSNY')
('mysite is', 'OAES')
('site name is', 'JERC')
('mysite is', 'OAES')
('site name is', 'OSBS')
('mysite is', 'OAES')
('site name is', 'TREE')
('mysite is', 'OAES')
('site name is', 'UNDE')
('mysite is', 'OAES')
('site name is', 'KONA')
('mysite is', 'OAES')
('site name is', 'UKFS')
('mysite is', 'OAES')
('site name is', 'MLBS')
('mysite is', 'OAES')
('site name is', 'ORNL')
('mysite is', 'OAES')
('site name is', 'DCFS')
('mysite is', 'OAES')
('site name is', 'NOGP')
('mysite is', 'OAES')
('site name is', 'LENO')
('mysite is', 'OAES')
('site name is', 'TALL')
('mysite is', 'OAES')
('site name is', 'ABBY')
('mysite is', 'OAES')
('site name is', 'SOAP')
('mysite is', 'OAES')
Replacing soil information in surface data file
 sandpct=12.9 claypct=16.1
Run command: /home/u8/sdwilson/CTSM_SONG/tools/mksurfdata_map/mksurfdata.pl -res usrspec -usr_gname 1x1pt_OAES -usr_gdate 240920 -usr_mapdir /xdisk/chopinsong/sdwilson/CTSM_sabrina/PTCLM/mydatafile/OAES/1x1pt_OAES -dinlc /xdisk/chopinsong/chopinsong/CTSM_inputdata -y 2000 -soil_cly 16.1 -soil_snd 12.9 -pft_frc "[100.0]" -pft_idx "[14]" -crop  > /xdisk/chopinsong/sdwilson/CTSM_sabrina/PTCLM/mydatafile/OAES/1x1pt_OAES/mksurfdata_map.log
surface file = /xdisk/chopinsong/sdwilson/CTSM_sabrina/PTCLM/mydatafile/OAES/1x1pt_OAES/surfdata_1x1pt_OAES_hist_78pfts_CMIP6_simyr2000_c240920.nc
surface log file = /xdisk/chopinsong/sdwilson/CTSM_sabrina/PTCLM/mydatafile/OAES/1x1pt_OAES/surfdata_1x1pt_OAES_hist_78pfts_CMIP6_simyr2000_c240920.log
datm_dir path=/xdisk/chopinsong/sdwilson/CTSM_sabrina/PTCLM/mydatafile/OAES/1x1pt_OAES/CLM1PT_data

write climate forcing data and namelist
Data created successfully in /xdisk/chopinsong/sdwilson/CTSM_sabrina/PTCLM/mydatafile/OAES/1x1pt_OAES

Detailed performance metrics for this job will be available at https://metrics.hpc.arizona.edu/#job_viewer?action=show&realm=SUPREMM&resource_id=73&local_job_id=10485672 by 8am on 2024/09/21.
