/opt/ohpc/pub/apps/ncl_ncarg/6.6.2/bin/ncl
fatal: No names found, cannot describe anything.
fatal: Not a git repository (or any parent up to mount point /xdisk)
Stopping at filesystem boundary (GIT_DISCOVERY_ACROSS_FILESYSTEM not set).
---------------- PTCLMmkdata version PTCLM2_20200118-----------------------------

   /var/spool/slurm/d/job10361939/slurm_script --ctsm_root /home/u8/sdwilson/CTSM_SONG -s GUAN -d /xdisk/chopinsong/chopinsong/CTSM_inputdata --map_gdate 240904 --crop --mydatadir=/xdisk/chopinsong/sdwilson/CTSM_sabrina/PTCLM/mydatafile/GUAN 

   OPTIONS:

Site name:						GUAN

Root CTSM directory:					/home/u8/sdwilson/CTSM_SONG
Root CIME directory:					/home/u8/sdwilson/CTSM_SONG/cime
** Surface data file will be built using site-level data when available unless otherwise specified ** 

	Extract PFT data from gridded files:		False
	Extract soil data from gridded files:		False

Open Site data file: /home/u8/sdwilson/CTSM_SONG/tools/PTCLM/PTCLM_sitedata/PTCLMDATA_sitedata.txt

CESM input data directory:				/xdisk/chopinsong/chopinsong/CTSM_inputdata
----------------------------------------------------------------

Write /xdisk/chopinsong/sdwilson/CTSM_sabrina/PTCLM/mydatafile/GUAN/1x1pt_GUAN/README.PTCLM with command line
Run command: /bin/chmod +x /xdisk/chopinsong/sdwilson/CTSM_sabrina/PTCLM/mydatafile/GUAN/1x1pt_GUAN/shell_commands
Making input files for the point (this may take a while if creating transient datasets)
Creating map file for a point with no ocean
lat=17.96882
Run command: /home/u8/sdwilson/CTSM_SONG/tools/mkmapdata/mknoocnmap.pl -p 17.96882,293.1311 -name 1x1pt_GUAN > /xdisk/chopinsong/sdwilson/CTSM_sabrina/PTCLM/mydatafile/GUAN/1x1pt_GUAN/mknoocnmap.log
mapfile = /xdisk/chopinsong/sdwilson/CTSM_sabrina/PTCLM/mydatafile/GUAN/1x1pt_GUAN/map_1x1pt_GUAN_noocean_to_1x1pt_GUAN_nomask_aave_da_240904.nc
scripgridfile = /xdisk/chopinsong/sdwilson/CTSM_sabrina/PTCLM/mydatafile/GUAN/1x1pt_GUAN/SCRIPgrid_1x1pt_GUAN_nomask_c240904.nc
Creating data domain
Run command: /home/u8/sdwilson/CTSM_SONG/cime/tools/mapping/gen_domain_files/gen_domain -m /xdisk/chopinsong/sdwilson/CTSM_sabrina/PTCLM/mydatafile/GUAN/1x1pt_GUAN/map_1x1pt_GUAN_noocean_to_1x1pt_GUAN_nomask_aave_da_240904.nc -o navy -l 1x1pt_GUAN -c 'Running gen_domain from PTCLMmkdata' > /xdisk/chopinsong/sdwilson/CTSM_sabrina/PTCLM/mydatafile/GUAN/1x1pt_GUAN/gen_domain.log
domainfile = domain.lnd.1x1pt_GUAN_navy.240904.nc


Re-create surface dataset:	


Re-create mapping files for surface dataset:
('cmd', '/home/u8/sdwilson/CTSM_SONG/tools/mkmapdata/mkmapdata.sh --gridfile /xdisk/chopinsong/sdwilson/CTSM_sabrina/PTCLM/mydatafile/GUAN/1x1pt_GUAN/SCRIPgrid_1x1pt_GUAN_nomask_c240904.nc --res 1x1pt_GUAN --gridtype regional -v > /xdisk/chopinsong/sdwilson/CTSM_sabrina/PTCLM/mydatafile/GUAN/1x1pt_GUAN/mkmapdata.log')
Run command: /home/u8/sdwilson/CTSM_SONG/tools/mkmapdata/mkmapdata.sh --gridfile /xdisk/chopinsong/sdwilson/CTSM_sabrina/PTCLM/mydatafile/GUAN/1x1pt_GUAN/SCRIPgrid_1x1pt_GUAN_nomask_c240904.nc --res 1x1pt_GUAN --gridtype regional -v > /xdisk/chopinsong/sdwilson/CTSM_sabrina/PTCLM/mydatafile/GUAN/1x1pt_GUAN/mkmapdata.log
Replacing PFT information in surface data file
('site name is', 'site_code')
('mysite is', 'GUAN')
('site name is', 'US-Blo')
('mysite is', 'GUAN')
('site name is', 'US-CHATS')
('mysite is', 'GUAN')
('site name is', 'US-FPe')
('mysite is', 'GUAN')
('site name is', 'US-NR1')
('mysite is', 'GUAN')
('site name is', 'CA-Let')
('mysite is', 'GUAN')
('site name is', 'CA-Man')
('mysite is', 'GUAN')
('site name is', 'BR-Sa1')
('mysite is', 'GUAN')
('site name is', 'BR-Sa3')
('mysite is', 'GUAN')
('site name is', 'ES-ES1')
('mysite is', 'GUAN')
('site name is', 'FL-Hyy')
('mysite is', 'GUAN')
('site name is', 'FL-Kaa')
('mysite is', 'GUAN')
('site name is', 'IT-Col')
('mysite is', 'GUAN')
('site name is', 'IT-Cpz')
('mysite is', 'GUAN')
('site name is', 'DE-Tha')
('mysite is', 'GUAN')
('site name is', 'US-Brw')
('mysite is', 'GUAN')
('site name is', 'BE-Vie')
('mysite is', 'GUAN')
('site name is', 'US-ARM')
('mysite is', 'GUAN')
('site name is', 'US-Var')
('mysite is', 'GUAN')
('site name is', 'US-UMB')
('mysite is', 'GUAN')
('site name is', 'US-Ha1')
('mysite is', 'GUAN')
('site name is', 'US-Ho1')
('mysite is', 'GUAN')
('site name is', 'US-MMS')
('mysite is', 'GUAN')
('site name is', 'US-Bo1')
('mysite is', 'GUAN')
('site name is', 'CA-Ca1')
('mysite is', 'GUAN')
('site name is', 'CA-Oas')
('mysite is', 'GUAN')
('site name is', 'CA-Obs')
('mysite is', 'GUAN')
('site name is', 'CA-Ojp')
('mysite is', 'GUAN')
('site name is', 'CA-Qfo')
('mysite is', 'GUAN')
('site name is', 'US-Me4')
('mysite is', 'GUAN')
('site name is', 'US-Me2')
('mysite is', 'GUAN')
('site name is', 'US-MOz')
('mysite is', 'GUAN')
('site name is', 'US-WCr')
('mysite is', 'GUAN')
('site name is', 'US-Dk3')
('mysite is', 'GUAN')
('site name is', 'US-Dk2')
('mysite is', 'GUAN')
('site name is', 'US-IB1')
('mysite is', 'GUAN')
('site name is', 'US-Ne1')
('mysite is', 'GUAN')
('site name is', 'US-Ne3')
('mysite is', 'GUAN')
('site name is', 'TS-Ts1')
('mysite is', 'GUAN')
('site name is', 'TS-Ts2')
('mysite is', 'GUAN')
('site name is', 'TS-Ts3')
('mysite is', 'GUAN')
('site name is', 'LTER-Sev')
('mysite is', 'GUAN')
('site name is', 'RF-Bra')
('mysite is', 'GUAN')
('site name is', 'LBA-Cax')
('mysite is', 'GUAN')
('site name is', 'CornMus')
('mysite is', 'GUAN')
('site name is', 'FtColl')
('mysite is', 'GUAN')
('site name is', 'ISU')
('mysite is', 'GUAN')
('site name is', 'AUR-NY')
('mysite is', 'GUAN')
('site name is', 'Kent')
('mysite is', 'GUAN')
('site name is', 'AMES-IA')
('mysite is', 'GUAN')
('site name is', 'KIMB-ID')
('mysite is', 'GUAN')
('site name is', 'BG-KY')
('mysite is', 'GUAN')
('site name is', 'SP-MN')
('mysite is', 'GUAN')
('site name is', 'PROS-WA')
('mysite is', 'GUAN')
('site name is', 'ISU17')
('mysite is', 'GUAN')
('site name is', 'BOYD')
('mysite is', 'GUAN')
('site name is', 'Idaho')
('mysite is', 'GUAN')
('site name is', 'ISU11')
('mysite is', 'GUAN')
('site name is', 'FAY-ARK')
('mysite is', 'GUAN')
('site name is', 'Flo-SC')
('mysite is', 'GUAN')
('site name is', 'Tift-GA')
('mysite is', 'GUAN')
('site name is', 'Bent-WA')
('mysite is', 'GUAN')
('site name is', 'HA')
('mysite is', 'GUAN')
('site name is', 'Kent2')
('mysite is', 'GUAN')
('site name is', 'KIMB-ID2')
('mysite is', 'GUAN')
('site name is', 'TU-JAP')
('mysite is', 'GUAN')
('site name is', 'SHU-CITY')
('mysite is', 'GUAN')
('site name is', 'LINZ-VIL')
('mysite is', 'GUAN')
('site name is', 'XIAN')
('mysite is', 'GUAN')
('site name is', 'EGYP')
('mysite is', 'GUAN')
('site name is', 'HEA-ID')
('mysite is', 'GUAN')
('site name is', 'TaianCity')
('mysite is', 'GUAN')
('site name is', 'JEL-1')
('mysite is', 'GUAN')
('site name is', 'JEL-2')
('mysite is', 'GUAN')
('site name is', 'ABN-WA')
('mysite is', 'GUAN')
('site name is', 'NAT-NEP')
('mysite is', 'GUAN')
('site name is', 'THAI')
('mysite is', 'GUAN')
('site name is', 'RIV-IT')
('mysite is', 'GUAN')
('site name is', 'BEA-IT')
('mysite is', 'GUAN')
('site name is', 'TOLGA')
('mysite is', 'GUAN')
('site name is', 'QUE-CA')
('mysite is', 'GUAN')
('site name is', 'QUE-CA2')
('mysite is', 'GUAN')
('site name is', 'BJ')
('mysite is', 'GUAN')
('site name is', 'CQ')
('mysite is', 'GUAN')
('site name is', 'CW')
('mysite is', 'GUAN')
('site name is', 'SY')
('mysite is', 'GUAN')
('site name is', 'SQ')
('mysite is', 'GUAN')
('site name is', 'TaianCity2')
('mysite is', 'GUAN')
('site name is', 'ISA-PRO')
('mysite is', 'GUAN')
('site name is', 'NT')
('mysite is', 'GUAN')
('site name is', 'SQ2')
('mysite is', 'GUAN')
('site name is', 'HN')
('mysite is', 'GUAN')
('site name is', 'PESH')
('mysite is', 'GUAN')
('site name is', 'HB')
('mysite is', 'GUAN')
('site name is', 'SY2')
('mysite is', 'GUAN')
('site name is', 'HT')
('mysite is', 'GUAN')
('site name is', 'HN2')
('mysite is', 'GUAN')
('site name is', 'JL2')
('mysite is', 'GUAN')
('site name is', 'XIN')
('mysite is', 'GUAN')
('site name is', 'AKURE')
('mysite is', 'GUAN')
('site name is', 'KT2')
('mysite is', 'GUAN')
('site name is', 'KAPS')
('mysite is', 'GUAN')
('site name is', 'UNI-PAD')
('mysite is', 'GUAN')
('site name is', 'SY3')
('mysite is', 'GUAN')
('site name is', 'UNI-PAD2')
('mysite is', 'GUAN')
('site name is', 'FENG')
('mysite is', 'GUAN')
('site name is', 'FENG2')
('mysite is', 'GUAN')
('site name is', 'ZUR')
('mysite is', 'fatal: No names found, cannot describe anything.
GUAN')
('site name is', 'HUN')
('mysite is', 'GUAN')
('site name is', 'HUAN-HEY')
('mysite is', 'GUAN')
('site name is', 'MAL-SLOV')
('mysite is', 'GUAN')
('site name is', 'PAS-CA')
('mysite is', 'GUAN')
('site name is', 'CW2')
('mysite is', 'GUAN')
('site name is', 'site2')
('mysite is', 'GUAN')
('site name is', 'site4')
('mysite is', 'GUAN')
('site name is', 'site5')
('mysite is', 'GUAN')
('site name is', 'site6')
('mysite is', 'GUAN')
('site name is', 'site1')
('mysite is', 'GUAN')
('site name is', 'site7')
('mysite is', 'GUAN')
('site name is', 'site8')
('mysite is', 'GUAN')
('site name is', 'site13')
('mysite is', 'GUAN')
('site name is', 'site14')
('mysite is', 'GUAN')
('site name is', 'site15')
('mysite is', 'GUAN')
('site name is', 'site16')
('mysite is', 'GUAN')
('site name is', 'site18')
('mysite is', 'GUAN')
('site name is', 'site22')
('mysite is', 'GUAN')
('site name is', 'site23')
('mysite is', 'GUAN')
('site name is', 'site24')
('mysite is', 'GUAN')
('site name is', 'site25')
('mysite is', 'GUAN')
('site name is', 'site26')
('mysite is', 'GUAN')
('site name is', 'site28')
('mysite is', 'GUAN')
('site name is', 'site29')
('mysite is', 'GUAN')
('site name is', 'site31')
('mysite is', 'GUAN')
('site name is', 'site32')
('mysite is', 'GUAN')
('site name is', 'site34')
('mysite is', 'GUAN')
('site name is', 'site36')
('mysite is', 'GUAN')
('site name is', 'site38')
('mysite is', 'GUAN')
('site name is', 'site39')
('mysite is', 'GUAN')
('site name is', 'site3')
('mysite is', 'GUAN')
('site name is', 'site21')
('mysite is', 'GUAN')
('site name is', 'site17')
('mysite is', 'GUAN')
('site name is', 'site9')
('mysite is', 'GUAN')
('site name is', 'site10')
('mysite is', 'GUAN')
('site name is', 'site11')
('mysite is', 'GUAN')
('site name is', 'site19')
('mysite is', 'GUAN')
('site name is', 'site20')
('mysite is', 'GUAN')
('site name is', 'site30')
('mysite is', 'GUAN')
('site name is', 'site33')
('mysite is', 'GUAN')
('site name is', 'site35')
('mysite is', 'GUAN')
('site name is', 'site37')
('mysite is', 'GUAN')
('site name is', 'GUAN')
('mysite is', 'GUAN')
('site name is', 'WOOD')
('mysite is', 'GUAN')
('site name is', 'YELL')
('mysite is', 'GUAN')
('site name is', 'SRER')
('mysite is', 'GUAN')
('site name is', 'TEAK')
('mysite is', 'GUAN')
('site name is', 'KNOZ')
('mysite is', 'GUAN')
('site name is', 'ONAQ')
('mysite is', 'GUAN')
Replacing soil information in surface data file
 sandpct=7.7 claypct=34.9
Run command: /home/u8/sdwilson/CTSM_SONG/tools/mksurfdata_map/mksurfdata.pl -res usrspec -usr_gname 1x1pt_GUAN -usr_gdate 240904 -usr_mapdir /xdisk/chopinsong/sdwilson/CTSM_sabrina/PTCLM/mydatafile/GUAN/1x1pt_GUAN -dinlc /xdisk/chopinsong/chopinsong/CTSM_inputdata -y 2000 -soil_cly 34.9 -soil_snd 7.7 -pft_frc "[100.0]" -pft_idx "[6]" -crop  > /xdisk/chopinsong/sdwilson/CTSM_sabrina/PTCLM/mydatafile/GUAN/1x1pt_GUAN/mksurfdata_map.log
surface file = /xdisk/chopinsong/sdwilson/CTSM_sabrina/PTCLM/mydatafile/GUAN/1x1pt_GUAN/surfdata_1x1pt_GUAN_hist_78pfts_CMIP6_simyr2000_c240904.nc
surface log file = /xdisk/chopinsong/sdwilson/CTSM_sabrina/PTCLM/mydatafile/GUAN/1x1pt_GUAN/surfdata_1x1pt_GUAN_hist_78pfts_CMIP6_simyr2000_c240904.log
datm_dir path=/xdisk/chopinsong/sdwilson/CTSM_sabrina/PTCLM/mydatafile/GUAN/1x1pt_GUAN/CLM1PT_data

write climate forcing data and namelist
Data created successfully in /xdisk/chopinsong/sdwilson/CTSM_sabrina/PTCLM/mydatafile/GUAN/1x1pt_GUAN

Detailed performance metrics for this job will be available at https://metrics.hpc.arizona.edu/#job_viewer?action=show&realm=SUPREMM&resource_id=73&local_job_id=10361939 by 8am on 2024/09/05.
