/opt/ohpc/pub/apps/ncl_ncarg/6.6.2/bin/ncl
fatal: No names found, cannot describe anything.
---------------- PTCLMmkdata version PTCLM2_20200118-----------------------------

   /var/spool/slurm/d/job10487240/slurm_script --ctsm_root /home/u8/sdwilson/CTSM_SONG -s DCFS -d /xdisk/chopinsong/chopinsong/CTSM_inputdata --map_gdate 240920 --crop --mydatadir=/xdisk/chopinsong/sdwilson/CTSM_sabrina/PTCLM/mydatafile/DCFS 

   OPTIONS:

Site name:						DCFS

Root CTSM directory:					/home/u8/sdwilson/CTSM_SONG
Root CIME directory:					/home/u8/sdwilson/CTSM_SONG/cime
** Surface data file will be built using site-level data when available unless otherwise specified ** 

	Extract PFT data from gridded files:		False
	Extract soil data from gridded files:		False

Open Site data file: /home/u8/sdwilson/CTSM_SONG/tools/PTCLM/PTCLM_sitedata/PTCLMDATA_sitedata.txt

CESM input data directory:				/xdisk/chopinsong/chopinsong/CTSM_inputdata
----------------------------------------------------------------

Write /xdisk/chopinsong/sdwilson/CTSM_sabrina/PTCLM/mydatafile/DCFS/1x1pt_DCFS/README.PTCLM with command line
Run command: /bin/chmod +x /xdisk/chopinsong/sdwilson/CTSM_sabrina/PTCLM/mydatafile/DCFS/1x1pt_DCFS/shell_commands
Making input files for the point (this may take a while if creating transient datasets)
Creating map file for a point with no ocean
lat=47.16
Run command: /home/u8/sdwilson/CTSM_SONG/tools/mkmapdata/mknoocnmap.pl -p 47.16,260.89 -name 1x1pt_DCFS > /xdisk/chopinsong/sdwilson/CTSM_sabrina/PTCLM/mydatafile/DCFS/1x1pt_DCFS/mknoocnmap.log
mapfile = /xdisk/chopinsong/sdwilson/CTSM_sabrina/PTCLM/mydatafile/DCFS/1x1pt_DCFS/map_1x1pt_DCFS_noocean_to_1x1pt_DCFS_nomask_aave_da_240920.nc
scripgridfile = /xdisk/chopinsong/sdwilson/CTSM_sabrina/PTCLM/mydatafile/DCFS/1x1pt_DCFS/SCRIPgrid_1x1pt_DCFS_nomask_c240920.nc
Creating data domain
Run command: /home/u8/sdwilson/CTSM_SONG/cime/tools/mapping/gen_domain_files/gen_domain -m /xdisk/chopinsong/sdwilson/CTSM_sabrina/PTCLM/mydatafile/DCFS/1x1pt_DCFS/map_1x1pt_DCFS_noocean_to_1x1pt_DCFS_nomask_aave_da_240920.nc -o navy -l 1x1pt_DCFS -c 'Running gen_domain from PTCLMmkdata' > /xdisk/chopinsong/sdwilson/CTSM_sabrina/PTCLM/mydatafile/DCFS/1x1pt_DCFS/gen_domain.log
domainfile = domain.lnd.1x1pt_DCFS_navy.240920.nc


Re-create surface dataset:	


Re-create mapping files for surface dataset:
('cmd', '/home/u8/sdwilson/CTSM_SONG/tools/mkmapdata/mkmapdata.sh --gridfile /xdisk/chopinsong/sdwilson/CTSM_sabrina/PTCLM/mydatafile/DCFS/1x1pt_DCFS/SCRIPgrid_1x1pt_DCFS_nomask_c240920.nc --res 1x1pt_DCFS --gridtype regional -v > /xdisk/chopinsong/sdwilson/CTSM_sabrina/PTCLM/mydatafile/DCFS/1x1pt_DCFS/mkmapdata.log')
Run command: /home/u8/sdwilson/CTSM_SONG/tools/mkmapdata/mkmapdata.sh --gridfile /xdisk/chopinsong/sdwilson/CTSM_sabrina/PTCLM/mydatafile/DCFS/1x1pt_DCFS/SCRIPgrid_1x1pt_DCFS_nomask_c240920.nc --res 1x1pt_DCFS --gridtype regional -v > /xdisk/chopinsong/sdwilson/CTSM_sabrina/PTCLM/mydatafile/DCFS/1x1pt_DCFS/mkmapdata.log
Replacing PFT information in surface data file
('site name is', 'site_code')
('mysite is', 'DCFS')
('site name is', 'US-Blo')
('mysite is', 'DCFS')
('site name is', 'US-CHATS')
('mysite is', 'DCFS')
('site name is', 'US-FPe')
('mysite is', 'DCFS')
('site name is', 'US-NR1')
('mysite is', 'DCFS')
('site name is', 'CA-Let')
('mysite is', 'DCFS')
('site name is', 'CA-Man')
('mysite is', 'DCFS')
('site name is', 'BR-Sa1')
('mysite is', 'DCFS')
('site name is', 'BR-Sa3')
('mysite is', 'DCFS')
('site name is', 'ES-ES1')
('mysite is', 'DCFS')
('site name is', 'FL-Hyy')
('mysite is', 'DCFS')
('site name is', 'FL-Kaa')
('mysite is', 'DCFS')
('site name is', 'IT-Col')
('mysite is', 'DCFS')
('site name is', 'IT-Cpz')
('mysite is', 'DCFS')
('site name is', 'DE-Tha')
('mysite is', 'DCFS')
('site name is', 'US-Brw')
('mysite is', 'DCFS')
('site name is', 'BE-Vie')
('mysite is', 'DCFS')
('site name is', 'US-ARM')
('mysite is', 'DCFS')
('site name is', 'US-Var')
('mysite is', 'DCFS')
('site name is', 'US-UMB')
('mysite is', 'DCFS')
('site name is', 'US-Ha1')
('mysite is', 'DCFS')
('site name is', 'US-Ho1')
('mysite is', 'DCFS')
('site name is', 'US-MMS')
('mysite is', 'DCFS')
('site name is', 'US-Bo1')
('mysite is', 'DCFS')
('site name is', 'CA-Ca1')
('mysite is', 'DCFS')
('site name is', 'CA-Oas')
('mysite is', 'DCFS')
('site name is', 'CA-Obs')
('mysite is', 'DCFS')
('site name is', 'CA-Ojp')
('mysite is', 'DCFS')
('site name is', 'CA-Qfo')
('mysite is', 'DCFS')
('site name is', 'US-Me4')
('mysite is', 'DCFS')
('site name is', 'US-Me2')
('mysite is', 'DCFS')
('site name is', 'US-MOz')
('mysite is', 'DCFS')
('site name is', 'US-WCr')
('mysite is', 'DCFS')
('site name is', 'US-Dk3')
('mysite is', 'DCFS')
('site name is', 'US-Dk2')
('mysite is', 'DCFS')
('site name is', 'US-IB1')
('mysite is', 'DCFS')
('site name is', 'US-Ne1')
('mysite is', 'DCFS')
('site name is', 'US-Ne3')
('mysite is', 'DCFS')
('site name is', 'TS-Ts1')
('mysite is', 'DCFS')
('site name is', 'TS-Ts2')
('mysite is', 'DCFS')
('site name is', 'TS-Ts3')
('mysite is', 'DCFS')
('site name is', 'LTER-Sev')
('mysite is', 'DCFS')
('site name is', 'RF-Bra')
('mysite is', 'DCFS')
('site name is', 'LBA-Cax')
('mysite is', 'DCFS')
('site name is', 'CornMus')
('mysite is', 'DCFS')
('site name is', 'FtColl')
('mysite is', 'DCFS')
('site name is', 'ISU')
('mysite is', 'DCFS')
('site name is', 'AUR-NY')
('mysite is', 'DCFS')
('site name is', 'Kent')
('mysite is', 'DCFS')
('site name is', 'AMES-IA')
('mysite is', 'DCFS')
('site name is', 'KIMB-ID')
('mysite is', 'DCFS')
('site name is', 'BG-KY')
('mysite is', 'DCFS')
('site name is', 'SP-MN')
('mysite is', 'DCFS')
('site name is', 'PROS-WA')
('mysite is', 'DCFS')
('site name is', 'ISU17')
('mysite is', 'DCFS')
('site name is', 'BOYD')
('mysite is', 'DCFS')
('site name is', 'Idaho')
('mysite is', 'DCFS')
('site name is', 'ISU11')
('mysite is', 'DCFS')
('site name is', 'FAY-ARK')
('mysite is', 'DCFS')
('site name is', 'Flo-SC')
('mysite is', 'DCFS')
('site name is', 'Tift-GA')
('mysite is', 'DCFS')
('site name is', 'Bent-WA')
('mysite is', 'DCFS')
('site name is', 'HA')
('mysite is', 'DCFS')
('site name is', 'Kent2')
('mysite is', 'DCFS')
('site name is', 'KIMB-ID2')
('mysite is', 'DCFS')
('site name is', 'TU-JAP')
('mysite is', 'DCFS')
('site name is', 'SHU-CITY')
('mysite is', 'DCFS')
('site name is', 'LINZ-VIL')
('mysite is', 'DCFS')
('site name is', 'XIAN')
('mysite is', 'DCFS')
('site name is', 'EGYP')
('mysite is', 'DCFS')
('site name is', 'HEA-ID')
('mysite is', 'DCFS')
('site name is', 'TaianCity')
('mysite is', 'DCFS')
('site name is', 'JEL-1')
('mysite is', 'DCFS')
('site name is', 'JEL-2')
('mysite is', 'DCFS')
('site name is', 'ABN-WA')
('mysite is', 'DCFS')
('site name is', 'NAT-NEP')
('mysite is', 'DCFS')
('site name is', 'THAI')
('mysite is', 'DCFS')
('site name is', 'RIV-IT')
('mysite is', 'DCFS')
('site name is', 'BEA-IT')
('mysite is', 'DCFS')
('site name is', 'TOLGA')
('mysite is', 'DCFS')
('site name is', 'QUE-CA')
('mysite is', 'DCFS')
('site name is', 'QUE-CA2')
('mysite is', 'DCFS')
('site name is', 'BJ')
('mysite is', 'DCFS')
('site name is', 'CQ')
('mysite is', 'DCFS')
('site name is', 'CW')
('mysite is', 'DCFS')
('site name is', 'SY')
('mysite is', 'DCFS')
('site name is', 'SQ')
('mysite is', 'DCFS')
('site name is', 'TaianCity2')
('mysite is', 'DCFS')
('site name is', 'ISA-PRO')
('mysite is', 'DCFS')
('site name is', 'NT')
('mysite is', 'DCFS')
('site name is', 'SQ2')
('mysite is', 'DCFS')
('site name is', 'HN')
('mysite is', 'DCFS')
('site name is', 'PESH')
('mysite is', 'DCFS')
('site name is', 'HB')
('mysite is', 'DCFS')
('site name is', 'SY2')
('mysite is', 'DCFS')
('site name is', 'HT')
('mysite is', 'DCFS')
('site name is', 'HN2')
('mysite is', 'DCFS')
('site name is', 'JL2')
('mysite is', 'DCFS')
('site name is', 'XIN')
('mysite is', 'DCFS')
('site name is', 'AKURE')
('mysite is', 'DCFS')
('site name is', 'KT2')
('mysite is', 'DCFS')
('site name is', 'KAPS')
('mysite is', 'DCFS')
('site name is', 'UNI-PAD')
('mysite is', 'DCFS')
('site name is', 'SY3')
('mysite is', 'DCFS')
('site name is', 'UNI-PAD2')
('mysite is', 'DCFS')
('site name is', 'FENG')
('mysite is', 'DCFS')
('site name is', 'FENG2')
('mysite is', 'DCFS')
('site name is', 'ZUR')
('mysite is', 'DCFS')
(fatal: No names found, cannot describe anything.
'site name is', 'HUN')
('mysite is', 'DCFS')
('site name is', 'HUAN-HEY')
('mysite is', 'DCFS')
('site name is', 'MAL-SLOV')
('mysite is', 'DCFS')
('site name is', 'PAS-CA')
('mysite is', 'DCFS')
('site name is', 'CW2')
('mysite is', 'DCFS')
('site name is', 'site2')
('mysite is', 'DCFS')
('site name is', 'site4')
('mysite is', 'DCFS')
('site name is', 'site5')
('mysite is', 'DCFS')
('site name is', 'site6')
('mysite is', 'DCFS')
('site name is', 'site1')
('mysite is', 'DCFS')
('site name is', 'site7')
('mysite is', 'DCFS')
('site name is', 'site8')
('mysite is', 'DCFS')
('site name is', 'site13')
('mysite is', 'DCFS')
('site name is', 'site14')
('mysite is', 'DCFS')
('site name is', 'site15')
('mysite is', 'DCFS')
('site name is', 'site16')
('mysite is', 'DCFS')
('site name is', 'site18')
('mysite is', 'DCFS')
('site name is', 'site22')
('mysite is', 'DCFS')
('site name is', 'site23')
('mysite is', 'DCFS')
('site name is', 'site24')
('mysite is', 'DCFS')
('site name is', 'site25')
('mysite is', 'DCFS')
('site name is', 'site26')
('mysite is', 'DCFS')
('site name is', 'site28')
('mysite is', 'DCFS')
('site name is', 'site29')
('mysite is', 'DCFS')
('site name is', 'site31')
('mysite is', 'DCFS')
('site name is', 'site32')
('mysite is', 'DCFS')
('site name is', 'site34')
('mysite is', 'DCFS')
('site name is', 'site36')
('mysite is', 'DCFS')
('site name is', 'site38')
('mysite is', 'DCFS')
('site name is', 'site39')
('mysite is', 'DCFS')
('site name is', 'site3')
('mysite is', 'DCFS')
('site name is', 'site21')
('mysite is', 'DCFS')
('site name is', 'site17')
('mysite is', 'DCFS')
('site name is', 'site9')
('mysite is', 'DCFS')
('site name is', 'site10')
('mysite is', 'DCFS')
('site name is', 'site11')
('mysite is', 'DCFS')
('site name is', 'site19')
('mysite is', 'DCFS')
('site name is', 'site20')
('mysite is', 'DCFS')
('site name is', 'site30')
('mysite is', 'DCFS')
('site name is', 'site33')
('mysite is', 'DCFS')
('site name is', 'site35')
('mysite is', 'DCFS')
('site name is', 'site37')
('mysite is', 'DCFS')
('site name is', 'GUAN')
('mysite is', 'DCFS')
('site name is', 'WOOD')
('mysite is', 'DCFS')
('site name is', 'YELL')
('mysite is', 'DCFS')
('site name is', 'SRER')
('mysite is', 'DCFS')
('site name is', 'TEAK')
('mysite is', 'DCFS')
('site name is', 'KNOZ')
('mysite is', 'DCFS')
('site name is', 'ONAQ')
('mysite is', 'DCFS')
('site name is', 'HARV')
('mysite is', 'DCFS')
('site name is', 'STER')
('mysite is', 'DCFS')
('site name is', 'OAES')
('mysite is', 'DCFS')
('site name is', 'JORN')
('mysite is', 'DCFS')
('site name is', 'BLAN')
('mysite is', 'DCFS')
('site name is', 'SCBI')
('mysite is', 'DCFS')
('site name is', 'SERC')
('mysite is', 'DCFS')
('site name is', 'DSNY')
('mysite is', 'DCFS')
('site name is', 'JERC')
('mysite is', 'DCFS')
('site name is', 'OSBS')
('mysite is', 'DCFS')
('site name is', 'TREE')
('mysite is', 'DCFS')
('site name is', 'UNDE')
('mysite is', 'DCFS')
('site name is', 'KONA')
('mysite is', 'DCFS')
('site name is', 'UKFS')
('mysite is', 'DCFS')
('site name is', 'MLBS')
('mysite is', 'DCFS')
('site name is', 'ORNL')
('mysite is', 'DCFS')
('site name is', 'DCFS')
('mysite is', 'DCFS')
('site name is', 'NOGP')
('mysite is', 'DCFS')
('site name is', 'LENO')
('mysite is', 'DCFS')
('site name is', 'TALL')
('mysite is', 'DCFS')
('site name is', 'ABBY')
('mysite is', 'DCFS')
('site name is', 'SOAP')
('mysite is', 'DCFS')
Replacing soil information in surface data file
 sandpct=29.3 claypct=32.3
Run command: /home/u8/sdwilson/CTSM_SONG/tools/mksurfdata_map/mksurfdata.pl -res usrspec -usr_gname 1x1pt_DCFS -usr_gdate 240920 -usr_mapdir /xdisk/chopinsong/sdwilson/CTSM_sabrina/PTCLM/mydatafile/DCFS/1x1pt_DCFS -dinlc /xdisk/chopinsong/chopinsong/CTSM_inputdata -y 2000 -soil_cly 32.3 -soil_snd 29.3 -pft_frc "[100.0]" -pft_idx "[13]" -crop  > /xdisk/chopinsong/sdwilson/CTSM_sabrina/PTCLM/mydatafile/DCFS/1x1pt_DCFS/mksurfdata_map.log
surface file = /xdisk/chopinsong/sdwilson/CTSM_sabrina/PTCLM/mydatafile/DCFS/1x1pt_DCFS/surfdata_1x1pt_DCFS_hist_78pfts_CMIP6_simyr2000_c240920.nc
surface log file = /xdisk/chopinsong/sdwilson/CTSM_sabrina/PTCLM/mydatafile/DCFS/1x1pt_DCFS/surfdata_1x1pt_DCFS_hist_78pfts_CMIP6_simyr2000_c240920.log
datm_dir path=/xdisk/chopinsong/sdwilson/CTSM_sabrina/PTCLM/mydatafile/DCFS/1x1pt_DCFS/CLM1PT_data

write climate forcing data and namelist
Data created successfully in /xdisk/chopinsong/sdwilson/CTSM_sabrina/PTCLM/mydatafile/DCFS/1x1pt_DCFS

Detailed performance metrics for this job will be available at https://metrics.hpc.arizona.edu/#job_viewer?action=show&realm=SUPREMM&resource_id=73&local_job_id=10487240 by 8am on 2024/09/21.
