/opt/ohpc/pub/apps/ncl_ncarg/6.6.2/bin/ncl
fatal: No names found, cannot describe anything.
rm: cannot remove ‘PET*.Log’: No such file or directory
---------------- PTCLMmkdata version PTCLM2_20200118-----------------------------

   /var/spool/slurm/d/job10362260/slurm_script --ctsm_root /home/u8/sdwilson/CTSM_SONG -s ONAQ -d /xdisk/chopinsong/chopinsong/CTSM_inputdata --map_gdate 240904 --crop --mydatadir=/xdisk/chopinsong/sdwilson/CTSM_sabrina/PTCLM/mydatafile/ONAQ 

   OPTIONS:

Site name:						ONAQ

Root CTSM directory:					/home/u8/sdwilson/CTSM_SONG
Root CIME directory:					/home/u8/sdwilson/CTSM_SONG/cime
** Surface data file will be built using site-level data when available unless otherwise specified ** 

	Extract PFT data from gridded files:		False
	Extract soil data from gridded files:		False

Open Site data file: /home/u8/sdwilson/CTSM_SONG/tools/PTCLM/PTCLM_sitedata/PTCLMDATA_sitedata.txt

CESM input data directory:				/xdisk/chopinsong/chopinsong/CTSM_inputdata
----------------------------------------------------------------

Write /xdisk/chopinsong/sdwilson/CTSM_sabrina/PTCLM/mydatafile/ONAQ/1x1pt_ONAQ/README.PTCLM with command line
Run command: /bin/chmod +x /xdisk/chopinsong/sdwilson/CTSM_sabrina/PTCLM/mydatafile/ONAQ/1x1pt_ONAQ/shell_commands
Making input files for the point (this may take a while if creating transient datasets)
Creating map file for a point with no ocean
lat=40.17836
Run command: /home/u8/sdwilson/CTSM_SONG/tools/mkmapdata/mknoocnmap.pl -p 40.17836,247.546 -name 1x1pt_ONAQ > /xdisk/chopinsong/sdwilson/CTSM_sabrina/PTCLM/mydatafile/ONAQ/1x1pt_ONAQ/mknoocnmap.log
mapfile = /xdisk/chopinsong/sdwilson/CTSM_sabrina/PTCLM/mydatafile/ONAQ/1x1pt_ONAQ/map_1x1pt_ONAQ_noocean_to_1x1pt_ONAQ_nomask_aave_da_240904.nc
scripgridfile = /xdisk/chopinsong/sdwilson/CTSM_sabrina/PTCLM/mydatafile/ONAQ/1x1pt_ONAQ/SCRIPgrid_1x1pt_ONAQ_nomask_c240904.nc
Creating data domain
Run command: /home/u8/sdwilson/CTSM_SONG/cime/tools/mapping/gen_domain_files/gen_domain -m /xdisk/chopinsong/sdwilson/CTSM_sabrina/PTCLM/mydatafile/ONAQ/1x1pt_ONAQ/map_1x1pt_ONAQ_noocean_to_1x1pt_ONAQ_nomask_aave_da_240904.nc -o navy -l 1x1pt_ONAQ -c 'Running gen_domain from PTCLMmkdata' > /xdisk/chopinsong/sdwilson/CTSM_sabrina/PTCLM/mydatafile/ONAQ/1x1pt_ONAQ/gen_domain.log
domainfile = domain.lnd.1x1pt_ONAQ_navy.240904.nc


Re-create surface dataset:	


Re-create mapping files for surface dataset:
('cmd', '/home/u8/sdwilson/CTSM_SONG/tools/mkmapdata/mkmapdata.sh --gridfile /xdisk/chopinsong/sdwilson/CTSM_sabrina/PTCLM/mydatafile/ONAQ/1x1pt_ONAQ/SCRIPgrid_1x1pt_ONAQ_nomask_c240904.nc --res 1x1pt_ONAQ --gridtype regional -v > /xdisk/chopinsong/sdwilson/CTSM_sabrina/PTCLM/mydatafile/ONAQ/1x1pt_ONAQ/mkmapdata.log')
Run command: /home/u8/sdwilson/CTSM_SONG/tools/mkmapdata/mkmapdata.sh --gridfile /xdisk/chopinsong/sdwilson/CTSM_sabrina/PTCLM/mydatafile/ONAQ/1x1pt_ONAQ/SCRIPgrid_1x1pt_ONAQ_nomask_c240904.nc --res 1x1pt_ONAQ --gridtype regional -v > /xdisk/chopinsong/sdwilson/CTSM_sabrina/PTCLM/mydatafile/ONAQ/1x1pt_ONAQ/mkmapdata.log
Replacing PFT information in surface data file
('site name is', 'site_code')
('mysite is', 'ONAQ')
('site name is', 'US-Blo')
('mysite is', 'ONAQ')
('site name is', 'US-CHATS')
('mysite is', 'ONAQ')
('site name is', 'US-FPe')
('mysite is', 'ONAQ')
('site name is', 'US-NR1')
('mysite is', 'ONAQ')
('site name is', 'CA-Let')
('mysite is', 'ONAQ')
('site name is', 'CA-Man')
('mysite is', 'ONAQ')
('site name is', 'BR-Sa1')
('mysite is', 'ONAQ')
('site name is', 'BR-Sa3')
('mysite is', 'ONAQ')
('site name is', 'ES-ES1')
('mysite is', 'ONAQ')
('site name is', 'FL-Hyy')
('mysite is', 'ONAQ')
('site name is', 'FL-Kaa')
('mysite is', 'ONAQ')
('site name is', 'IT-Col')
('mysite is', 'ONAQ')
('site name is', 'IT-Cpz')
('mysite is', 'ONAQ')
('site name is', 'DE-Tha')
('mysite is', 'ONAQ')
('site name is', 'US-Brw')
('mysite is', 'ONAQ')
('site name is', 'BE-Vie')
('mysite is', 'ONAQ')
('site name is', 'US-ARM')
('mysite is', 'ONAQ')
('site name is', 'US-Var')
('mysite is', 'ONAQ')
('site name is', 'US-UMB')
('mysite is', 'ONAQ')
('site name is', 'US-Ha1')
('mysite is', 'ONAQ')
('site name is', 'US-Ho1')
('mysite is', 'ONAQ')
('site name is', 'US-MMS')
('mysite is', 'ONAQ')
('site name is', 'US-Bo1')
('mysite is', 'ONAQ')
('site name is', 'CA-Ca1')
('mysite is', 'ONAQ')
('site name is', 'CA-Oas')
('mysite is', 'ONAQ')
('site name is', 'CA-Obs')
('mysite is', 'ONAQ')
('site name is', 'CA-Ojp')
('mysite is', 'ONAQ')
('site name is', 'CA-Qfo')
('mysite is', 'ONAQ')
('site name is', 'US-Me4')
('mysite is', 'ONAQ')
('site name is', 'US-Me2')
('mysite is', 'ONAQ')
('site name is', 'US-MOz')
('mysite is', 'ONAQ')
('site name is', 'US-WCr')
('mysite is', 'ONAQ')
('site name is', 'US-Dk3')
('mysite is', 'ONAQ')
('site name is', 'US-Dk2')
('mysite is', 'ONAQ')
('site name is', 'US-IB1')
('mysite is', 'ONAQ')
('site name is', 'US-Ne1')
('mysite is', 'ONAQ')
('site name is', 'US-Ne3')
('mysite is', 'ONAQ')
('site name is', 'TS-Ts1')
('mysite is', 'ONAQ')
('site name is', 'TS-Ts2')
('mysite is', 'ONAQ')
('site name is', 'TS-Ts3')
('mysite is', 'ONAQ')
('site name is', 'LTER-Sev')
('mysite is', 'ONAQ')
('site name is', 'RF-Bra')
('mysite is', 'ONAQ')
('site name is', 'LBA-Cax')
('mysite is', 'ONAQ')
('site name is', 'CornMus')
('mysite is', 'ONAQ')
('site name is', 'FtColl')
('mysite is', 'ONAQ')
('site name is', 'ISU')
('mysite is', 'ONAQ')
('site name is', 'AUR-NY')
('mysite is', 'ONAQ')
('site name is', 'Kent')
('mysite is', 'ONAQ')
('site name is', 'AMES-IA')
('mysite is', 'ONAQ')
('site name is', 'KIMB-ID')
('mysite is', 'ONAQ')
('site name is', 'BG-KY')
('mysite is', 'ONAQ')
('site name is', 'SP-MN')
('mysite is', 'ONAQ')
('site name is', 'PROS-WA')
('mysite is', 'ONAQ')
('site name is', 'ISU17')
('mysite is', 'ONAQ')
('site name is', 'BOYD')
('mysite is', 'ONAQ')
('site name is', 'Idaho')
('mysite is', 'ONAQ')
('site name is', 'ISU11')
('mysite is', 'ONAQ')
('site name is', 'FAY-ARK')
('mysite is', 'ONAQ')
('site name is', 'Flo-SC')
('mysite is', 'ONAQ')
('site name is', 'Tift-GA')
('mysite is', 'ONAQ')
('site name is', 'Bent-WA')
('mysite is', 'ONAQ')
('site name is', 'HA')
('mysite is', 'ONAQ')
('site name is', 'Kent2')
('mysite is', 'ONAQ')
('site name is', 'KIMB-ID2')
('mysite is', 'ONAQ')
('site name is', 'TU-JAP')
('mysite is', 'ONAQ')
('site name is', 'SHU-CITY')
('mysite is', 'ONAQ')
('site name is', 'LINZ-VIL')
('mysite is', 'ONAQ')
('site name is', 'XIAN')
('mysite is', 'ONAQ')
('site name is', 'EGYP')
('mysite is', 'ONAQ')
('site name is', 'HEA-ID')
('mysite is', 'ONAQ')
('site name is', 'TaianCity')
('mysite is', 'ONAQ')
('site name is', 'JEL-1')
('mysite is', 'ONAQ')
('site name is', 'JEL-2')
('mysite is', 'ONAQ')
('site name is', 'ABN-WA')
('mysite is', 'ONAQ')
('site name is', 'NAT-NEP')
('mysite is', 'ONAQ')
('site name is', 'THAI')
('mysite is', 'ONAQ')
('site name is', 'RIV-IT')
('mysite is', 'ONAQ')
('site name is', 'BEA-IT')
('mysite is', 'ONAQ')
('site name is', 'TOLGA')
('mysite is', 'ONAQ')
('site name is', 'QUE-CA')
('mysite is', 'ONAQ')
('site name is', 'QUE-CA2')
('mysite is', 'ONAQ')
('site name is', 'BJ')
('mysite is', 'ONAQ')
('site name is', 'CQ')
('mysite is', 'ONAQ')
('site name is', 'CW')
('mysite is', 'ONAQ')
('site name is', 'SY')
('mysite is', 'ONAQ')
('site name is', 'SQ')
('mysite is', 'ONAQ')
('site name is', 'TaianCity2')
('mysite is', 'ONAQ')
('site name is', 'ISA-PRO')
('mysite is', 'ONAQ')
('site name is', 'NT')
('mysite is', 'ONAQ')
('site name is', 'SQ2')
('mysite is', 'ONAQ')
('site name is', 'HN')
('mysite is', 'ONAQ')
('site name is', 'PESH')
('mysite is', 'ONAQ')
('site name is', 'HB')
('mysite is', 'ONAQ')
('site name is', 'SY2')
('mysite is', 'ONAQ')
('site name is', 'HT')
('mysite is', 'ONAQ')
('site name is', 'HN2')
('mysite is', 'ONAQ')
('site name is', 'JL2')
('mysite is', 'ONAQ')
('site name is', 'XIN')
('mysite is', 'ONAQ')
('site name is', 'AKURE')
('mysite is', 'ONAQ')
('site name is', 'KT2')
('mysite is', 'ONAQ')
('site name is', 'KAPS')
('mysite is', 'ONAQ')
('site name is', 'UNI-PAD')
('mysite is', 'ONAQ')
('site name is', 'SY3')
('mysite is', 'ONAQ')
('site name is', 'UNI-PAD2')
('mysite is', 'ONAQ')
('site name is', 'FENG')
('mysite is', 'ONAQ')
('site name is', 'FENG2')
('mysite is', 'ONAQ')
('site name is', 'ZUR')
('mysite is', 'Ofatal: No names found, cannot describe anything.
NAQ')
('site name is', 'HUN')
('mysite is', 'ONAQ')
('site name is', 'HUAN-HEY')
('mysite is', 'ONAQ')
('site name is', 'MAL-SLOV')
('mysite is', 'ONAQ')
('site name is', 'PAS-CA')
('mysite is', 'ONAQ')
('site name is', 'CW2')
('mysite is', 'ONAQ')
('site name is', 'site2')
('mysite is', 'ONAQ')
('site name is', 'site4')
('mysite is', 'ONAQ')
('site name is', 'site5')
('mysite is', 'ONAQ')
('site name is', 'site6')
('mysite is', 'ONAQ')
('site name is', 'site1')
('mysite is', 'ONAQ')
('site name is', 'site7')
('mysite is', 'ONAQ')
('site name is', 'site8')
('mysite is', 'ONAQ')
('site name is', 'site13')
('mysite is', 'ONAQ')
('site name is', 'site14')
('mysite is', 'ONAQ')
('site name is', 'site15')
('mysite is', 'ONAQ')
('site name is', 'site16')
('mysite is', 'ONAQ')
('site name is', 'site18')
('mysite is', 'ONAQ')
('site name is', 'site22')
('mysite is', 'ONAQ')
('site name is', 'site23')
('mysite is', 'ONAQ')
('site name is', 'site24')
('mysite is', 'ONAQ')
('site name is', 'site25')
('mysite is', 'ONAQ')
('site name is', 'site26')
('mysite is', 'ONAQ')
('site name is', 'site28')
('mysite is', 'ONAQ')
('site name is', 'site29')
('mysite is', 'ONAQ')
('site name is', 'site31')
('mysite is', 'ONAQ')
('site name is', 'site32')
('mysite is', 'ONAQ')
('site name is', 'site34')
('mysite is', 'ONAQ')
('site name is', 'site36')
('mysite is', 'ONAQ')
('site name is', 'site38')
('mysite is', 'ONAQ')
('site name is', 'site39')
('mysite is', 'ONAQ')
('site name is', 'site3')
('mysite is', 'ONAQ')
('site name is', 'site21')
('mysite is', 'ONAQ')
('site name is', 'site17')
('mysite is', 'ONAQ')
('site name is', 'site9')
('mysite is', 'ONAQ')
('site name is', 'site10')
('mysite is', 'ONAQ')
('site name is', 'site11')
('mysite is', 'ONAQ')
('site name is', 'site19')
('mysite is', 'ONAQ')
('site name is', 'site20')
('mysite is', 'ONAQ')
('site name is', 'site30')
('mysite is', 'ONAQ')
('site name is', 'site33')
('mysite is', 'ONAQ')
('site name is', 'site35')
('mysite is', 'ONAQ')
('site name is', 'site37')
('mysite is', 'ONAQ')
('site name is', 'GUAN')
('mysite is', 'ONAQ')
('site name is', 'WOOD')
('mysite is', 'ONAQ')
('site name is', 'YELL')
('mysite is', 'ONAQ')
('site name is', 'SRER')
('mysite is', 'ONAQ')
('site name is', 'TEAK')
('mysite is', 'ONAQ')
('site name is', 'KNOZ')
('mysite is', 'ONAQ')
('site name is', 'ONAQ')
('mysite is', 'ONAQ')
Replacing soil information in surface data file
 sandpct=56.8 claypct=9.2
Run command: /home/u8/sdwilson/CTSM_SONG/tools/mksurfdata_map/mksurfdata.pl -res usrspec -usr_gname 1x1pt_ONAQ -usr_gdate 240904 -usr_mapdir /xdisk/chopinsong/sdwilson/CTSM_sabrina/PTCLM/mydatafile/ONAQ/1x1pt_ONAQ -dinlc /xdisk/chopinsong/chopinsong/CTSM_inputdata -y 2000 -soil_cly 9.2 -soil_snd 56.8 -pft_frc "[100.0]" -pft_idx "[9]" -crop  > /xdisk/chopinsong/sdwilson/CTSM_sabrina/PTCLM/mydatafile/ONAQ/1x1pt_ONAQ/mksurfdata_map.log
surface file = /xdisk/chopinsong/sdwilson/CTSM_sabrina/PTCLM/mydatafile/ONAQ/1x1pt_ONAQ/surfdata_1x1pt_ONAQ_hist_78pfts_CMIP6_simyr2000_c240904.nc
surface log file = /xdisk/chopinsong/sdwilson/CTSM_sabrina/PTCLM/mydatafile/ONAQ/1x1pt_ONAQ/surfdata_1x1pt_ONAQ_hist_78pfts_CMIP6_simyr2000_c240904.log
datm_dir path=/xdisk/chopinsong/sdwilson/CTSM_sabrina/PTCLM/mydatafile/ONAQ/1x1pt_ONAQ/CLM1PT_data

write climate forcing data and namelist
Data created successfully in /xdisk/chopinsong/sdwilson/CTSM_sabrina/PTCLM/mydatafile/ONAQ/1x1pt_ONAQ

Detailed performance metrics for this job will be available at https://metrics.hpc.arizona.edu/#job_viewer?action=show&realm=SUPREMM&resource_id=73&local_job_id=10362260 by 8am on 2024/09/05.
