/opt/ohpc/pub/apps/ncl_ncarg/6.6.2/bin/ncl
fatal: No names found, cannot describe anything.
rm: cannot remove ‘PET*.Log’: No such file or directory
---------------- PTCLMmkdata version PTCLM2_20200118-----------------------------

   /var/spool/slurm/d/job10874804/slurm_script --ctsm_root /home/u8/sdwilson/CTSM_SONG -s CLBJ -d /xdisk/chopinsong/chopinsong/CTSM_inputdata --map_gdate 241128 --crop --mydatadir=/xdisk/chopinsong/sdwilson/CTSM_sabrina/PTCLM/mydatafile/CLBJ 

   OPTIONS:

Site name:						CLBJ

Root CTSM directory:					/home/u8/sdwilson/CTSM_SONG
Root CIME directory:					/home/u8/sdwilson/CTSM_SONG/cime
** Surface data file will be built using site-level data when available unless otherwise specified ** 

	Extract PFT data from gridded files:		False
	Extract soil data from gridded files:		False

Open Site data file: /home/u8/sdwilson/CTSM_SONG/tools/PTCLM/PTCLM_sitedata/PTCLMDATA_sitedata.txt

CESM input data directory:				/xdisk/chopinsong/chopinsong/CTSM_inputdata
----------------------------------------------------------------

Write /xdisk/chopinsong/sdwilson/CTSM_sabrina/PTCLM/mydatafile/CLBJ/1x1pt_CLBJ/README.PTCLM with command line
Run command: /bin/chmod +x /xdisk/chopinsong/sdwilson/CTSM_sabrina/PTCLM/mydatafile/CLBJ/1x1pt_CLBJ/shell_commands
Making input files for the point (this may take a while if creating transient datasets)
Creating map file for a point with no ocean
lat=33.40143
Run command: /home/u8/sdwilson/CTSM_SONG/tools/mkmapdata/mknoocnmap.pl -p 33.40143,262.4327 -name 1x1pt_CLBJ > /xdisk/chopinsong/sdwilson/CTSM_sabrina/PTCLM/mydatafile/CLBJ/1x1pt_CLBJ/mknoocnmap.log
mapfile = /xdisk/chopinsong/sdwilson/CTSM_sabrina/PTCLM/mydatafile/CLBJ/1x1pt_CLBJ/map_1x1pt_CLBJ_noocean_to_1x1pt_CLBJ_nomask_aave_da_241128.nc
scripgridfile = /xdisk/chopinsong/sdwilson/CTSM_sabrina/PTCLM/mydatafile/CLBJ/1x1pt_CLBJ/SCRIPgrid_1x1pt_CLBJ_nomask_c241128.nc
Creating data domain
Run command: /home/u8/sdwilson/CTSM_SONG/cime/tools/mapping/gen_domain_files/gen_domain -m /xdisk/chopinsong/sdwilson/CTSM_sabrina/PTCLM/mydatafile/CLBJ/1x1pt_CLBJ/map_1x1pt_CLBJ_noocean_to_1x1pt_CLBJ_nomask_aave_da_241128.nc -o navy -l 1x1pt_CLBJ -c 'Running gen_domain from PTCLMmkdata' > /xdisk/chopinsong/sdwilson/CTSM_sabrina/PTCLM/mydatafile/CLBJ/1x1pt_CLBJ/gen_domain.log
domainfile = domain.lnd.1x1pt_CLBJ_navy.241128.nc


Re-create surface dataset:	


Re-create mapping files for surface dataset:
('cmd', '/home/u8/sdwilson/CTSM_SONG/tools/mkmapdata/mkmapdata.sh --gridfile /xdisk/chopinsong/sdwilson/CTSM_sabrina/PTCLM/mydatafile/CLBJ/1x1pt_CLBJ/SCRIPgrid_1x1pt_CLBJ_nomask_c241128.nc --res 1x1pt_CLBJ --gridtype regional -v > /xdisk/chopinsong/sdwilson/CTSM_sabrina/PTCLM/mydatafile/CLBJ/1x1pt_CLBJ/mkmapdata.log')
Run command: /home/u8/sdwilson/CTSM_SONG/tools/mkmapdata/mkmapdata.sh --gridfile /xdisk/chopinsong/sdwilson/CTSM_sabrina/PTCLM/mydatafile/CLBJ/1x1pt_CLBJ/SCRIPgrid_1x1pt_CLBJ_nomask_c241128.nc --res 1x1pt_CLBJ --gridtype regional -v > /xdisk/chopinsong/sdwilson/CTSM_sabrina/PTCLM/mydatafile/CLBJ/1x1pt_CLBJ/mkmapdata.log
Replacing PFT information in surface data file
('site name is', 'site_code')
('mysite is', 'CLBJ')
('site name is', 'US-Blo')
('mysite is', 'CLBJ')
('site name is', 'US-CHATS')
('mysite is', 'CLBJ')
('site name is', 'US-FPe')
('mysite is', 'CLBJ')
('site name is', 'US-NR1')
('mysite is', 'CLBJ')
('site name is', 'CA-Let')
('mysite is', 'CLBJ')
('site name is', 'CA-Man')
('mysite is', 'CLBJ')
('site name is', 'BR-Sa1')
('mysite is', 'CLBJ')
('site name is', 'BR-Sa3')
('mysite is', 'CLBJ')
('site name is', 'ES-ES1')
('mysite is', 'CLBJ')
('site name is', 'FL-Hyy')
('mysite is', 'CLBJ')
('site name is', 'FL-Kaa')
('mysite is', 'CLBJ')
('site name is', 'IT-Col')
('mysite is', 'CLBJ')
('site name is', 'IT-Cpz')
('mysite is', 'CLBJ')
('site name is', 'DE-Tha')
('mysite is', 'CLBJ')
('site name is', 'US-Brw')
('mysite is', 'CLBJ')
('site name is', 'BE-Vie')
('mysite is', 'CLBJ')
('site name is', 'US-ARM')
('mysite is', 'CLBJ')
('site name is', 'US-Var')
('mysite is', 'CLBJ')
('site name is', 'US-UMB')
('mysite is', 'CLBJ')
('site name is', 'US-Ha1')
('mysite is', 'CLBJ')
('site name is', 'US-Ho1')
('mysite is', 'CLBJ')
('site name is', 'US-MMS')
('mysite is', 'CLBJ')
('site name is', 'US-Bo1')
('mysite is', 'CLBJ')
('site name is', 'CA-Ca1')
('mysite is', 'CLBJ')
('site name is', 'CA-Oas')
('mysite is', 'CLBJ')
('site name is', 'CA-Obs')
('mysite is', 'CLBJ')
('site name is', 'CA-Ojp')
('mysite is', 'CLBJ')
('site name is', 'CA-Qfo')
('mysite is', 'CLBJ')
('site name is', 'US-Me4')
('mysite is', 'CLBJ')
('site name is', 'US-Me2')
('mysite is', 'CLBJ')
('site name is', 'US-MOz')
('mysite is', 'CLBJ')
('site name is', 'US-WCr')
('mysite is', 'CLBJ')
('site name is', 'US-Dk3')
('mysite is', 'CLBJ')
('site name is', 'US-Dk2')
('mysite is', 'CLBJ')
('site name is', 'US-IB1')
('mysite is', 'CLBJ')
('site name is', 'US-Ne1')
('mysite is', 'CLBJ')
('site name is', 'US-Ne3')
('mysite is', 'CLBJ')
('site name is', 'TS-Ts1')
('mysite is', 'CLBJ')
('site name is', 'TS-Ts2')
('mysite is', 'CLBJ')
('site name is', 'TS-Ts3')
('mysite is', 'CLBJ')
('site name is', 'LTER-Sev')
('mysite is', 'CLBJ')
('site name is', 'RF-Bra')
('mysite is', 'CLBJ')
('site name is', 'LBA-Cax')
('mysite is', 'CLBJ')
('site name is', 'CornMus')
('mysite is', 'CLBJ')
('site name is', 'FtColl')
('mysite is', 'CLBJ')
('site name is', 'ISU')
('mysite is', 'CLBJ')
('site name is', 'AUR-NY')
('mysite is', 'CLBJ')
('site name is', 'Kent')
('mysite is', 'CLBJ')
('site name is', 'AMES-IA')
('mysite is', 'CLBJ')
('site name is', 'KIMB-ID')
('mysite is', 'CLBJ')
('site name is', 'BG-KY')
('mysite is', 'CLBJ')
('site name is', 'SP-MN')
('mysite is', 'CLBJ')
('site name is', 'PROS-WA')
('mysite is', 'CLBJ')
('site name is', 'ISU17')
('mysite is', 'CLBJ')
('site name is', 'BOYD')
('mysite is', 'CLBJ')
('site name is', 'Idaho')
('mysite is', 'CLBJ')
('site name is', 'ISU11')
('mysite is', 'CLBJ')
('site name is', 'FAY-ARK')
('mysite is', 'CLBJ')
('site name is', 'Flo-SC')
('mysite is', 'CLBJ')
('site name is', 'Tift-GA')
('mysite is', 'CLBJ')
('site name is', 'Bent-WA')
('mysite is', 'CLBJ')
('site name is', 'HA')
('mysite is', 'CLBJ')
('site name is', 'Kent2')
('mysite is', 'CLBJ')
('site name is', 'KIMB-ID2')
('mysite is', 'CLBJ')
('site name is', 'TU-JAP')
('mysite is', 'CLBJ')
('site name is', 'SHU-CITY')
('mysite is', 'CLBJ')
('site name is', 'LINZ-VIL')
('mysite is', 'CLBJ')
('site name is', 'XIAN')
('mysite is', 'CLBJ')
('site name is', 'EGYP')
('mysite is', 'CLBJ')
('site name is', 'HEA-ID')
('mysite is', 'CLBJ')
('site name is', 'TaianCity')
('mysite is', 'CLBJ')
('site name is', 'JEL-1')
('mysite is', 'CLBJ')
('site name is', 'JEL-2')
('mysite is', 'CLBJ')
('site name is', 'ABN-WA')
('mysite is', 'CLBJ')
('site name is', 'NAT-NEP')
('mysite is', 'CLBJ')
('site name is', 'THAI')
('mysite is', 'CLBJ')
('site name is', 'RIV-IT')
('mysite is', 'CLBJ')
('site name is', 'BEA-IT')
('mysite is', 'CLBJ')
('site name is', 'TOLGA')
('mysite is', 'CLBJ')
('site name is', 'QUE-CA')
('mysite is', 'CLBJ')
('site name is', 'QUE-CA2')
('mysite is', 'CLBJ')
('site name is', 'BJ')
('mysite is', 'CLBJ')
('site name is', 'CQ')
('mysite is', 'CLBJ')
('site name is', 'CW')
('mysite is', 'CLBJ')
('site name is', 'SY')
('mysite is', 'CLBJ')
('site name is', 'SQ')
('mysite is', 'CLBJ')
('site name is', 'TaianCity2')
('mysite is', 'CLBJ')
('site name is', 'ISA-PRO')
('mysite is', 'CLBJ')
('site name is', 'NT')
('mysite is', 'CLBJ')
('site name is', 'SQ2')
('mysite is', 'CLBJ')
('site name is', 'HN')
('mysite is', 'CLBJ')
('site name is', 'PESH')
('mysite is', 'CLBJ')
('site name is', 'HB')
('mysite is', 'CLBJ')
('site name is', 'SY2')
('mysite is', 'CLBJ')
('site name is', 'HT')
('mysite is', 'CLBJ')
('site name is', 'HN2')
('mysite is', 'CLBJ')
('site name is', 'JL2')
('mysite is', 'CLBJ')
('site name is', 'XIN')
('mysite is', 'CLBJ')
('site name is', 'AKURE')
('mysite is', 'CLBJ')
('site name is', 'KT2')
('mysite is', 'CLBJ')
('site name is', 'KAPS')
('mysite is', 'CLBJ')
('site name is', 'UNI-PAD')
('mysite is', 'CLBJ')
('site name is', 'SY3')
('mysite is', 'CLBJ')
('site name is', 'UNI-PAD2')
('mysite is', 'CLBJ')
('site name is', 'FENG')
('mysite is', 'CLBJ')
('site name is', 'FENG2')
('mysite is', 'CLBJ')
('site name is', 'ZUR')
('mysite is', 'fatal: No names found, cannot describe anything.
CLBJ')
('site name is', 'HUN')
('mysite is', 'CLBJ')
('site name is', 'HUAN-HEY')
('mysite is', 'CLBJ')
('site name is', 'MAL-SLOV')
('mysite is', 'CLBJ')
('site name is', 'PAS-CA')
('mysite is', 'CLBJ')
('site name is', 'CW2')
('mysite is', 'CLBJ')
('site name is', 'site2')
('mysite is', 'CLBJ')
('site name is', 'site4')
('mysite is', 'CLBJ')
('site name is', 'site5')
('mysite is', 'CLBJ')
('site name is', 'site6')
('mysite is', 'CLBJ')
('site name is', 'site1')
('mysite is', 'CLBJ')
('site name is', 'site7')
('mysite is', 'CLBJ')
('site name is', 'site8')
('mysite is', 'CLBJ')
('site name is', 'site13')
('mysite is', 'CLBJ')
('site name is', 'site14')
('mysite is', 'CLBJ')
('site name is', 'site15')
('mysite is', 'CLBJ')
('site name is', 'site16')
('mysite is', 'CLBJ')
('site name is', 'site18')
('mysite is', 'CLBJ')
('site name is', 'site22')
('mysite is', 'CLBJ')
('site name is', 'site23')
('mysite is', 'CLBJ')
('site name is', 'site24')
('mysite is', 'CLBJ')
('site name is', 'site25')
('mysite is', 'CLBJ')
('site name is', 'site26')
('mysite is', 'CLBJ')
('site name is', 'site28')
('mysite is', 'CLBJ')
('site name is', 'site29')
('mysite is', 'CLBJ')
('site name is', 'site31')
('mysite is', 'CLBJ')
('site name is', 'site32')
('mysite is', 'CLBJ')
('site name is', 'site34')
('mysite is', 'CLBJ')
('site name is', 'site36')
('mysite is', 'CLBJ')
('site name is', 'site38')
('mysite is', 'CLBJ')
('site name is', 'site39')
('mysite is', 'CLBJ')
('site name is', 'site3')
('mysite is', 'CLBJ')
('site name is', 'site21')
('mysite is', 'CLBJ')
('site name is', 'site17')
('mysite is', 'CLBJ')
('site name is', 'site9')
('mysite is', 'CLBJ')
('site name is', 'site10')
('mysite is', 'CLBJ')
('site name is', 'site11')
('mysite is', 'CLBJ')
('site name is', 'site19')
('mysite is', 'CLBJ')
('site name is', 'site20')
('mysite is', 'CLBJ')
('site name is', 'site30')
('mysite is', 'CLBJ')
('site name is', 'site33')
('mysite is', 'CLBJ')
('site name is', 'site35')
('mysite is', 'CLBJ')
('site name is', 'site37')
('mysite is', 'CLBJ')
('site name is', 'GUAN')
('mysite is', 'CLBJ')
('site name is', 'WOOD')
('mysite is', 'CLBJ')
('site name is', 'YELL')
('mysite is', 'CLBJ')
('site name is', 'SRER')
('mysite is', 'CLBJ')
('site name is', 'TEAK')
('mysite is', 'CLBJ')
('site name is', 'KNOZ')
('mysite is', 'CLBJ')
('site name is', 'ONAQ')
('mysite is', 'CLBJ')
('site name is', 'HARV')
('mysite is', 'CLBJ')
('site name is', 'STER')
('mysite is', 'CLBJ')
('site name is', 'OAES')
('mysite is', 'CLBJ')
('site name is', 'JORN')
('mysite is', 'CLBJ')
('site name is', 'BLAN')
('mysite is', 'CLBJ')
('site name is', 'SCBI')
('mysite is', 'CLBJ')
('site name is', 'SERC')
('mysite is', 'CLBJ')
('site name is', 'DSNY')
('mysite is', 'CLBJ')
('site name is', 'JERC')
('mysite is', 'CLBJ')
('site name is', 'OSBS')
('mysite is', 'CLBJ')
('site name is', 'TREE')
('mysite is', 'CLBJ')
('site name is', 'UNDE')
('mysite is', 'CLBJ')
('site name is', 'KONA')
('mysite is', 'CLBJ')
('site name is', 'UKFS')
('mysite is', 'CLBJ')
('site name is', 'MLBS')
('mysite is', 'CLBJ')
('site name is', 'ORNL')
('mysite is', 'CLBJ')
('site name is', 'DCFS')
('mysite is', 'CLBJ')
('site name is', 'NOGP')
('mysite is', 'CLBJ')
('site name is', 'LENO')
('mysite is', 'CLBJ')
('site name is', 'TALL')
('mysite is', 'CLBJ')
('site name is', 'ABBY')
('mysite is', 'CLBJ')
('site name is', 'SOAP')
('mysite is', 'CLBJ')
('site name is', 'CLBJ')
('mysite is', 'CLBJ')
Replacing soil information in surface data file
 sandpct=55.5 claypct=10.1
Run command: /home/u8/sdwilson/CTSM_SONG/tools/mksurfdata_map/mksurfdata.pl -res usrspec -usr_gname 1x1pt_CLBJ -usr_gdate 241128 -usr_mapdir /xdisk/chopinsong/sdwilson/CTSM_sabrina/PTCLM/mydatafile/CLBJ/1x1pt_CLBJ -dinlc /xdisk/chopinsong/chopinsong/CTSM_inputdata -y 2000 -soil_cly 10.1 -soil_snd 55.5 -pft_frc "[100.0]" -pft_idx "[7]" -crop  > /xdisk/chopinsong/sdwilson/CTSM_sabrina/PTCLM/mydatafile/CLBJ/1x1pt_CLBJ/mksurfdata_map.log
surface file = /xdisk/chopinsong/sdwilson/CTSM_sabrina/PTCLM/mydatafile/CLBJ/1x1pt_CLBJ/surfdata_1x1pt_CLBJ_hist_78pfts_CMIP6_simyr2000_c241128.nc
surface log file = /xdisk/chopinsong/sdwilson/CTSM_sabrina/PTCLM/mydatafile/CLBJ/1x1pt_CLBJ/surfdata_1x1pt_CLBJ_hist_78pfts_CMIP6_simyr2000_c241128.log
datm_dir path=/xdisk/chopinsong/sdwilson/CTSM_sabrina/PTCLM/mydatafile/CLBJ/1x1pt_CLBJ/CLM1PT_data

write climate forcing data and namelist
Data created successfully in /xdisk/chopinsong/sdwilson/CTSM_sabrina/PTCLM/mydatafile/CLBJ/1x1pt_CLBJ

Detailed performance metrics for this job will be available at https://metrics.hpc.arizona.edu/#job_viewer?action=show&realm=SUPREMM&resource_id=73&local_job_id=10874804 by 8am on 2024/11/29.
