/opt/ohpc/pub/apps/ncl_ncarg/6.6.2/bin/ncl
fatal: No names found, cannot describe anything.
---------------- PTCLMmkdata version PTCLM2_20200118-----------------------------

   /var/spool/slurm/d/job10486853/slurm_script --ctsm_root /home/u8/sdwilson/CTSM_SONG -s JERC -d /xdisk/chopinsong/chopinsong/CTSM_inputdata --map_gdate 240920 --crop --mydatadir=/xdisk/chopinsong/sdwilson/CTSM_sabrina/PTCLM/mydatafile/JERC 

   OPTIONS:

Site name:						JERC

Root CTSM directory:					/home/u8/sdwilson/CTSM_SONG
Root CIME directory:					/home/u8/sdwilson/CTSM_SONG/cime
** Surface data file will be built using site-level data when available unless otherwise specified ** 

	Extract PFT data from gridded files:		False
	Extract soil data from gridded files:		False

Open Site data file: /home/u8/sdwilson/CTSM_SONG/tools/PTCLM/PTCLM_sitedata/PTCLMDATA_sitedata.txt

CESM input data directory:				/xdisk/chopinsong/chopinsong/CTSM_inputdata
----------------------------------------------------------------

Write /xdisk/chopinsong/sdwilson/CTSM_sabrina/PTCLM/mydatafile/JERC/1x1pt_JERC/README.PTCLM with command line
Run command: /bin/chmod +x /xdisk/chopinsong/sdwilson/CTSM_sabrina/PTCLM/mydatafile/JERC/1x1pt_JERC/shell_commands
Making input files for the point (this may take a while if creating transient datasets)
Creating map file for a point with no ocean
lat=31.19
Run command: /home/u8/sdwilson/CTSM_SONG/tools/mkmapdata/mknoocnmap.pl -p 31.19,275.53 -name 1x1pt_JERC > /xdisk/chopinsong/sdwilson/CTSM_sabrina/PTCLM/mydatafile/JERC/1x1pt_JERC/mknoocnmap.log
mapfile = /xdisk/chopinsong/sdwilson/CTSM_sabrina/PTCLM/mydatafile/JERC/1x1pt_JERC/map_1x1pt_JERC_noocean_to_1x1pt_JERC_nomask_aave_da_240920.nc
scripgridfile = /xdisk/chopinsong/sdwilson/CTSM_sabrina/PTCLM/mydatafile/JERC/1x1pt_JERC/SCRIPgrid_1x1pt_JERC_nomask_c240920.nc
Creating data domain
Run command: /home/u8/sdwilson/CTSM_SONG/cime/tools/mapping/gen_domain_files/gen_domain -m /xdisk/chopinsong/sdwilson/CTSM_sabrina/PTCLM/mydatafile/JERC/1x1pt_JERC/map_1x1pt_JERC_noocean_to_1x1pt_JERC_nomask_aave_da_240920.nc -o navy -l 1x1pt_JERC -c 'Running gen_domain from PTCLMmkdata' > /xdisk/chopinsong/sdwilson/CTSM_sabrina/PTCLM/mydatafile/JERC/1x1pt_JERC/gen_domain.log
domainfile = domain.lnd.1x1pt_JERC_navy.240920.nc


Re-create surface dataset:	


Re-create mapping files for surface dataset:
('cmd', '/home/u8/sdwilson/CTSM_SONG/tools/mkmapdata/mkmapdata.sh --gridfile /xdisk/chopinsong/sdwilson/CTSM_sabrina/PTCLM/mydatafile/JERC/1x1pt_JERC/SCRIPgrid_1x1pt_JERC_nomask_c240920.nc --res 1x1pt_JERC --gridtype regional -v > /xdisk/chopinsong/sdwilson/CTSM_sabrina/PTCLM/mydatafile/JERC/1x1pt_JERC/mkmapdata.log')
Run command: /home/u8/sdwilson/CTSM_SONG/tools/mkmapdata/mkmapdata.sh --gridfile /xdisk/chopinsong/sdwilson/CTSM_sabrina/PTCLM/mydatafile/JERC/1x1pt_JERC/SCRIPgrid_1x1pt_JERC_nomask_c240920.nc --res 1x1pt_JERC --gridtype regional -v > /xdisk/chopinsong/sdwilson/CTSM_sabrina/PTCLM/mydatafile/JERC/1x1pt_JERC/mkmapdata.log
Replacing PFT information in surface data file
('site name is', 'site_code')
('mysite is', 'JERC')
('site name is', 'US-Blo')
('mysite is', 'JERC')
('site name is', 'US-CHATS')
('mysite is', 'JERC')
('site name is', 'US-FPe')
('mysite is', 'JERC')
('site name is', 'US-NR1')
('mysite is', 'JERC')
('site name is', 'CA-Let')
('mysite is', 'JERC')
('site name is', 'CA-Man')
('mysite is', 'JERC')
('site name is', 'BR-Sa1')
('mysite is', 'JERC')
('site name is', 'BR-Sa3')
('mysite is', 'JERC')
('site name is', 'ES-ES1')
('mysite is', 'JERC')
('site name is', 'FL-Hyy')
('mysite is', 'JERC')
('site name is', 'FL-Kaa')
('mysite is', 'JERC')
('site name is', 'IT-Col')
('mysite is', 'JERC')
('site name is', 'IT-Cpz')
('mysite is', 'JERC')
('site name is', 'DE-Tha')
('mysite is', 'JERC')
('site name is', 'US-Brw')
('mysite is', 'JERC')
('site name is', 'BE-Vie')
('mysite is', 'JERC')
('site name is', 'US-ARM')
('mysite is', 'JERC')
('site name is', 'US-Var')
('mysite is', 'JERC')
('site name is', 'US-UMB')
('mysite is', 'JERC')
('site name is', 'US-Ha1')
('mysite is', 'JERC')
('site name is', 'US-Ho1')
('mysite is', 'JERC')
('site name is', 'US-MMS')
('mysite is', 'JERC')
('site name is', 'US-Bo1')
('mysite is', 'JERC')
('site name is', 'CA-Ca1')
('mysite is', 'JERC')
('site name is', 'CA-Oas')
('mysite is', 'JERC')
('site name is', 'CA-Obs')
('mysite is', 'JERC')
('site name is', 'CA-Ojp')
('mysite is', 'JERC')
('site name is', 'CA-Qfo')
('mysite is', 'JERC')
('site name is', 'US-Me4')
('mysite is', 'JERC')
('site name is', 'US-Me2')
('mysite is', 'JERC')
('site name is', 'US-MOz')
('mysite is', 'JERC')
('site name is', 'US-WCr')
('mysite is', 'JERC')
('site name is', 'US-Dk3')
('mysite is', 'JERC')
('site name is', 'US-Dk2')
('mysite is', 'JERC')
('site name is', 'US-IB1')
('mysite is', 'JERC')
('site name is', 'US-Ne1')
('mysite is', 'JERC')
('site name is', 'US-Ne3')
('mysite is', 'JERC')
('site name is', 'TS-Ts1')
('mysite is', 'JERC')
('site name is', 'TS-Ts2')
('mysite is', 'JERC')
('site name is', 'TS-Ts3')
('mysite is', 'JERC')
('site name is', 'LTER-Sev')
('mysite is', 'JERC')
('site name is', 'RF-Bra')
('mysite is', 'JERC')
('site name is', 'LBA-Cax')
('mysite is', 'JERC')
('site name is', 'CornMus')
('mysite is', 'JERC')
('site name is', 'FtColl')
('mysite is', 'JERC')
('site name is', 'ISU')
('mysite is', 'JERC')
('site name is', 'AUR-NY')
('mysite is', 'JERC')
('site name is', 'Kent')
('mysite is', 'JERC')
('site name is', 'AMES-IA')
('mysite is', 'JERC')
('site name is', 'KIMB-ID')
('mysite is', 'JERC')
('site name is', 'BG-KY')
('mysite is', 'JERC')
('site name is', 'SP-MN')
('mysite is', 'JERC')
('site name is', 'PROS-WA')
('mysite is', 'JERC')
('site name is', 'ISU17')
('mysite is', 'JERC')
('site name is', 'BOYD')
('mysite is', 'JERC')
('site name is', 'Idaho')
('mysite is', 'JERC')
('site name is', 'ISU11')
('mysite is', 'JERC')
('site name is', 'FAY-ARK')
('mysite is', 'JERC')
('site name is', 'Flo-SC')
('mysite is', 'JERC')
('site name is', 'Tift-GA')
('mysite is', 'JERC')
('site name is', 'Bent-WA')
('mysite is', 'JERC')
('site name is', 'HA')
('mysite is', 'JERC')
('site name is', 'Kent2')
('mysite is', 'JERC')
('site name is', 'KIMB-ID2')
('mysite is', 'JERC')
('site name is', 'TU-JAP')
('mysite is', 'JERC')
('site name is', 'SHU-CITY')
('mysite is', 'JERC')
('site name is', 'LINZ-VIL')
('mysite is', 'JERC')
('site name is', 'XIAN')
('mysite is', 'JERC')
('site name is', 'EGYP')
('mysite is', 'JERC')
('site name is', 'HEA-ID')
('mysite is', 'JERC')
('site name is', 'TaianCity')
('mysite is', 'JERC')
('site name is', 'JEL-1')
('mysite is', 'JERC')
('site name is', 'JEL-2')
('mysite is', 'JERC')
('site name is', 'ABN-WA')
('mysite is', 'JERC')
('site name is', 'NAT-NEP')
('mysite is', 'JERC')
('site name is', 'THAI')
('mysite is', 'JERC')
('site name is', 'RIV-IT')
('mysite is', 'JERC')
('site name is', 'BEA-IT')
('mysite is', 'JERC')
('site name is', 'TOLGA')
('mysite is', 'JERC')
('site name is', 'QUE-CA')
('mysite is', 'JERC')
('site name is', 'QUE-CA2')
('mysite is', 'JERC')
('site name is', 'BJ')
('mysite is', 'JERC')
('site name is', 'CQ')
('mysite is', 'JERC')
('site name is', 'CW')
('mysite is', 'JERC')
('site name is', 'SY')
('mysite is', 'JERC')
('site name is', 'SQ')
('mysite is', 'JERC')
('site name is', 'TaianCity2')
('mysite is', 'JERC')
('site name is', 'ISA-PRO')
('mysite is', 'JERC')
('site name is', 'NT')
('mysite is', 'JERC')
('site name is', 'SQ2')
('mysite is', 'JERC')
('site name is', 'HN')
('mysite is', 'JERC')
('site name is', 'PESH')
('mysite is', 'JERC')
('site name is', 'HB')
('mysite is', 'JERC')
('site name is', 'SY2')
('mysite is', 'JERC')
('site name is', 'HT')
('mysite is', 'JERC')
('site name is', 'HN2')
('mysite is', 'JERC')
('site name is', 'JL2')
('mysite is', 'JERC')
('site name is', 'XIN')
('mysite is', 'JERC')
('site name is', 'AKURE')
('mysite is', 'JERC')
('site name is', 'KT2')
('mysite is', 'JERC')
('site name is', 'KAPS')
('mysite is', 'JERC')
('site name is', 'UNI-PAD')
('mysite is', 'JERC')
('site name is', 'SY3')
('mysite is', 'JERC')
('site name is', 'UNI-PAD2')
('mysite is', 'JERC')
('site name is', 'FENG')
('mysite is', 'JERC')
('site name is', 'FENG2')
('mysite is', 'JERC')
('site name is', 'ZUR')
('mysite is', 'JERC')
(fatal: No names found, cannot describe anything.

Program aborted. Backtrace:
#0  0x4126b9 in __mkgridmapmod_MOD_gridmap_mapread
	at /home/u8/sdwilson/CTSM_SONG/tools/mksurfdata_map/src/mkgridmapMod.F90:257
#1  0x425fa1 in __mkglcmecmod_MOD_mkglcmec
	at /home/u8/sdwilson/CTSM_SONG/tools/mksurfdata_map/src/mkglcmecMod.F90:258
#2  0x466bb9 in mksurfdat
	at /home/u8/sdwilson/CTSM_SONG/tools/mksurfdata_map/src/mksurfdat.F90:827
#3  0x46e7bf in main
	at /home/u8/sdwilson/CTSM_SONG/tools/mksurfdata_map/src/mksurfdat.F90:15
sh: line 1: 33046 Aborted                 (core dumped) /home/u8/sdwilson/CTSM_SONG/tools/mksurfdata_map/mksurfdata_map < surfdata_1x1pt_JERC_hist_78pfts_CMIP6_simyr2000_c240920.namelist
ERROR in mksurfdata_map: 34304
'site name is', 'HUN')
('mysite is', 'JERC')
('site name is', 'HUAN-HEY')
('mysite is', 'JERC')
('site name is', 'MAL-SLOV')
('mysite is', 'JERC')
('site name is', 'PAS-CA')
('mysite is', 'JERC')
('site name is', 'CW2')
('mysite is', 'JERC')
('site name is', 'site2')
('mysite is', 'JERC')
('site name is', 'site4')
('mysite is', 'JERC')
('site name is', 'site5')
('mysite is', 'JERC')
('site name is', 'site6')
('mysite is', 'JERC')
('site name is', 'site1')
('mysite is', 'JERC')
('site name is', 'site7')
('mysite is', 'JERC')
('site name is', 'site8')
('mysite is', 'JERC')
('site name is', 'site13')
('mysite is', 'JERC')
('site name is', 'site14')
('mysite is', 'JERC')
('site name is', 'site15')
('mysite is', 'JERC')
('site name is', 'site16')
('mysite is', 'JERC')
('site name is', 'site18')
('mysite is', 'JERC')
('site name is', 'site22')
('mysite is', 'JERC')
('site name is', 'site23')
('mysite is', 'JERC')
('site name is', 'site24')
('mysite is', 'JERC')
('site name is', 'site25')
('mysite is', 'JERC')
('site name is', 'site26')
('mysite is', 'JERC')
('site name is', 'site28')
('mysite is', 'JERC')
('site name is', 'site29')
('mysite is', 'JERC')
('site name is', 'site31')
('mysite is', 'JERC')
('site name is', 'site32')
('mysite is', 'JERC')
('site name is', 'site34')
('mysite is', 'JERC')
('site name is', 'site36')
('mysite is', 'JERC')
('site name is', 'site38')
('mysite is', 'JERC')
('site name is', 'site39')
('mysite is', 'JERC')
('site name is', 'site3')
('mysite is', 'JERC')
('site name is', 'site21')
('mysite is', 'JERC')
('site name is', 'site17')
('mysite is', 'JERC')
('site name is', 'site9')
('mysite is', 'JERC')
('site name is', 'site10')
('mysite is', 'JERC')
('site name is', 'site11')
('mysite is', 'JERC')
('site name is', 'site19')
('mysite is', 'JERC')
('site name is', 'site20')
('mysite is', 'JERC')
('site name is', 'site30')
('mysite is', 'JERC')
('site name is', 'site33')
('mysite is', 'JERC')
('site name is', 'site35')
('mysite is', 'JERC')
('site name is', 'site37')
('mysite is', 'JERC')
('site name is', 'GUAN')
('mysite is', 'JERC')
('site name is', 'WOOD')
('mysite is', 'JERC')
('site name is', 'YELL')
('mysite is', 'JERC')
('site name is', 'SRER')
('mysite is', 'JERC')
('site name is', 'TEAK')
('mysite is', 'JERC')
('site name is', 'KNOZ')
('mysite is', 'JERC')
('site name is', 'ONAQ')
('mysite is', 'JERC')
('site name is', 'HARV')
('mysite is', 'JERC')
('site name is', 'STER')
('mysite is', 'JERC')
('site name is', 'OAES')
('mysite is', 'JERC')
('site name is', 'JORN')
('mysite is', 'JERC')
('site name is', 'BLAN')
('mysite is', 'JERC')
('site name is', 'SCBI')
('mysite is', 'JERC')
('site name is', 'SERC')
('mysite is', 'JERC')
('site name is', 'DSNY')
('mysite is', 'JERC')
('site name is', 'JERC')
('mysite is', 'JERC')
('site name is', 'OSBS')
('mysite is', 'JERC')
('site name is', 'TREE')
('mysite is', 'JERC')
('site name is', 'UNDE')
('mysite is', 'JERC')
('site name is', 'KONA')
('mysite is', 'JERC')
('site name is', 'UKFS')
('mysite is', 'JERC')
('site name is', 'MLBS')
('mysite is', 'JERC')
('site name is', 'ORNL')
('mysite is', 'JERC')
('site name is', 'DCFS')
('mysite is', 'JERC')
('site name is', 'NOGP')
('mysite is', 'JERC')
('site name is', 'LENO')
('mysite is', 'JERC')
('site name is', 'TALL')
('mysite is', 'JERC')
('site name is', 'ABBY')
('mysite is', 'JERC')
('site name is', 'SOAP')
('mysite is', 'JERC')
Replacing soil information in surface data file
 sandpct=86.2 claypct=1.8
Run command: /home/u8/sdwilson/CTSM_SONG/tools/mksurfdata_map/mksurfdata.pl -res usrspec -usr_gname 1x1pt_JERC -usr_gdate 240920 -usr_mapdir /xdisk/chopinsong/sdwilson/CTSM_sabrina/PTCLM/mydatafile/JERC/1x1pt_JERC -dinlc /xdisk/chopinsong/chopinsong/CTSM_inputdata -y 2000 -soil_cly 1.8 -soil_snd 86.2 -pft_frc "[100.0]" -pft_idx "[1]" -crop  > /xdisk/chopinsong/sdwilson/CTSM_sabrina/PTCLM/mydatafile/JERC/1x1pt_JERC/mksurfdata_map.log
ERROR(/var/spool/slurm/d/job10486853/slurm_script):: Error running command: /home/u8/sdwilson/CTSM_SONG/tools/mksurfdata_map/mksurfdata.pl -res usrspec -usr_gname 1x1pt_JERC -usr_gdate 240920 -usr_mapdir /xdisk/chopinsong/sdwilson/CTSM_sabrina/PTCLM/mydatafile/JERC/1x1pt_JERC -dinlc /xdisk/chopinsong/chopinsong/CTSM_inputdata -y 2000 -soil_cly 1.8 -soil_snd 86.2 -pft_frc "[100.0]" -pft_idx "[1]" -crop  > /xdisk/chopinsong/sdwilson/CTSM_sabrina/PTCLM/mydatafile/JERC/1x1pt_JERC/mksurfdata_map.log
Detailed performance metrics for this job will be available at https://metrics.hpc.arizona.edu/#job_viewer?action=show&realm=SUPREMM&resource_id=73&local_job_id=10486853 by 8am on 2024/09/21.
