/opt/ohpc/pub/apps/ncl_ncarg/6.6.2/bin/ncl
fatal: No names found, cannot describe anything.
rm: cannot remove ‘PET*.Log’: No such file or directory
---------------- PTCLMmkdata version PTCLM2_20200118-----------------------------

   /var/spool/slurm/d/job10363224/slurm_script --ctsm_root /home/u8/sdwilson/CTSM_SONG -s YELL -d /xdisk/chopinsong/chopinsong/CTSM_inputdata --map_gdate 240904 --crop --mydatadir=/xdisk/chopinsong/sdwilson/CTSM_sabrina/PTCLM/mydatafile/YELL 

   OPTIONS:

Site name:						YELL

Root CTSM directory:					/home/u8/sdwilson/CTSM_SONG
Root CIME directory:					/home/u8/sdwilson/CTSM_SONG/cime
** Surface data file will be built using site-level data when available unless otherwise specified ** 

	Extract PFT data from gridded files:		False
	Extract soil data from gridded files:		False

Open Site data file: /home/u8/sdwilson/CTSM_SONG/tools/PTCLM/PTCLM_sitedata/PTCLMDATA_sitedata.txt

CESM input data directory:				/xdisk/chopinsong/chopinsong/CTSM_inputdata
----------------------------------------------------------------

Write /xdisk/chopinsong/sdwilson/CTSM_sabrina/PTCLM/mydatafile/YELL/1x1pt_YELL/README.PTCLM with command line
Run command: /bin/chmod +x /xdisk/chopinsong/sdwilson/CTSM_sabrina/PTCLM/mydatafile/YELL/1x1pt_YELL/shell_commands
Making input files for the point (this may take a while if creating transient datasets)
Creating map file for a point with no ocean
lat=44.95597
Run command: /home/u8/sdwilson/CTSM_SONG/tools/mkmapdata/mknoocnmap.pl -p 44.95597,249.458 -name 1x1pt_YELL > /xdisk/chopinsong/sdwilson/CTSM_sabrina/PTCLM/mydatafile/YELL/1x1pt_YELL/mknoocnmap.log
mapfile = /xdisk/chopinsong/sdwilson/CTSM_sabrina/PTCLM/mydatafile/YELL/1x1pt_YELL/map_1x1pt_YELL_noocean_to_1x1pt_YELL_nomask_aave_da_240904.nc
scripgridfile = /xdisk/chopinsong/sdwilson/CTSM_sabrina/PTCLM/mydatafile/YELL/1x1pt_YELL/SCRIPgrid_1x1pt_YELL_nomask_c240904.nc
Creating data domain
Run command: /home/u8/sdwilson/CTSM_SONG/cime/tools/mapping/gen_domain_files/gen_domain -m /xdisk/chopinsong/sdwilson/CTSM_sabrina/PTCLM/mydatafile/YELL/1x1pt_YELL/map_1x1pt_YELL_noocean_to_1x1pt_YELL_nomask_aave_da_240904.nc -o navy -l 1x1pt_YELL -c 'Running gen_domain from PTCLMmkdata' > /xdisk/chopinsong/sdwilson/CTSM_sabrina/PTCLM/mydatafile/YELL/1x1pt_YELL/gen_domain.log
domainfile = domain.lnd.1x1pt_YELL_navy.240904.nc


Re-create surface dataset:	


Re-create mapping files for surface dataset:
('cmd', '/home/u8/sdwilson/CTSM_SONG/tools/mkmapdata/mkmapdata.sh --gridfile /xdisk/chopinsong/sdwilson/CTSM_sabrina/PTCLM/mydatafile/YELL/1x1pt_YELL/SCRIPgrid_1x1pt_YELL_nomask_c240904.nc --res 1x1pt_YELL --gridtype regional -v > /xdisk/chopinsong/sdwilson/CTSM_sabrina/PTCLM/mydatafile/YELL/1x1pt_YELL/mkmapdata.log')
Run command: /home/u8/sdwilson/CTSM_SONG/tools/mkmapdata/mkmapdata.sh --gridfile /xdisk/chopinsong/sdwilson/CTSM_sabrina/PTCLM/mydatafile/YELL/1x1pt_YELL/SCRIPgrid_1x1pt_YELL_nomask_c240904.nc --res 1x1pt_YELL --gridtype regional -v > /xdisk/chopinsong/sdwilson/CTSM_sabrina/PTCLM/mydatafile/YELL/1x1pt_YELL/mkmapdata.log
Replacing PFT information in surface data file
('site name is', 'site_code')
('mysite is', 'YELL')
('site name is', 'US-Blo')
('mysite is', 'YELL')
('site name is', 'US-CHATS')
('mysite is', 'YELL')
('site name is', 'US-FPe')
('mysite is', 'YELL')
('site name is', 'US-NR1')
('mysite is', 'YELL')
('site name is', 'CA-Let')
('mysite is', 'YELL')
('site name is', 'CA-Man')
('mysite is', 'YELL')
('site name is', 'BR-Sa1')
('mysite is', 'YELL')
('site name is', 'BR-Sa3')
('mysite is', 'YELL')
('site name is', 'ES-ES1')
('mysite is', 'YELL')
('site name is', 'FL-Hyy')
('mysite is', 'YELL')
('site name is', 'FL-Kaa')
('mysite is', 'YELL')
('site name is', 'IT-Col')
('mysite is', 'YELL')
('site name is', 'IT-Cpz')
('mysite is', 'YELL')
('site name is', 'DE-Tha')
('mysite is', 'YELL')
('site name is', 'US-Brw')
('mysite is', 'YELL')
('site name is', 'BE-Vie')
('mysite is', 'YELL')
('site name is', 'US-ARM')
('mysite is', 'YELL')
('site name is', 'US-Var')
('mysite is', 'YELL')
('site name is', 'US-UMB')
('mysite is', 'YELL')
('site name is', 'US-Ha1')
('mysite is', 'YELL')
('site name is', 'US-Ho1')
('mysite is', 'YELL')
('site name is', 'US-MMS')
('mysite is', 'YELL')
('site name is', 'US-Bo1')
('mysite is', 'YELL')
('site name is', 'CA-Ca1')
('mysite is', 'YELL')
('site name is', 'CA-Oas')
('mysite is', 'YELL')
('site name is', 'CA-Obs')
('mysite is', 'YELL')
('site name is', 'CA-Ojp')
('mysite is', 'YELL')
('site name is', 'CA-Qfo')
('mysite is', 'YELL')
('site name is', 'US-Me4')
('mysite is', 'YELL')
('site name is', 'US-Me2')
('mysite is', 'YELL')
('site name is', 'US-MOz')
('mysite is', 'YELL')
('site name is', 'US-WCr')
('mysite is', 'YELL')
('site name is', 'US-Dk3')
('mysite is', 'YELL')
('site name is', 'US-Dk2')
('mysite is', 'YELL')
('site name is', 'US-IB1')
('mysite is', 'YELL')
('site name is', 'US-Ne1')
('mysite is', 'YELL')
('site name is', 'US-Ne3')
('mysite is', 'YELL')
('site name is', 'TS-Ts1')
('mysite is', 'YELL')
('site name is', 'TS-Ts2')
('mysite is', 'YELL')
('site name is', 'TS-Ts3')
('mysite is', 'YELL')
('site name is', 'LTER-Sev')
('mysite is', 'YELL')
('site name is', 'RF-Bra')
('mysite is', 'YELL')
('site name is', 'LBA-Cax')
('mysite is', 'YELL')
('site name is', 'CornMus')
('mysite is', 'YELL')
('site name is', 'FtColl')
('mysite is', 'YELL')
('site name is', 'ISU')
('mysite is', 'YELL')
('site name is', 'AUR-NY')
('mysite is', 'YELL')
('site name is', 'Kent')
('mysite is', 'YELL')
('site name is', 'AMES-IA')
('mysite is', 'YELL')
('site name is', 'KIMB-ID')
('mysite is', 'YELL')
('site name is', 'BG-KY')
('mysite is', 'YELL')
('site name is', 'SP-MN')
('mysite is', 'YELL')
('site name is', 'PROS-WA')
('mysite is', 'YELL')
('site name is', 'ISU17')
('mysite is', 'YELL')
('site name is', 'BOYD')
('mysite is', 'YELL')
('site name is', 'Idaho')
('mysite is', 'YELL')
('site name is', 'ISU11')
('mysite is', 'YELL')
('site name is', 'FAY-ARK')
('mysite is', 'YELL')
('site name is', 'Flo-SC')
('mysite is', 'YELL')
('site name is', 'Tift-GA')
('mysite is', 'YELL')
('site name is', 'Bent-WA')
('mysite is', 'YELL')
('site name is', 'HA')
('mysite is', 'YELL')
('site name is', 'Kent2')
('mysite is', 'YELL')
('site name is', 'KIMB-ID2')
('mysite is', 'YELL')
('site name is', 'TU-JAP')
('mysite is', 'YELL')
('site name is', 'SHU-CITY')
('mysite is', 'YELL')
('site name is', 'LINZ-VIL')
('mysite is', 'YELL')
('site name is', 'XIAN')
('mysite is', 'YELL')
('site name is', 'EGYP')
('mysite is', 'YELL')
('site name is', 'HEA-ID')
('mysite is', 'YELL')
('site name is', 'TaianCity')
('mysite is', 'YELL')
('site name is', 'JEL-1')
('mysite is', 'YELL')
('site name is', 'JEL-2')
('mysite is', 'YELL')
('site name is', 'ABN-WA')
('mysite is', 'YELL')
('site name is', 'NAT-NEP')
('mysite is', 'YELL')
('site name is', 'THAI')
('mysite is', 'YELL')
('site name is', 'RIV-IT')
('mysite is', 'YELL')
('site name is', 'BEA-IT')
('mysite is', 'YELL')
('site name is', 'TOLGA')
('mysite is', 'YELL')
('site name is', 'QUE-CA')
('mysite is', 'YELL')
('site name is', 'QUE-CA2')
('mysite is', 'YELL')
('site name is', 'BJ')
('mysite is', 'YELL')
('site name is', 'CQ')
('mysite is', 'YELL')
('site name is', 'CW')
('mysite is', 'YELL')
('site name is', 'SY')
('mysite is', 'YELL')
('site name is', 'SQ')
('mysite is', 'YELL')
('site name is', 'TaianCity2')
('mysite is', 'YELL')
('site name is', 'ISA-PRO')
('mysite is', 'YELL')
('site name is', 'NT')
('mysite is', 'YELL')
('site name is', 'SQ2')
('mysite is', 'YELL')
('site name is', 'HN')
('mysite is', 'YELL')
('site name is', 'PESH')
('mysite is', 'YELL')
('site name is', 'HB')
('mysite is', 'YELL')
('site name is', 'SY2')
('mysite is', 'YELL')
('site name is', 'HT')
('mysite is', 'YELL')
('site name is', 'HN2')
('mysite is', 'YELL')
('site name is', 'JL2')
('mysite is', 'YELL')
('site name is', 'XIN')
('mysite is', 'YELL')
('site name is', 'AKURE')
('mysite is', 'YELL')
('site name is', 'KT2')
('mysite is', 'YELL')
('site name is', 'KAPS')
('mysite is', 'YELL')
('site name is', 'UNI-PAD')
('mysite is', 'YELL')
('site name is', 'SY3')
('mysite is', 'YELL')
('site name is', 'UNI-PAD2')
('mysite is', 'YELL')
('site name is', 'FENG')
('mysite is', 'YELL')
('site name is', 'FENG2')
('mysite is', 'YELL')
('site name is', 'ZUR')
('mysite is', 'Yfatal: No names found, cannot describe anything.
ELL')
('site name is', 'HUN')
('mysite is', 'YELL')
('site name is', 'HUAN-HEY')
('mysite is', 'YELL')
('site name is', 'MAL-SLOV')
('mysite is', 'YELL')
('site name is', 'PAS-CA')
('mysite is', 'YELL')
('site name is', 'CW2')
('mysite is', 'YELL')
('site name is', 'site2')
('mysite is', 'YELL')
('site name is', 'site4')
('mysite is', 'YELL')
('site name is', 'site5')
('mysite is', 'YELL')
('site name is', 'site6')
('mysite is', 'YELL')
('site name is', 'site1')
('mysite is', 'YELL')
('site name is', 'site7')
('mysite is', 'YELL')
('site name is', 'site8')
('mysite is', 'YELL')
('site name is', 'site13')
('mysite is', 'YELL')
('site name is', 'site14')
('mysite is', 'YELL')
('site name is', 'site15')
('mysite is', 'YELL')
('site name is', 'site16')
('mysite is', 'YELL')
('site name is', 'site18')
('mysite is', 'YELL')
('site name is', 'site22')
('mysite is', 'YELL')
('site name is', 'site23')
('mysite is', 'YELL')
('site name is', 'site24')
('mysite is', 'YELL')
('site name is', 'site25')
('mysite is', 'YELL')
('site name is', 'site26')
('mysite is', 'YELL')
('site name is', 'site28')
('mysite is', 'YELL')
('site name is', 'site29')
('mysite is', 'YELL')
('site name is', 'site31')
('mysite is', 'YELL')
('site name is', 'site32')
('mysite is', 'YELL')
('site name is', 'site34')
('mysite is', 'YELL')
('site name is', 'site36')
('mysite is', 'YELL')
('site name is', 'site38')
('mysite is', 'YELL')
('site name is', 'site39')
('mysite is', 'YELL')
('site name is', 'site3')
('mysite is', 'YELL')
('site name is', 'site21')
('mysite is', 'YELL')
('site name is', 'site17')
('mysite is', 'YELL')
('site name is', 'site9')
('mysite is', 'YELL')
('site name is', 'site10')
('mysite is', 'YELL')
('site name is', 'site11')
('mysite is', 'YELL')
('site name is', 'site19')
('mysite is', 'YELL')
('site name is', 'site20')
('mysite is', 'YELL')
('site name is', 'site30')
('mysite is', 'YELL')
('site name is', 'site33')
('mysite is', 'YELL')
('site name is', 'site35')
('mysite is', 'YELL')
('site name is', 'site37')
('mysite is', 'YELL')
('site name is', 'GUAN')
('mysite is', 'YELL')
('site name is', 'WOOD')
('mysite is', 'YELL')
('site name is', 'YELL')
('mysite is', 'YELL')
('site name is', 'SRER')
('mysite is', 'YELL')
('site name is', 'TEAK')
('mysite is', 'YELL')
('site name is', 'KNOZ')
('mysite is', 'YELL')
('site name is', 'ONAQ')
('mysite is', 'YELL')
Replacing soil information in surface data file
 sandpct=35.9 claypct=23.0
Run command: /home/u8/sdwilson/CTSM_SONG/tools/mksurfdata_map/mksurfdata.pl -res usrspec -usr_gname 1x1pt_YELL -usr_gdate 240904 -usr_mapdir /xdisk/chopinsong/sdwilson/CTSM_sabrina/PTCLM/mydatafile/YELL/1x1pt_YELL -dinlc /xdisk/chopinsong/chopinsong/CTSM_inputdata -y 2000 -soil_cly 23.0 -soil_snd 35.9 -pft_frc "[100.0]" -pft_idx "[1]" -crop  > /xdisk/chopinsong/sdwilson/CTSM_sabrina/PTCLM/mydatafile/YELL/1x1pt_YELL/mksurfdata_map.log
surface file = /xdisk/chopinsong/sdwilson/CTSM_sabrina/PTCLM/mydatafile/YELL/1x1pt_YELL/surfdata_1x1pt_YELL_hist_78pfts_CMIP6_simyr2000_c240904.nc
surface log file = /xdisk/chopinsong/sdwilson/CTSM_sabrina/PTCLM/mydatafile/YELL/1x1pt_YELL/surfdata_1x1pt_YELL_hist_78pfts_CMIP6_simyr2000_c240904.log
datm_dir path=/xdisk/chopinsong/sdwilson/CTSM_sabrina/PTCLM/mydatafile/YELL/1x1pt_YELL/CLM1PT_data

write climate forcing data and namelist
Data created successfully in /xdisk/chopinsong/sdwilson/CTSM_sabrina/PTCLM/mydatafile/YELL/1x1pt_YELL

Detailed performance metrics for this job will be available at https://metrics.hpc.arizona.edu/#job_viewer?action=show&realm=SUPREMM&resource_id=73&local_job_id=10363224 by 8am on 2024/09/05.
