Setting Environment PNetCDF=/opt/ohpc/pub/libs/gnu8/openmpi3/pnetcdf/1.12.0
Setting Environment PNETCDF=/opt/ohpc/pub/libs/gnu8/openmpi3/pnetcdf/1.12.0
Setting Environment PNETCDF_PATH=/opt/ohpc/pub/libs/gnu8/openmpi3/pnetcdf/1.12.0
Setting Environment PNETCDF_BASE=/opt/ohpc/pub/libs/gnu8/openmpi3/pnetcdf/1.12.0
Setting Environment PNETCDF_Fortran_LIBRARY=/opt/ohpc/pub/libs/gnu8/openmpi3/pnetcdf/1.12.0/lib
Setting Environment PNETCDF_Fortran_INCLUDE_DIR=/opt/ohpc/pub/libs/gnu8/openmpi3/pnetcdf/1.12.0/include
Setting Environment OMP_STACKSIZE=256M
Setting Environment NETCDF=/opt/ohpc/pub/libs/gnu8/openmpi3/netcdf/4.7.1
Setting Environment NetCDF=/opt/ohpc/pub/libs/gnu8/openmpi3/netcdf/4.7.1
Setting Environment NETCDF_C_PATH=/opt/ohpc/pub/libs/gnu8/openmpi3/netcdf/4.7.1
Setting Environment NetCDF_C_PATH=/opt/ohpc/pub/libs/gnu8/openmpi3/netcdf/4.7.1
Setting Environment NETCDF_FORTRAN_PATH=/opt/ohpc/pub/libs/gnu8/openmpi3/netcdf-fortran/4.5.2
Setting Environment NetCDF_FORTRAN_PATH=/opt/ohpc/pub/libs/gnu8/openmpi3/netcdf-fortran/4.5.2
Setting Environment NETCDF_PATH=/opt/ohpc/pub/libs/gnu8/openmpi3/netcdf/4.7.1
Setting Environment NetCDF_PATH=/opt/ohpc/pub/libs/gnu8/openmpi3/netcdf/4.7.1
Setting Environment NETCDF_Fortran_LIBRARY=/opt/ohpc/pub/libs/gnu8/openmpi3/netcdf-fortran/4.5.2/lib
Setting Environment NETCDF_Fortran_INCLUDE_DIR=/opt/ohpc/pub/libs/gnu8/openmpi3/netcdf-fortran/4.5.2/include
Setting Environment HDF5_HOME=/opt/ohpc/pub/libs/gnu8/openmpi3/hdf5/1.10.5
Setting Environment HDF5=/opt/ohpc/pub/libs/gnu8/openmpi3/hdf5/1.10.5
Setting Environment ESMFBIN_PATH=/home/u22/chopinsong/software/esmf-8.3.0/INSTALL/bin/binO/
Setting Environment ESMFMKFLIE=/home/u22/chopinsong/software/esmf-8.3.0/INSTALL/lib/libO/Linux.gfortran.64.openmpi.default/esmf.mk
Setting resource.RLIMIT_STACK to -1 from (-1, -1)
Generating namelists for /home/u8/sdwilson/CTSM_SONG/case_run/EFC/1x1pt_site10/1x1_control_hist
Creating component namelists
  2024-08-21 13:29:45 atm 
   Calling /home/u8/sdwilson/CTSM_SONG/cime/src/components/data_comps_mct/datm/cime_config/buildnml
  2024-08-21 13:29:45 lnd 
   Calling /home/u8/sdwilson/CTSM_SONG/cime_config/buildnml
  2024-08-21 13:29:45 ice 
   Calling /home/u8/sdwilson/CTSM_SONG/cime/src/components/stub_comps_mct/sice/cime_config/buildnml
  2024-08-21 13:29:45 ocn 
   Calling /home/u8/sdwilson/CTSM_SONG/cime/src/components/stub_comps_mct/socn/cime_config/buildnml
  2024-08-21 13:29:45 rof 
   Calling /home/u8/sdwilson/CTSM_SONG/cime/src/components/stub_comps_mct/srof/cime_config/buildnml
  2024-08-21 13:29:45 glc 
   Calling /home/u8/sdwilson/CTSM_SONG/cime/src/components/stub_comps_mct/sglc/cime_config/buildnml
  2024-08-21 13:29:45 wav 
   Calling /home/u8/sdwilson/CTSM_SONG/cime/src/components/stub_comps_mct/swav/cime_config/buildnml
  2024-08-21 13:29:45 iac 
   Running /home/u8/sdwilson/CTSM_SONG/cime/src/components/stub_comps_mct/siac/cime_config/buildnml 
  2024-08-21 13:29:45 esp 
   Calling /home/u8/sdwilson/CTSM_SONG/cime/src/components/stub_comps_mct/sesp/cime_config/buildnml
  2024-08-21 13:29:45 cpl 
   Calling /home/u8/sdwilson/CTSM_SONG/cime/src/drivers/mct/cime_config/buildnml
-------------------------------------------------------------------------
 - Prestage required restarts into /xdisk/chopinsong/sdwilson/CTSM_sabrina/EFC/1x1pt_site10/control/1x1_control_hist/run
 - Case input data directory (DIN_LOC_ROOT) is /xdisk/chopinsong/chopinsong/CTSM_inputdata 
 - Checking for required input datasets in DIN_LOC_ROOT
-------------------------------------------------------------------------
run command is /usr/bin/time -o mpit_prog.timing mpirun  -np 1 /xdisk/chopinsong/sdwilson/CTSM_sabrina/EFC/1x1pt_site10/control/1x1_control_hist/bld/cesm.exe   >> cesm.log.$LID 2>&1  
check for resubmit
Detailed performance metrics for this job will be available at https://metrics.hpc.arizona.edu/#job_viewer?action=show&realm=SUPREMM&resource_id=73&local_job_id=10271994 by 8am on 2024/08/22.
