Building case in directory /home/u8/sdwilson/CTSM_SONG/case_run/EFC/1x1pt_site9/1x1_control_spinup
sharedlib_only is False
model_only is False
Setting Environment PNetCDF=/opt/ohpc/pub/libs/gnu8/openmpi3/pnetcdf/1.12.0
Setting Environment PNETCDF=/opt/ohpc/pub/libs/gnu8/openmpi3/pnetcdf/1.12.0
Setting Environment PNETCDF_PATH=/opt/ohpc/pub/libs/gnu8/openmpi3/pnetcdf/1.12.0
Setting Environment PNETCDF_BASE=/opt/ohpc/pub/libs/gnu8/openmpi3/pnetcdf/1.12.0
Setting Environment PNETCDF_Fortran_LIBRARY=/opt/ohpc/pub/libs/gnu8/openmpi3/pnetcdf/1.12.0/lib
Setting Environment PNETCDF_Fortran_INCLUDE_DIR=/opt/ohpc/pub/libs/gnu8/openmpi3/pnetcdf/1.12.0/include
Setting Environment OMP_STACKSIZE=256M
Setting Environment NETCDF=/opt/ohpc/pub/libs/gnu8/openmpi3/netcdf/4.7.1
Setting Environment NetCDF=/opt/ohpc/pub/libs/gnu8/openmpi3/netcdf/4.7.1
Setting Environment NETCDF_C_PATH=/opt/ohpc/pub/libs/gnu8/openmpi3/netcdf/4.7.1
Setting Environment NetCDF_C_PATH=/opt/ohpc/pub/libs/gnu8/openmpi3/netcdf/4.7.1
Setting Environment NETCDF_FORTRAN_PATH=/opt/ohpc/pub/libs/gnu8/openmpi3/netcdf-fortran/4.5.2
Setting Environment NetCDF_FORTRAN_PATH=/opt/ohpc/pub/libs/gnu8/openmpi3/netcdf-fortran/4.5.2
Setting Environment NETCDF_PATH=/opt/ohpc/pub/libs/gnu8/openmpi3/netcdf/4.7.1
Setting Environment NetCDF_PATH=/opt/ohpc/pub/libs/gnu8/openmpi3/netcdf/4.7.1
Setting Environment NETCDF_Fortran_LIBRARY=/opt/ohpc/pub/libs/gnu8/openmpi3/netcdf-fortran/4.5.2/lib
Setting Environment NETCDF_Fortran_INCLUDE_DIR=/opt/ohpc/pub/libs/gnu8/openmpi3/netcdf-fortran/4.5.2/include
Setting Environment HDF5_HOME=/opt/ohpc/pub/libs/gnu8/openmpi3/hdf5/1.10.5
Setting Environment HDF5=/opt/ohpc/pub/libs/gnu8/openmpi3/hdf5/1.10.5
Setting Environment ESMFBIN_PATH=/home/u22/chopinsong/software/esmf-8.3.0/INSTALL/bin/binO/
Setting Environment ESMFMKFLIE=/home/u22/chopinsong/software/esmf-8.3.0/INSTALL/lib/libO/Linux.gfortran.64.openmpi.default/esmf.mk
Setting resource.RLIMIT_STACK to -1 from (-1, -1)
Generating component namelists as part of build
Creating component namelists
  2024-06-10 18:10:14 atm 
   Calling /home/u8/sdwilson/CTSM_SONG/cime/src/components/data_comps_mct/datm/cime_config/buildnml
  2024-06-10 18:10:14 lnd 
   Calling /home/u8/sdwilson/CTSM_SONG/cime_config/buildnml
  2024-06-10 18:10:15 ice 
   Calling /home/u8/sdwilson/CTSM_SONG/cime/src/components/stub_comps_mct/sice/cime_config/buildnml
  2024-06-10 18:10:15 ocn 
   Calling /home/u8/sdwilson/CTSM_SONG/cime/src/components/stub_comps_mct/socn/cime_config/buildnml
  2024-06-10 18:10:15 rof 
   Calling /home/u8/sdwilson/CTSM_SONG/cime/src/components/stub_comps_mct/srof/cime_config/buildnml
  2024-06-10 18:10:15 glc 
   Calling /home/u8/sdwilson/CTSM_SONG/cime/src/components/stub_comps_mct/sglc/cime_config/buildnml
  2024-06-10 18:10:15 wav 
   Calling /home/u8/sdwilson/CTSM_SONG/cime/src/components/stub_comps_mct/swav/cime_config/buildnml
  2024-06-10 18:10:15 iac 
   Running /home/u8/sdwilson/CTSM_SONG/cime/src/components/stub_comps_mct/siac/cime_config/buildnml 
  2024-06-10 18:10:15 esp 
   Calling /home/u8/sdwilson/CTSM_SONG/cime/src/components/stub_comps_mct/sesp/cime_config/buildnml
  2024-06-10 18:10:15 cpl 
   Calling /home/u8/sdwilson/CTSM_SONG/cime/src/drivers/mct/cime_config/buildnml
Building gptl with output to file /xdisk/chopinsong/sdwilson/CTSM_sabrina/EFC/1x1pt_site9/control/1x1_control_spinup/bld/gptl.bldlog.240610-181014
   Calling /home/u8/sdwilson/CTSM_SONG/cime/src/build_scripts/buildlib.gptl
Component gptl build complete with 18 warnings
Building mct with output to file /xdisk/chopinsong/sdwilson/CTSM_sabrina/EFC/1x1pt_site9/control/1x1_control_spinup/bld/mct.bldlog.240610-181014
   Calling /home/u8/sdwilson/CTSM_SONG/cime/src/build_scripts/buildlib.mct
Component mct build complete with 4304 warnings
Building pio with output to file /xdisk/chopinsong/sdwilson/CTSM_sabrina/EFC/1x1pt_site9/control/1x1_control_spinup/bld/pio.bldlog.240610-181014
   Calling /home/u8/sdwilson/CTSM_SONG/cime/src/build_scripts/buildlib.pio
Component pio build complete with 505 warnings
Building csm_share with output to file /xdisk/chopinsong/sdwilson/CTSM_sabrina/EFC/1x1pt_site9/control/1x1_control_spinup/bld/csm_share.bldlog.240610-181014
   Calling /home/u8/sdwilson/CTSM_SONG/cime/src/build_scripts/buildlib.csm_share
Component csm_share build complete with 254 warnings
         - Building clm library 
Building lnd with output to /xdisk/chopinsong/sdwilson/CTSM_sabrina/EFC/1x1pt_site9/control/1x1_control_spinup/bld/lnd.bldlog.240610-181014
Component lnd build complete with 2441 warnings
clm built in 217.306065 seconds
         - Building atm Library 
Building atm with output to /xdisk/chopinsong/sdwilson/CTSM_sabrina/EFC/1x1pt_site9/control/1x1_control_spinup/bld/atm.bldlog.240610-181014
         - Building ice Library 
Building ice with output to /xdisk/chopinsong/sdwilson/CTSM_sabrina/EFC/1x1pt_site9/control/1x1_control_spinup/bld/ice.bldlog.240610-181014
         - Building ocn Library 
Building ocn with output to /xdisk/chopinsong/sdwilson/CTSM_sabrina/EFC/1x1pt_site9/control/1x1_control_spinup/bld/ocn.bldlog.240610-181014
         - Building rof Library 
Building rof with output to /xdisk/chopinsong/sdwilson/CTSM_sabrina/EFC/1x1pt_site9/control/1x1_control_spinup/bld/rof.bldlog.240610-181014
         - Building glc Library 
Building glc with output to /xdisk/chopinsong/sdwilson/CTSM_sabrina/EFC/1x1pt_site9/control/1x1_control_spinup/bld/glc.bldlog.240610-181014
         - Building wav Library 
Building wav with output to /xdisk/chopinsong/sdwilson/CTSM_sabrina/EFC/1x1pt_site9/control/1x1_control_spinup/bld/wav.bldlog.240610-181014
         - Building iac Library 
Building iac with output to /xdisk/chopinsong/sdwilson/CTSM_sabrina/EFC/1x1pt_site9/control/1x1_control_spinup/bld/iac.bldlog.240610-181014
         - Building esp Library 
Building esp with output to /xdisk/chopinsong/sdwilson/CTSM_sabrina/EFC/1x1pt_site9/control/1x1_control_spinup/bld/esp.bldlog.240610-181014
Component wav build complete with 12 warnings
Component glc build complete with 12 warnings
Component iac build complete with 12 warnings
swav built in 2.578089 seconds
sglc built in 2.581551 seconds
siac built in 2.580199 seconds
Component ocn build complete with 12 warnings
Component rof build complete with 12 warnings
socn built in 2.642112 seconds
srof built in 2.646184 seconds
Component esp build complete with 12 warnings
sesp built in 2.668062 seconds
Component ice build complete with 12 warnings
sice built in 2.682281 seconds
Component atm build complete with 6 warnings
datm built in 3.872138 seconds
Building cesm from /home/u8/sdwilson/CTSM_SONG/cime/src/drivers/mct/cime_config/buildexe with output to /xdisk/chopinsong/sdwilson/CTSM_sabrina/EFC/1x1pt_site9/control/1x1_control_spinup/bld/cesm.bldlog.240610-181014 
Component cesm exe build complete with 112 warnings
Time spent not building: 1.976831 sec
Time spent building: 309.202615 sec
MODEL BUILD HAS FINISHED SUCCESSFULLY
